node   1  (   0,    0) (   0,    0) (   0,    0) (   0,    0) (   0,    0) (   0,    0) (   0,    0) (   0,    0) (   0,    0) (   0,    0)
          (   0,    0) (   0,    0) (   0,    0) (   0,    0) (   0,    0) (   0,    0) (   0,    0) (   0,    0) (   0,    0) (   0,    0)
          (   0,    0) (   0,    0) (   0,    0) (   0,    0) (   0,    0) (   0,    0) (   0,    0) (   0,    0) (   0,    0) (   0,    0)
          (   0,    0) (   0,    0) (   0,    0) (   0,    0) (   0,    0) (   0,    0) (   0,    0) (   0,    0) (   0,    0) (   0,    0)
          (   0,    0) (   0,    0) (   0,    0) (   0,    0) (   0,    0) (   0,    0) (   0,    0) (   0,    0) (   0,    0) (   0,    0)
          (   0,    0) (   0,    0) (   0,    0) (   0,    0) (   0,    0) (   0,    0) (   0,    0) (   0,    0) (   0,    0) (   0,    0)
          (   0,    0) (   0,    0) (   0,    0) (   0,    0) (   0,    0) (   0,    0) (   0,    0) (   0,    0) (   0,    0) (   0,    0)
          (   0,    0) (   0,    0) (   0,    0) (   0,    0) (   0,    0) (   0,    0) (   0,    0) (   0,    0) (   0,    0) (   0,    0)
          (   0,    0) (   0,    0) (   0,    0) (   0,    0) (   0,    0) (   0,    0) (   0,    0) (   0,    0) (   0,    0) (   0,    0)
          (   0,    0) (   0,    0) (   0,    0) (   0,    0) (   0,    0) (   0,    0) (   0,    0) (   0,    0) (   0,    0) (   0,    0)
          (  39,    0) (  15,   15) (   0,   39) (   0,    0) (   0,    0) (   0,    0) (   0,    0) (   0,    0) (   0,    0) (   0,    0)
          (   0,    0) (   0,    0) (   0,    0) (   0,    0) (   0,    0) (   0,    0) (   0,    0) (   0,    0) (   0,    0) (   0,    0)
          (   0,    0) (   0,    0) (   0,    0) (   0,    0) (   0,    0) (   0,    0) (   0,    0) (   0,    0) (   0,    0) (   0,    0)
          (   0,    0) (   0,    0) (   0,    0) (   0,    0) (   0,    0) (   0,    0) (   0,    0) (   0,    0) (   0,    0) (   0,    0)
          (   0,    0) (   0,    0) (   0,    0) (   0,    0) (   0,    0) (   0,    0) (   0,    0) (   0,    0) (   0,    0) (   0,    0)
          (   0,    0) (   0,    0) (   0,    0) (   0,    0) (   0,    0) (   0,    0) (   0,    0) (   0,    0) (   0,    0) (   0,    0)
          (   0,    0) (   0,    0) (   0,    0) (   0,    0) (   0,    0) (   0,    0) (   0,    0) (   0,    0) (   0,    0) (   0,    0)
          (   0,    0) (   0,    0) (   0,    0) (   0,    0) (   0,    0) (   0,    0) (   0,    0) (   0,    0) (   0,    0) (   0,    0)
          (   0,    0) (   0,    0) (   0,    0) (   0,    0) (   0,    0) (   0,    0) (   0,    0) (   0,    0) (   0,    0) (   0,    0)
          (   0,    0) (   0,    0) (   0,    0) (   0,    0) (   0,    0) (   0,    0) (   0,    0) (   0,    0) (   0,    0) (  26,   26)
          (  72,   24) (  94,   94) (   2,    2) (  94,   94) (   2,    2) (  94,   94) (   2,    2) (  94,   94) (   2,    2) (  94,   94)
          (   2,    2) (  94,   94) (   2,    2) (  94,   94) (   2,    2) (  94,   94) (   2,    2) (  94,   94) (   2,    2) (  94,   94)
          (   2,    2) (  94,   94) (   2,    2) (  94,   94) (   2,    2) (  97,   94) (   2,    2) (  72,   51) (   2,    2) (  72,   50)
          (   2,    2) (  72,   50) (   2,    2) (  72,   50) (   2,    2) (  72,   50) (   2,    2) (  72,   50) (   2,    2) (  72,   50)
          (   2,    2) (  72,   50) (   2,    2) (  72,   50) (   2,    2) (  72,   50) (   2,    2) (  72,   50) (   2,    2) (  74,   52)
          (  93,   45) ( 170,  148) (  43,   43) ( 170,  170) (  43,   43) ( 170,  170) (  43,   43) ( 170,  170) (  43,   43) ( 170,  170)
          (  43,   43) ( 170,  170) (  43,   43) ( 170,  170) (  43,   43) ( 170,  170) (  43,   43) ( 170,  170) (  43,   43) ( 170,  170)
          (  43,   43) ( 170,  170) (  43,   43) ( 170,  170) (  43,   43) ( 170,  170) (  44,   44) ( 170,  170) (  43,   43) ( 170,  170)
          (  43,   43) ( 170,  170) (  43,   43) ( 170,  170) (  43,   43) ( 170,  170) (  45,   45) ( 168,  120) (  39,   39) ( 168,  120)
          (  39,   39) ( 168,  120) (  39,   39) ( 168,  120) (  39,   39) ( 168,  120) (  39,   39) ( 168,  120) (  39,   39) ( 168,  120)
          (  39,   39) ( 168,  120) (  39,   39) ( 168,  120) (  39,   39) ( 168,  120) (  39,   39) ( 264,  120) ( 183,  183) ( 255,  255)
          ( 144,  144) ( 255,  255) ( 144,  144) ( 255,  255) ( 144,  144) ( 255,  255) ( 144,  144) ( 255,  255) ( 144,  144) ( 255,  255)
          ( 144,  144) ( 255,  255) ( 144,  144) ( 255,  255) ( 144,  144) ( 255,  255) ( 144,  144) ( 255,  255) ( 144,  144) ( 255,  255)
          ( 144,  144) ( 255,  255) ( 144,  144) ( 255,  255) ( 144,  144) ( 255,  255) ( 144,  144) ( 255,  255) ( 144,  144) ( 255,  255)
          ( 144,  144) ( 255,  255) ( 144,  144) ( 255,  255) ( 144,  144) ( 255,  255) ( 144,  144) ( 255,  255) ( 144,  144) ( 255,  255)
          ( 144,  144) ( 255,  255) ( 144,  144) ( 255,  255) ( 144,  144) ( 255,  255) ( 144,  144) ( 255,  255) ( 144,  144) ( 255,  255)
          ( 144,  144) ( 255,  255) ( 144,  144) ( 255,  255) ( 144,  144) ( 255,  255) ( 144,  144) ( 255,  255) ( 144,  144) ( 255,  255)
          ( 144,  144) ( 255,  255) ( 144,  144) ( 255,  255) ( 144,  144) ( 255,  255) ( 144,  144) ( 255,  255) ( 144,  144) ( 255,  255)
          ( 144,  144) ( 255,  255) ( 144,  144) ( 255,  255) ( 144,  144) ( 255,  255) ( 144,  144) ( 255,  255) ( 144,  144) ( 255,  255)
          ( 144,  144) ( 255,  255) ( 144,  144) ( 255,  255) ( 144,  144) ( 255,  255) ( 144,  144) ( 255,  255) ( 144,  144) ( 255,  255)
          ( 144,  144) ( 255,  255) ( 144,  144) ( 255,  255) ( 144,  144) ( 255,  255) ( 144,  144) ( 255,  255) ( 144,  144) ( 255,  255)
          ( 144,  144) ( 255,  255) ( 144,  144) ( 255,  255) ( 144,  144) ( 255,  255) ( 144,  144) ( 255,  255) ( 144,  144) ( 255,  255)
          ( 144,  144) ( 255,  255) ( 144,  144) ( 255,  255) ( 144,  144) ( 255,  255) ( 144,  144) ( 255,  255) ( 144,  144) ( 255,  255)
          ( 144,  144) ( 255,  255) ( 144,  144) ( 255,  255) ( 144,  144) ( 255,  255) ( 144,  144) ( 255,  255) ( 144,  144) ( 255,  255)
          ( 144,  144) ( 255,  255) ( 144,  144) ( 255,  255) ( 144,  144) ( 255,  255) ( 144,  144) ( 255,  255) ( 144,  144) ( 255,  255)
          ( 144,  144) ( 255,  255) ( 144,  144) ( 255,  255) ( 144,  144) ( 255,  255) ( 144,  144) ( 255,  255) ( 144,  144) ( 255,  255)
          ( 144,  144) ( 255,  255) ( 144,  144) ( 255,  255) ( 144,  144) ( 255,  255) ( 144,  144) ( 255,  255) ( 144,  144) ( 255,  255)
          ( 144,  144) ( 255,  255) ( 144,  144) ( 255,  255) ( 144,  144) ( 255,  255) ( 144,  144) ( 255,  255) ( 144,  144) ( 255,  255)
          ( 144,  144) ( 255,  255) ( 144,  144) ( 255,  255) ( 144,  144) ( 255,  255) ( 144,  144) ( 255,  255) ( 144,  144) ( 255,  255)
          ( 144,  144) ( 255,  255) ( 144,  144) ( 255,  255) ( 144,  144) ( 255,  255) ( 144,  144) ( 255,  255) ( 144,  144) ( 255,  255)
          ( 144,  144) ( 255,  255) ( 144,  144) ( 255,  255) ( 144,  144) ( 255,  255) ( 144,  144) ( 255,  255) ( 144,  144) ( 255,  255)
          ( 144,  144) ( 255,  255) ( 144,  144) ( 255,  255) ( 144,  144) ( 255,  255) ( 144,  144) ( 255,  255) ( 144,  144) ( 255,  255)
          ( 144,  144) ( 255,  255) ( 144,  144) ( 255,  255) ( 144,  144) ( 255,  255) ( 144,  144) ( 255,  255) ( 144,  144) ( 255,  255)
          ( 144,  144) ( 255,  255) ( 144,  144) ( 255,  255) ( 144,  144) ( 255,  255) ( 144,  144) ( 255,  255) ( 144,  144) ( 255,  255)
          ( 144,  144) ( 255,  255) ( 144,  144) ( 255,  255) ( 144,  144) ( 255,  255) ( 144,  144) ( 255,  255) ( 144,  144) ( 255,  255)
          ( 144,  144) ( 255,  255) ( 144,  144) ( 255,  255) ( 144,  144) ( 255,  255) ( 144,  144) ( 255,  255) ( 144,  144) ( 255,  255)
          ( 144,  144) ( 255,  255) ( 144,  144) ( 255,  255) ( 144,  144) ( 255,  255) ( 144,  144) ( 255,  255) ( 144,  144) ( 255,  255)
          ( 144,  144) ( 255,  255) ( 144,  144) ( 255,  255) ( 144,  144) ( 255,  255) ( 144,  144) ( 255,  255) ( 144,  144) ( 255,  255)
          ( 144,  144) ( 255,  255) ( 144,  144) ( 255,  255) ( 144,  144) ( 255,  255) ( 144,  144) ( 255,  255) ( 144,  144) ( 255,  255)
          ( 144,  144) ( 255,  255) ( 144,  144) ( 255,  255) ( 144,  144) ( 255,  255) ( 144,  144) ( 255,  255) ( 144,  144) ( 255,  255)
          ( 144,  144) ( 255,  255) ( 144,  144) ( 255,  255) ( 144,  144) ( 255,  255) ( 144,  144) ( 255,  255) ( 144,  144) ( 255,  255)
          ( 144,  144) ( 255,  255) ( 144,  144) ( 255,  255) ( 144,  144) ( 255,  255) ( 144,  144) ( 255,  255) ( 144,  144) ( 255,  255)
          ( 144,  144) ( 255,  255) ( 144,  144) ( 255,  255) ( 144,  144) ( 255,  255) ( 144,  144) ( 255,  255) ( 144,  144) ( 255,  255)
          ( 144,  144) ( 255,  255) ( 144,  144) ( 255,  255) ( 144,  144) ( 255,  255) ( 144,  144) ( 255,  255) ( 144,  144) ( 255,  255)
          ( 144,  144) ( 255,  255) ( 144,  144) ( 255,  255) ( 144,  144) ( 255,  255) ( 144,  144) ( 255,  255) ( 144,  144) ( 255,  255)
          ( 144,  144) ( 255,  255) ( 144,  144) ( 255,  255) ( 144,  144) ( 255,  255) ( 144,  144) ( 255,  255) ( 144,  144) ( 255,  255)
          ( 144,  144) ( 255,  255) ( 144,  144) ( 255,  255) ( 144,  144) ( 255,  255) ( 144,  144) ( 255,  255) ( 144,  144) ( 255,  255)
          ( 144,  144) ( 255,  255) ( 144,  144) ( 255,  255) ( 144,  144) ( 255,  255) ( 144,  144) ( 255,  255) ( 144,  144) ( 255,  255)
          ( 144,  144) ( 255,  255) ( 144,  144) ( 255,  255) ( 144,  144) ( 255,  255) ( 144,  144) ( 255,  255) ( 144,  144) ( 255,  255)
          ( 144,  144) ( 255,  255) ( 144,  144) ( 255,  255) ( 144,  144) ( 255,  255) ( 144,  144) ( 255,  255) ( 144,  144) ( 255,  255)
         
node   1 sent_total  86798  recv_total  85790

node   2  (   0,    0) (   0,    0) (   0,    0) (   0,    0) (   0,    0) (   0,    0) (   0,    0) (   0,    0) (   0,    0) (   0,    0)
          (   0,    0) (   0,    0) (   0,    0) (   0,    0) (   0,    0) (   0,    0) (   0,    0) (   0,    0) (   0,    0) (   0,    0)
          (   0,    0) (   0,    0) (   0,    0) (   0,    0) (   0,    0) (   0,    0) (   0,    0) (   0,    0) (   0,    0) (   0,    0)
          (   0,    0) (   0,    0) (   0,    0) (   0,    0) (   0,    0) (   0,    0) (   0,    0) (   0,    0) (   0,    0) (   0,    0)
          (   0,    0) (   0,    0) (   0,    0) (   0,    0) (   0,    0) (   0,    0) (   0,    0) (   0,    0) (   0,    0) (   0,    0)
          (   0,    0) (   0,    0) (   0,    0) (   0,    0) (   0,    0) (   0,    0) (   0,    0) (   0,    0) (   0,    0) (   0,    0)
          (   0,    0) (   0,    0) (   0,    0) (   0,    0) (   0,    0) (   0,    0) (   0,    0) (   0,    0) (   0,    0) (   0,    0)
          (   0,    0) (   0,    0) (   0,    0) (   0,    0) (   0,    0) (   0,    0) (   0,    0) (   0,    0) (   0,    0) (   0,    0)
          (   0,    0) (   0,    0) (   0,    0) (   0,    0) (   0,    0) (   0,    0) (   0,    0) (   0,    0) (   0,    0) (   0,    0)
          (   0,    0) (   0,    0) (   0,    0) (   0,    0) (   0,    0) (   0,    0) (   0,    0) (   0,    0) (   0,    0) (   0,    0)
          (  27,    0) (   5,    5) (   0,   27) (   0,    0) (   0,    0) (   0,    0) (   0,    0) (   0,    0) (   0,    0) (   0,    0)
          (   0,    0) (   0,    0) (   0,    0) (   0,    0) (   0,    0) (   0,    0) (   0,    0) (   0,    0) (   0,    0) (   0,    0)
          (   0,    0) (   0,    0) (   0,    0) (   0,    0) (   0,    0) (   0,    0) (   0,    0) (   0,    0) (   0,    0) (   0,    0)
          (   0,    0) (   0,    0) (   0,    0) (   0,    0) (   0,    0) (   0,    0) (   0,    0) (   0,    0) (   0,    0) (   0,    0)
          (   0,    0) (   0,    0) (   0,    0) (   0,    0) (   0,    0) (   0,    0) (   0,    0) (   0,    0) (   0,    0) (   0,    0)
          (   0,    0) (   0,    0) (   0,    0) (   0,    0) (   0,    0) (   0,    0) (   0,    0) (   0,    0) (   0,    0) (   0,    0)
          (   0,    0) (   0,    0) (   0,    0) (   0,    0) (   0,    0) (   0,    0) (   0,    0) (   0,    0) (   0,    0) (   0,    0)
          (   0,    0) (   0,    0) (   0,    0) (   0,    0) (   0,    0) (   0,    0) (   0,    0) (   0,    0) (   0,    0) (   0,    0)
          (   0,    0) (   0,    0) (   0,    0) (   0,    0) (   0,    0) (   0,    0) (   0,    0) (   0,    0) (   0,    0) (   0,    0)
          (   0,    0) (   0,    0) (   0,    0) (   0,    0) (   0,    0) (   0,    0) (   0,    0) (   0,    0) (  16,    6) (  15,   13)
          (   5,    7) (  15,   15) (   5,    5) (  15,   15) (   5,    5) (  15,   15) (   5,    5) (  15,   15) (   5,    5) (  15,   15)
          (   5,    5) (  15,   15) (   5,    5) (  15,   15) (   5,    5) (  15,   15) (   5,    5) (  15,   15) (   5,    5) (  15,   15)
          (   5,    5) (  15,   15) (   5,    5) (  15,   15) (   5,    5) (  15,   15) (   5,    5) (  15,   15) (   5,    5) (  15,   15)
          (   5,    5) (  15,   15) (   5,    5) (  15,   15) (   5,    5) (  15,   15) (   5,    5) (  15,   15) (   5,    5) (  15,   15)
          (   5,    5) (  15,   15) (   5,    5) (  15,   15) (   5,    5) (  15,   15) (   5,    5) (  15,   15) (  18,    8) (  38,   26)
          (  44,   44) (  92,   94) ( 109,  109) (  89,   89) ( 109,  109) (  89,   89) ( 109,  109) (  89,   89) ( 109,  109) (  89,   89)
          ( 109,  109) (  89,   89) ( 109,  109) (  89,   89) ( 109,  109) (  89,   89) ( 109,  109) (  89,   89) ( 109,  109) (  89,   89)
          ( 109,  109) (  89,   89) ( 109,  109) (  89,   89) ( 109,  109) (  92,   89) ( 109,  109) (  89,   92) ( 109,  109) (  89,   89)
          ( 109,  109) (  89,   89) ( 109,  109) (  89,   89) ( 109,  109) (  89,   89) (   0,    0) (   0,    0) (   0,    0) (   0,    0)
          (   0,    0) (   0,    0) (   0,    0) (   0,    0) (   0,    0) (   0,    0) (   0,    0) (   0,    0) (   0,    0) (   0,    0)
          (   0,    0) (   0,    0) (   0,    0) (   0,    0) (   0,    0) (   0,    0) (   0,    0) (   0,    0) (   0,    0) (   0,    0)
          (   0,    0) (   0,    0) (   0,    0) (   0,    0) (   0,    0) (   0,    0) (   0,    0) (   0,    0) (   0,    0) (   0,    0)
          (   0,    0) (   0,    0) (   0,    0) (   0,    0) (   0,    0) (   0,    0) (   0,    0) (   0,    0) (   0,    0) (   0,    0)
          (   0,    0) (   0,    0) (   0,    0) (   0,    0) (   0,    0) (   0,    0) (   0,    0) (   0,    0) (   0,    0) (   0,    0)
          (   0,    0) (   0,    0) (   0,    0) (   0,    0) (   0,    0) (   0,    0) (   0,    0) (   0,    0) (   0,    0) (   0,    0)
          (   0,    0) (   0,    0) (   0,    0) (   0,    0) (   0,    0) (   0,    0) (   0,    0) (   0,    0) (   0,    0) (   0,    0)
          (   0,    0) (   0,    0) (   0,    0) (   0,    0) (   0,    0) (   0,    0) (   0,    0) (   0,    0) (   0,    0) (   0,    0)
          (   0,    0) (   0,    0) (   0,    0) (   0,    0) (   0,    0) (   0,    0) (   0,    0) (   0,    0) (   0,    0) (   0,    0)
          (   0,    0) (   0,    0) (   0,    0) (   0,    0) (   0,    0) (   0,    0) (   0,    0) (   0,    0) (   0,    0) (   0,    0)
          (   0,    0) (   0,    0) (   0,    0) (   0,    0) (   0,    0) (   0,    0) (   0,    0) (   0,    0) (   0,    0) (   0,    0)
          (   0,    0) (   0,    0) (   0,    0) (   0,    0) (   0,    0) (   0,    0) (   0,    0) (   0,    0) (   0,    0) (   0,    0)
          (   0,    0) (   0,    0) (   0,    0) (   0,    0) (   0,    0) (   0,    0) (   0,    0) (   0,    0) (   0,    0) (   0,    0)
          (   0,    0) (   0,    0) (   0,    0) (   0,    0) (   0,    0) (   0,    0) (   0,    0) (   0,    0) (   0,    0) (   0,    0)
          (   0,    0) (   0,    0) (   0,    0) (   0,    0) (   0,    0) (   0,    0) (   0,    0) (   0,    0) (   0,    0) (   0,    0)
          (   0,    0) (   0,    0) (   0,    0) (   0,    0) (   0,    0) (   0,    0) (   0,    0) (   0,    0) (   0,    0) (   0,    0)
          (   0,    0) (   0,    0) (   0,    0) (   0,    0) (   0,    0) (   0,    0) (   0,    0) (   0,    0) (   0,    0) (   0,    0)
          (   0,    0) (   0,    0) (   0,    0) (   0,    0) (   0,    0) (   0,    0) (   0,    0) (   0,    0) (   0,    0) (   0,    0)
          (   0,    0) (   0,    0) (   0,    0) (   0,    0) (   0,    0) (   0,    0) (   0,    0) (   0,    0) (   0,    0) (   0,    0)
          (   0,    0) (   0,    0) (   0,    0) (   0,    0) (   0,    0) (   0,    0) (   0,    0) (   0,    0) (   0,    0) (   0,    0)
          (   0,    0) (   0,    0) (   0,    0) (   0,    0) (   0,    0) (   0,    0) (   0,    0) (   0,    0) (   0,    0) (   0,    0)
          (   0,    0) (   0,    0) (   0,    0) (   0,    0) (   0,    0) (   0,    0) (   0,    0) (   0,    0) (   0,    0) (   0,    0)
          (   0,    0) (   0,    0) (   0,    0) (   0,    0) (   0,    0) (   0,    0) (   0,    0) (   0,    0) (   0,    0) (   0,    0)
          (   0,    0) (   0,    0) (   0,    0) (   0,    0) (   0,    0) (   0,    0) (   0,    0) (   0,    0) (   0,    0) (   0,    0)
          (   0,    0) (   0,    0) (   0,    0) (   0,    0) (   0,    0) (   0,    0) (   0,    0) (   0,    0) (   0,    0) (   0,    0)
          (   0,    0) (   0,    0) (   0,    0) (   0,    0) (   0,    0) (   0,    0) (   0,    0) (   0,    0) (   0,    0) (   0,    0)
          (   0,    0) (   0,    0) (   0,    0) (   0,    0) (   0,    0) (   0,    0) (   0,    0) (   0,    0) (   0,    0) (   0,    0)
          (   0,    0) (   0,    0) (   0,    0) (   0,    0) (   0,    0) (   0,    0) (   0,    0) (   0,    0) (   0,    0) (   0,    0)
          (   0,    0) (   0,    0) (   0,    0) (   0,    0) (   0,    0) (   0,    0) (   0,    0) (   0,    0) (   0,    0) (   0,    0)
          (   0,    0) (   0,    0) (   0,    0) (   0,    0) (   0,    0) (   0,    0) (   0,    0) (   0,    0) (   0,    0) (   0,    0)
          (   0,    0) (   0,    0) (   0,    0) (   0,    0) (   0,    0) (   0,    0) (   0,    0) (   0,    0) (   0,    0) (   0,    0)
          (   0,    0) (   0,    0) (   0,    0) (   0,    0) (   0,    0) (   0,    0) (   0,    0) (   0,    0) (   0,    0) (   0,    0)
          (   0,    0) (   0,    0) (   0,    0) (   0,    0) (   0,    0) (   0,    0) (   0,    0) (   0,    0) (   0,    0) (   0,    0)
          (   0,    0) (   0,    0) (   0,    0) (   0,    0) (   0,    0) (   0,    0) (   0,    0) (   0,    0) (   0,    0) (   0,    0)
          (   0,    0) (   0,    0) (   0,    0) (   0,    0) (   0,    0) (   0,    0) (   0,    0) (   0,    0) (   0,    0) (   0,    0)
          (   0,    0) (   0,    0) (   0,    0) (   0,    0) (   0,    0) (   0,    0) (   0,    0) (   0,    0) (   0,    0) (   0,    0)
          (   0,    0) (   0,    0) (   0,    0) (   0,    0) (   0,    0) (   0,    0) (   0,    0) (   0,    0) (   0,    0) (   0,    0)
          (   0,    0) (   0,    0) (   0,    0) (   0,    0) (   0,    0) (   0,    0) (   0,    0) (   0,    0) (   0,    0) (   0,    0)
          (   0,    0) (   0,    0) (   0,    0) (   0,    0) (   0,    0) (   0,    0) (   0,    0) (   0,    0) (   0,    0) (   0,    0)
          (   0,    0) (   0,    0) (   0,    0) (   0,    0) (   0,    0) (   0,    0) (   0,    0) (   0,    0) (   0,    0) (   0,    0)
          (   0,    0) (   0,    0) (   0,    0) (   0,    0) (   0,    0) (   0,    0) (   0,    0) (   0,    0) (   0,    0) (   0,    0)
         
node   2 sent_total   4104  recv_total   4074

node   3  (   0,    0) (   0,    0) (   0,    0) (   0,    0) (   0,    0) (   0,    0) (   0,    0) (   0,    0) (   0,    0) (   0,    0)
          (   0,    0) (   0,    0) (   0,    0) (   0,    0) (   0,    0) (   0,    0) (   0,    0) (   0,    0) (   0,    0) (   0,    0)
          (   0,    0) (   0,    0) (   0,    0) (   0,    0) (   0,    0) (   0,    0) (   0,    0) (   0,    0) (   0,    0) (   0,    0)
          (   0,    0) (   0,    0) (   0,    0) (   0,    0) (   0,    0) (   0,    0) (   0,    0) (   0,    0) (   0,    0) (   0,    0)
          (   0,    0) (   0,    0) (   0,    0) (   0,    0) (   0,    0) (   0,    0) (   0,    0) (   0,    0) (   0,    0) (   0,    0)
          (   0,    0) (   0,    0) (   0,    0) (   0,    0) (   0,    0) (   0,    0) (   0,    0) (   0,    0) (   0,    0) (   0,    0)
          (   0,    0) (   0,    0) (   0,    0) (   0,    0) (   0,    0) (   0,    0) (   0,    0) (   0,    0) (   0,    0) (   0,    0)
          (   0,    0) (   0,    0) (   0,    0) (   0,    0) (   0,    0) (   0,    0) (   0,    0) (   0,    0) (   0,    0) (   0,    0)
          (   0,    0) (   0,    0) (   0,    0) (   0,    0) (   0,    0) (   0,    0) (   0,    0) (   0,    0) (   0,    0) (   0,    0)
          (   0,    0) (   0,    0) (   0,    0) (   0,    0) (   0,    0) (   0,    0) (   0,    0) (   0,    0) (   0,    0) (   0,    0)
          (  23,    0) (  45,   45) (   0,   23) (   0,    0) (   0,    0) (   0,    0) (   0,    0) (   0,    0) (   0,    0) (   0,    0)
          (   0,    0) (   0,    0) (   0,    0) (   0,    0) (   0,    0) (   0,    0) (   0,    0) (   0,    0) (   0,    0) (   0,    0)
          (   0,    0) (   0,    0) (   0,    0) (   0,    0) (   0,    0) (   0,    0) (   0,    0) (   0,    0) (   0,    0) (   0,    0)
          (   0,    0) (   0,    0) (   0,    0) (   0,    0) (   0,    0) (   0,    0) (   0,    0) (   0,    0) (   0,    0) (   0,    0)
          (   0,    0) (   0,    0) (   0,    0) (   0,    0) (   0,    0) (   0,    0) (   0,    0) (   0,    0) (   0,    0) (   0,    0)
          (   0,    0) (   0,    0) (   0,    0) (   0,    0) (   0,    0) (   0,    0) (   0,    0) (   0,    0) (   0,    0) (   0,    0)
          (   0,    0) (   0,    0) (   0,    0) (   0,    0) (   0,    0) (   0,    0) (   0,    0) (   0,    0) (   0,    0) (   0,    0)
          (   0,    0) (   0,    0) (   0,    0) (   0,    0) (   0,    0) (   0,    0) (   0,    0) (   0,    0) (   0,    0) (   0,    0)
          (   0,    0) (   0,    0) (   0,    0) (   0,    0) (   0,    0) (   0,    0) (   0,    0) (   0,    0) (   0,    0) (   0,    0)
          (   0,    0) (   0,    0) (   0,    0) (   0,    0) (   0,    0) (   0,    0) (   0,    0) (   0,    0) (  56,   56) ( 147,   49)
          ( 171,  171) (  25,   25) ( 171,  171) (  25,   25) ( 171,  171) (  25,   25) ( 171,  171) (  25,   25) ( 171,  171) (  25,   25)
          ( 171,  171) (  25,   25) ( 171,  171) (  25,   25) ( 171,  171) (  25,   25) ( 171,  171) (  25,   25) ( 171,  171) (  25,   25)
          ( 171,  171) (  25,   25) ( 171,  171) (  25,   25) ( 171,  171) (  25,   25) ( 171,  171) (  25,   25) ( 153,  135) (  25,   25)
          ( 153,  135) (  25,   25) ( 153,  135) (  25,   25) ( 153,  135) (  25,   25) ( 153,  135) (  25,   25) ( 153,  135) (  25,   25)
          ( 153,  135) (  25,   25) ( 153,  135) (  25,   25) ( 153,  135) (  25,   25) ( 153,  135) ( 123,   25) ( 380,  246) ( 148,  148)
          ( 300,  300) ( 221,  221) ( 356,  356) ( 172,  172) ( 356,  356) ( 172,  172) ( 356,  356) ( 172,  172) ( 356,  356) ( 172,  172)
          ( 356,  356) ( 172,  172) ( 356,  356) ( 172,  172) ( 356,  356) ( 172,  172) ( 356,  356) ( 172,  172) ( 356,  356) ( 172,  172)
          ( 356,  356) ( 172,  172) ( 356,  356) ( 172,  172) ( 356,  356) ( 172,  172) ( 356,  356) ( 172,  172) ( 356,  356) ( 172,  172)
          ( 356,  356) ( 172,  172) ( 356,  356) ( 172,  172) ( 356,  356) ( 172,  172) ( 356,  356) ( 172,  172) ( 356,  356) ( 172,  172)
          ( 356,  356) ( 172,  172) ( 356,  356) ( 172,  172) ( 356,  356) ( 172,  172) ( 356,  356) ( 172,  172) ( 356,  356) ( 172,  172)
          ( 356,  356) ( 172,  172) ( 356,  356) ( 172,  172) ( 356,  356) ( 172,  172) ( 356,  356) ( 172,  172) ( 472,  374) ( 356,  356)
          ( 420,  420) ( 334,  334) ( 414,  414) ( 334,  334) ( 414,  414) ( 334,  334) ( 414,  414) ( 334,  334) ( 414,  414) ( 334,  334)
          ( 414,  414) ( 334,  334) ( 414,  414) ( 334,  334) ( 414,  414) ( 334,  334) ( 414,  414) ( 334,  334) ( 414,  414) ( 334,  334)
          ( 414,  414) ( 334,  334) ( 414,  414) ( 334,  334) ( 414,  414) ( 334,  334) ( 414,  414) ( 334,  334) ( 414,  414) ( 334,  334)
          ( 414,  414) ( 334,  334) ( 414,  414) ( 334,  334) ( 414,  414) ( 334,  334) ( 414,  414) ( 334,  334) ( 414,  414) ( 334,  334)
          ( 414,  414) ( 334,  334) ( 414,  414) ( 334,  334) ( 414,  414) ( 334,  334) ( 414,  414) ( 334,  334) ( 414,  414) ( 334,  334)
          ( 414,  414) ( 334,  334) ( 414,  414) ( 334,  334) ( 414,  414) ( 334,  334) ( 414,  414) ( 334,  334) ( 414,  414) ( 334,  334)
          ( 414,  414) ( 334,  334) ( 414,  414) ( 334,  334) ( 414,  414) ( 334,  334) ( 414,  414) ( 334,  334) ( 414,  414) ( 334,  334)
          ( 414,  414) ( 334,  334) ( 414,  414) ( 334,  334) ( 414,  414) ( 334,  334) ( 414,  414) ( 334,  334) ( 414,  414) ( 334,  334)
          ( 414,  414) ( 334,  334) ( 414,  414) ( 334,  334) ( 414,  414) ( 334,  334) ( 414,  414) ( 334,  334) ( 414,  414) ( 334,  334)
          ( 414,  414) ( 334,  334) ( 414,  414) ( 334,  334) ( 414,  414) ( 334,  334) ( 414,  414) ( 334,  334) ( 414,  414) ( 334,  334)
          ( 414,  414) ( 334,  334) ( 414,  414) ( 334,  334) ( 414,  414) ( 334,  334) ( 414,  414) ( 334,  334) ( 414,  414) ( 334,  334)
          ( 414,  414) ( 334,  334) ( 414,  414) ( 334,  334) ( 414,  414) ( 334,  334) ( 414,  414) ( 334,  334) ( 414,  414) ( 334,  334)
          ( 414,  414) ( 334,  334) ( 414,  414) ( 334,  334) ( 414,  414) ( 334,  334) ( 414,  414) ( 334,  334) ( 414,  414) ( 334,  334)
          ( 414,  414) ( 334,  334) ( 414,  414) ( 334,  334) ( 414,  414) ( 334,  334) ( 414,  414) ( 334,  334) ( 414,  414) ( 334,  334)
          ( 414,  414) ( 334,  334) ( 414,  414) ( 334,  334) ( 414,  414) ( 334,  334) ( 414,  414) ( 334,  334) ( 414,  414) ( 334,  334)
          ( 414,  414) ( 334,  334) ( 414,  414) ( 334,  334) ( 414,  414) ( 334,  334) ( 414,  414) ( 334,  334) ( 414,  414) ( 334,  334)
          ( 414,  414) ( 334,  334) ( 414,  414) ( 334,  334) ( 414,  414) ( 334,  334) ( 414,  414) ( 334,  334) ( 414,  414) ( 334,  334)
          ( 414,  414) ( 334,  334) ( 414,  414) ( 334,  334) ( 414,  414) ( 334,  334) ( 414,  414) ( 334,  334) ( 414,  414) ( 334,  334)
          ( 414,  414) ( 334,  334) ( 414,  414) ( 334,  334) ( 414,  414) ( 334,  334) ( 414,  414) ( 334,  334) ( 414,  414) ( 334,  334)
          ( 414,  414) ( 334,  334) ( 414,  414) ( 334,  334) ( 414,  414) ( 334,  334) ( 414,  414) ( 334,  334) ( 414,  414) ( 334,  334)
          ( 414,  414) ( 334,  334) ( 414,  414) ( 334,  334) ( 414,  414) ( 334,  334) ( 414,  414) ( 334,  334) ( 414,  414) ( 334,  334)
          ( 414,  414) ( 334,  334) ( 414,  414) ( 334,  334) ( 414,  414) ( 334,  334) ( 414,  414) ( 334,  334) ( 414,  414) ( 334,  334)
          ( 414,  414) ( 334,  334) ( 414,  414) ( 334,  334) ( 414,  414) ( 334,  334) ( 414,  414) ( 334,  334) ( 414,  414) ( 334,  334)
          ( 414,  414) ( 334,  334) ( 414,  414) ( 334,  334) ( 414,  414) ( 334,  334) ( 414,  414) ( 334,  334) ( 414,  414) ( 334,  334)
          ( 414,  414) ( 334,  334) ( 414,  414) ( 334,  334) ( 414,  414) ( 334,  334) ( 414,  414) ( 334,  334) ( 414,  414) ( 334,  334)
          ( 414,  414) ( 334,  334) ( 414,  414) ( 334,  334) ( 414,  414) ( 334,  334) ( 414,  414) ( 334,  334) ( 414,  414) ( 334,  334)
          ( 414,  414) ( 334,  334) ( 414,  414) ( 334,  334) ( 414,  414) ( 334,  334) ( 414,  414) ( 334,  334) ( 414,  414) ( 334,  334)
          ( 414,  414) ( 334,  334) ( 414,  414) ( 334,  334) ( 414,  414) ( 334,  334) ( 414,  414) ( 334,  334) ( 414,  414) ( 334,  334)
          ( 414,  414) ( 334,  334) ( 414,  414) ( 334,  334) ( 414,  414) ( 334,  334) ( 414,  414) ( 334,  334) ( 414,  414) ( 334,  334)
          ( 414,  414) ( 334,  334) ( 414,  414) ( 334,  334) ( 414,  414) ( 334,  334) ( 414,  414) ( 334,  334) ( 414,  414) ( 334,  334)
          ( 414,  414) ( 334,  334) ( 414,  414) ( 334,  334) ( 414,  414) ( 334,  334) ( 414,  414) ( 334,  334) ( 414,  414) ( 334,  334)
          ( 414,  414) ( 334,  334) ( 414,  414) ( 334,  334) ( 414,  414) ( 334,  334) ( 414,  414) ( 334,  334) ( 414,  414) ( 334,  334)
          ( 414,  414) ( 334,  334) ( 414,  414) ( 334,  334) ( 414,  414) ( 334,  334) ( 414,  414) ( 334,  334) ( 414,  414) ( 334,  334)
          ( 414,  414) ( 334,  334) ( 414,  414) ( 334,  334) ( 414,  414) ( 334,  334) ( 414,  414) ( 334,  334) ( 414,  414) ( 334,  334)
          ( 414,  414) ( 334,  334) ( 414,  414) ( 334,  334) ( 414,  414) ( 334,  334) ( 414,  414) ( 334,  334) ( 414,  414) ( 334,  334)
          ( 414,  414) ( 334,  334) ( 414,  414) ( 334,  334) ( 414,  414) ( 334,  334) ( 414,  414) ( 334,  334) ( 414,  414) ( 334,  334)
          ( 414,  414) ( 334,  334) ( 414,  414) ( 334,  334) ( 414,  414) ( 334,  334) ( 414,  414) ( 334,  334) ( 414,  414) ( 334,  334)
          ( 414,  414) ( 334,  334) ( 414,  414) ( 334,  334) ( 414,  414) ( 334,  334) ( 414,  414) ( 334,  334) ( 414,  414) ( 334,  334)
          ( 414,  414) ( 334,  334) ( 414,  414) ( 334,  334) ( 414,  414) ( 334,  334) ( 414,  414) ( 334,  334) ( 414,  414) ( 334,  334)
         
node   3 sent_total 167420  recv_total 166812

node   4  (   0,    0) (   0,    0) (   0,    0) (   0,    0) (   0,    0) (   0,    0) (   0,    0) (   0,    0) (   0,    0) (   0,    0)
          (   0,    0) (   0,    0) (   0,    0) (   0,    0) (   0,    0) (   0,    0) (   0,    0) (   0,    0) (   0,    0) (   0,    0)
          (   0,    0) (   0,    0) (   0,    0) (   0,    0) (   0,    0) (   0,    0) (   0,    0) (   0,    0) (   0,    0) (   0,    0)
          (   0,    0) (   0,    0) (   0,    0) (   0,    0) (   0,    0) (   0,    0) (   0,    0) (   0,    0) (   0,    0) (   0,    0)
          (   0,    0) (   0,    0) (   0,    0) (   0,    0) (   0,    0) (   0,    0) (   0,    0) (   0,    0) (   0,    0) (   0,    0)
          (   0,    0) (   0,    0) (   0,    0) (   0,    0) (   0,    0) (   0,    0) (   0,    0) (   0,    0) (   0,    0) (   0,    0)
          (   0,    0) (   0,    0) (   0,    0) (   0,    0) (   0,    0) (   0,    0) (   0,    0) (   0,    0) (   0,    0) (   0,    0)
          (   0,    0) (   0,    0) (   0,    0) (   0,    0) (   0,    0) (   0,    0) (   0,    0) (   0,    0) (   0,    0) (   0,    0)
          (   0,    0) (   0,    0) (   0,    0) (   0,    0) (   0,    0) (   0,    0) (   0,    0) (   0,    0) (   0,    0) (   0,    0)
          (   0,    0) (   0,    0) (   0,    0) (   0,    0) (   0,    0) (   0,    0) (   0,    0) (   0,    0) (   0,    0) (   0,    0)
          (  17,    0) (  33,   33) (   0,   17) (   0,    0) (   0,    0) (   0,    0) (   0,    0) (   0,    0) (   0,    0) (   0,    0)
          (   0,    0) (   0,    0) (   0,    0) (   0,    0) (   0,    0) (   0,    0) (   0,    0) (   0,    0) (   0,    0) (   0,    0)
          (   0,    0) (   0,    0) (   0,    0) (   0,    0) (   0,    0) (   0,    0) (   0,    0) (   0,    0) (   0,    0) (   0,    0)
          (   0,    0) (   0,    0) (   0,    0) (   0,    0) (   0,    0) (   0,    0) (   0,    0) (   0,    0) (   0,    0) (   0,    0)
          (   0,    0) (   0,    0) (   0,    0) (   0,    0) (   0,    0) (   0,    0) (   0,    0) (   0,    0) (   0,    0) (   0,    0)
          (   0,    0) (   0,    0) (   0,    0) (   0,    0) (   0,    0) (   0,    0) (   0,    0) (   0,    0) (   0,    0) (   0,    0)
          (   0,    0) (   0,    0) (   0,    0) (   0,    0) (   0,    0) (   0,    0) (   0,    0) (   0,    0) (   0,    0) (   0,    0)
          (   0,    0) (   0,    0) (   0,    0) (   0,    0) (   0,    0) (   0,    0) (   0,    0) (   0,    0) (   0,    0) (   0,    0)
          (   0,    0) (   0,    0) (   0,    0) (   0,    0) (   0,    0) (   0,    0) (   0,    0) (   0,    0) (   0,    0) (   0,    0)
          (   0,    0) (   0,    0) (   0,    0) (   0,    0) (   0,    0) (   0,    0) (   0,    0) (   0,    0) (   0,    0) ( 105,   31)
          ( 129,  107) (  22,   44) ( 129,  129) (  22,   22) ( 129,  129) (  22,   22) ( 129,  129) (  22,   22) ( 129,  129) (  22,   22)
          ( 129,  129) (  22,   22) ( 129,  129) (  22,   22) ( 129,  129) (  22,   22) ( 129,  129) (  22,   22) ( 129,  129) (  22,   22)
          ( 129,  129) (  22,   22) ( 129,  129) (  22,   22) ( 129,  129) (  22,   22) (   0,    0) (   0,    0) (   0,    0) (   0,    0)
          (   0,    0) (   0,    0) (   0,    0) (   0,    0) (   0,    0) (   0,    0) (   0,    0) (   0,    0) (   0,    0) (   0,    0)
          (   0,    0) (   0,    0) (   0,    0) (   0,    0) (   0,    0) (   0,    0) (   0,    0) (   0,    0) (   0,    0) (   0,    0)
          (   0,    0) (   0,    0) (   0,    0) (   0,    0) (   0,    0) (   0,    0) (   0,    0) (   0,    0) (   0,    0) (   0,    0)
          (   0,    0) (   0,    0) (   0,    0) (   0,    0) (   0,    0) (   0,    0) (   0,    0) (   0,    0) (   0,    0) (   0,    0)
          (   0,    0) (   0,    0) (   0,    0) (   0,    0) (   0,    0) (   0,    0) (   0,    0) (   0,    0) (   0,    0) (   0,    0)
          (   0,    0) (   0,    0) (   0,    0) (   0,    0) (   0,    0) (   0,    0) (   0,    0) (   0,    0) (   0,    0) (   0,    0)
          (   0,    0) (   0,    0) (   0,    0) (   0,    0) (   0,    0) (   0,    0) (   0,    0) (   0,    0) (   0,    0) (   0,    0)
          (   0,    0) (   0,    0) (   0,    0) (   0,    0) (   0,    0) (   0,    0) (   0,    0) (   0,    0) (   0,    0) (   0,    0)
          (   0,    0) (   0,    0) (   0,    0) (   0,    0) (   0,    0) (   0,    0) (   0,    0) (   0,    0) (   0,    0) (   0,    0)
          (   0,    0) (   0,    0) (   0,    0) (   0,    0) (   0,    0) (   0,    0) (   0,    0) (   0,    0) (   0,    0) (   0,    0)
          (   0,    0) (   0,    0) (   0,    0) (   0,    0) (   0,    0) (   0,    0) (   0,    0) (   0,    0) (   0,    0) (   0,    0)
          (   0,    0) (   0,    0) (   0,    0) (   0,    0) (   0,    0) (   0,    0) (   0,    0) (   0,    0) (   0,    0) (   0,    0)
          (   0,    0) (   0,    0) (   0,    0) (   0,    0) (   0,    0) (   0,    0) (   0,    0) (   0,    0) (   0,    0) (   0,    0)
          (   0,    0) (   0,    0) (   0,    0) (   0,    0) (   0,    0) (   0,    0) (   0,    0) (   0,    0) (   0,    0) (   0,    0)
          (   0,    0) (   0,    0) (   0,    0) (   0,    0) (   0,    0) (   0,    0) (   0,    0) (   0,    0) (   0,    0) (   0,    0)
          (   0,    0) (   0,    0) (   0,    0) (   0,    0) (   0,    0) (   0,    0) (   0,    0) (   0,    0) (   0,    0) (   0,    0)
          (   0,    0) (   0,    0) (   0,    0) (   0,    0) (   0,    0) (   0,    0) (   0,    0) (   0,    0) (   0,    0) (   0,    0)
          (   0,    0) (   0,    0) (   0,    0) (   0,    0) (   0,    0) (   0,    0) (   0,    0) (   0,    0) (   0,    0) (   0,    0)
          (   0,    0) (   0,    0) (   0,    0) (   0,    0) (   0,    0) (   0,    0) (   0,    0) (   0,    0) (   0,    0) (   0,    0)
          (   0,    0) (   0,    0) (   0,    0) (   0,    0) (   0,    0) (   0,    0) (   0,    0) (   0,    0) (   0,    0) (   0,    0)
          (   0,    0) (   0,    0) (   0,    0) (   0,    0) (   0,    0) (   0,    0) (   0,    0) (   0,    0) (   0,    0) (   0,    0)
          (   0,    0) (   0,    0) (   0,    0) (   0,    0) (   0,    0) (   0,    0) (   0,    0) (   0,    0) (   0,    0) (   0,    0)
          (   0,    0) (   0,    0) (   0,    0) (   0,    0) (   0,    0) (   0,    0) (   0,    0) (   0,    0) (   0,    0) (   0,    0)
          (   0,    0) (   0,    0) (   0,    0) (   0,    0) (   0,    0) (   0,    0) (   0,    0) (   0,    0) (   0,    0) (   0,    0)
          (   0,    0) (   0,    0) (   0,    0) (   0,    0) (   0,    0) (   0,    0) (   0,    0) (   0,    0) (   0,    0) (   0,    0)
          (   0,    0) (   0,    0) (   0,    0) (   0,    0) (   0,    0) (   0,    0) (   0,    0) (   0,    0) (   0,    0) (   0,    0)
          (   0,    0) (   0,    0) (   0,    0) (   0,    0) (   0,    0) (   0,    0) (   0,    0) (   0,    0) (   0,    0) (   0,    0)
          (   0,    0) (   0,    0) (   0,    0) (   0,    0) (   0,    0) (   0,    0) (   0,    0) (   0,    0) (   0,    0) (   0,    0)
          (   0,    0) (   0,    0) (   0,    0) (   0,    0) (   0,    0) (   0,    0) (   0,    0) (   0,    0) (   0,    0) (   0,    0)
          (   0,    0) (   0,    0) (   0,    0) (   0,    0) (   0,    0) (   0,    0) (   0,    0) (   0,    0) (   0,    0) (   0,    0)
          (   0,    0) (   0,    0) (   0,    0) (   0,    0) (   0,    0) (   0,    0) (   0,    0) (   0,    0) (   0,    0) (   0,    0)
          (   0,    0) (   0,    0) (   0,    0) (   0,    0) (   0,    0) (   0,    0) (   0,    0) (   0,    0) (   0,    0) (   0,    0)
          (   0,    0) (   0,    0) (   0,    0) (   0,    0) (   0,    0) (   0,    0) (   0,    0) (   0,    0) (   0,    0) (   0,    0)
          (   0,    0) (   0,    0) (   0,    0) (   0,    0) (   0,    0) (   0,    0) (   0,    0) (   0,    0) (   0,    0) (   0,    0)
          (   0,    0) (   0,    0) (   0,    0) (   0,    0) (   0,    0) (   0,    0) (   0,    0) (   0,    0) (   0,    0) (   0,    0)
          (   0,    0) (   0,    0) (   0,    0) (   0,    0) (   0,    0) (   0,    0) (   0,    0) (   0,    0) (   0,    0) (   0,    0)
          (   0,    0) (   0,    0) (   0,    0) (   0,    0) (   0,    0) (   0,    0) (   0,    0) (   0,    0) (   0,    0) (   0,    0)
          (   0,    0) (   0,    0) (   0,    0) (   0,    0) (   0,    0) (   0,    0) (   0,    0) (   0,    0) (   0,    0) (   0,    0)
          (   0,    0) (   0,    0) (   0,    0) (   0,    0) (   0,    0) (   0,    0) (   0,    0) (   0,    0) (   0,    0) (   0,    0)
          (   0,    0) (   0,    0) (   0,    0) (   0,    0) (   0,    0) (   0,    0) (   0,    0) (   0,    0) (   0,    0) (   0,    0)
          (   0,    0) (   0,    0) (   0,    0) (   0,    0) (   0,    0) (   0,    0) (   0,    0) (   0,    0) (   0,    0) (   0,    0)
          (   0,    0) (   0,    0) (   0,    0) (   0,    0) (   0,    0) (   0,    0) (   0,    0) (   0,    0) (   0,    0) (   0,    0)
          (   0,    0) (   0,    0) (   0,    0) (   0,    0) (   0,    0) (   0,    0) (   0,    0) (   0,    0) (   0,    0) (   0,    0)
          (   0,    0) (   0,    0) (   0,    0) (   0,    0) (   0,    0) (   0,    0) (   0,    0) (   0,    0) (   0,    0) (   0,    0)
          (   0,    0) (   0,    0) (   0,    0) (   0,    0) (   0,    0) (   0,    0) (   0,    0) (   0,    0) (   0,    0) (   0,    0)
          (   0,    0) (   0,    0) (   0,    0) (   0,    0) (   0,    0) (   0,    0) (   0,    0) (   0,    0) (   0,    0) (   0,    0)
          (   0,    0) (   0,    0) (   0,    0) (   0,    0) (   0,    0) (   0,    0) (   0,    0) (   0,    0) (   0,    0) (   0,    0)
         
node   4 sent_total   2118  recv_total   2044

node   5  (   0,    0) (   0,    0) (   0,    0) (   0,    0) (   0,    0) (   0,    0) (   0,    0) (   0,    0) (   0,    0) (   0,    0)
          (   0,    0) (   0,    0) (   0,    0) (   0,    0) (   0,    0) (   0,    0) (   0,    0) (   0,    0) (   0,    0) (   0,    0)
          (   0,    0) (   0,    0) (   0,    0) (   0,    0) (   0,    0) (   0,    0) (   0,    0) (   0,    0) (   0,    0) (   0,    0)
          (   0,    0) (   0,    0) (   0,    0) (   0,    0) (   0,    0) (   0,    0) (   0,    0) (   0,    0) (   0,    0) (   0,    0)
          (   0,    0) (   0,    0) (   0,    0) (   0,    0) (   0,    0) (   0,    0) (   0,    0) (   0,    0) (   0,    0) (   0,    0)
          (   0,    0) (   0,    0) (   0,    0) (   0,    0) (   0,    0) (   0,    0) (   0,    0) (   0,    0) (   0,    0) (   0,    0)
          (   0,    0) (   0,    0) (   0,    0) (   0,    0) (   0,    0) (   0,    0) (   0,    0) (   0,    0) (   0,    0) (   0,    0)
          (   0,    0) (   0,    0) (   0,    0) (   0,    0) (   0,    0) (   0,    0) (   0,    0) (   0,    0) (   0,    0) (   0,    0)
          (   0,    0) (   0,    0) (   0,    0) (   0,    0) (   0,    0) (   0,    0) (   0,    0) (   0,    0) (   0,    0) (   0,    0)
          (   0,    0) (   0,    0) (   0,    0) (   0,    0) (   0,    0) (   0,    0) (   0,    0) (   0,    0) (   0,    0) (   0,    0)
          (  35,    0) (  23,   23) (   0,   35) (   0,    0) (   0,    0) (   0,    0) (   0,    0) (   0,    0) (   0,    0) (   0,    0)
          (   0,    0) (   0,    0) (   0,    0) (   0,    0) (   0,    0) (   0,    0) (   0,    0) (   0,    0) (   0,    0) (   0,    0)
          (   0,    0) (   0,    0) (   0,    0) (   0,    0) (   0,    0) (   0,    0) (   0,    0) (   0,    0) (   0,    0) (   0,    0)
          (   0,    0) (   0,    0) (   0,    0) (   0,    0) (   0,    0) (   0,    0) (   0,    0) (   0,    0) (   0,    0) (   0,    0)
          (   0,    0) (   0,    0) (   0,    0) (   0,    0) (   0,    0) (   0,    0) (   0,    0) (   0,    0) (   0,    0) (   0,    0)
          (   0,    0) (   0,    0) (   0,    0) (   0,    0) (   0,    0) (   0,    0) (   0,    0) (   0,    0) (   0,    0) (   0,    0)
          (   0,    0) (   0,    0) (   0,    0) (   0,    0) (   0,    0) (   0,    0) (   0,    0) (   0,    0) (   0,    0) (   0,    0)
          (   0,    0) (   0,    0) (   0,    0) (   0,    0) (   0,    0) (   0,    0) (   0,    0) (   0,    0) (   0,    0) (   0,    0)
          (   0,    0) (   0,    0) (   0,    0) (   0,    0) (   0,    0) (   0,    0) (   0,    0) (   0,    0) (   0,    0) (   0,    0)
          (   0,    0) (   0,    0) (   0,    0) (   0,    0) (   0,    0) (   0,    0) (   0,    0) (   0,    0) (  50,    2) (  37,   37)
          (  89,   89) (  37,   37) (  89,   89) (  37,   37) (  89,   89) (  37,   37) (  89,   89) (  37,   37) (  89,   89) (  37,   37)
          (  89,   89) (  37,   37) (  89,   89) (  37,   37) (  89,   89) (  37,   37) (  89,   89) (  37,   37) (  89,   89) (  37,   37)
          (  89,   89) (  37,   37) (  89,   89) (  37,   37) (  89,   89) (  37,   37) (  89,   89) (   0,    0) (  74,   52) (   0,    0)
          (  74,   52) (   0,    0) (  74,   52) (   0,    0) (  74,   52) (   0,    0) (  74,   52) (   0,    0) (  74,   52) (   0,    0)
          (  74,   52) (   0,    0) (  74,   52) (   0,    0) (  74,   52) (   0,    0) (  74,   52) (   0,    0) (  94,   72) ( 170,   38)
          ( 232,  114) ( 179,  142) ( 214,  232) ( 179,  179) ( 214,  214) ( 179,  179) ( 214,  214) ( 179,  179) ( 214,  214) ( 179,  179)
          ( 214,  214) ( 179,  179) ( 214,  214) ( 179,  179) ( 214,  214) ( 179,  179) ( 214,  214) ( 179,  179) ( 214,  214) ( 179,  179)
          ( 214,  214) ( 179,  179) ( 214,  214) ( 179,  179) ( 214,  214) ( 179,  179) ( 215,  215) ( 179,  179) ( 214,  214) ( 179,  179)
          ( 214,  214) ( 179,  179) ( 214,  214) ( 179,  179) ( 214,  214) ( 179,  179) ( 216,  216) ( 177,  138) ( 210,  147) ( 177,  138)
          ( 210,  147) ( 177,  138) ( 210,  147) ( 177,  138) ( 210,  147) ( 177,  138) ( 210,  147) ( 177,  138) ( 210,  147) ( 177,  138)
          ( 210,  147) ( 177,  138) ( 210,  147) ( 177,  138) ( 210,  147) ( 177,  138) ( 210,  147) ( 357,  186) ( 360,  231) ( 264,  330)
          ( 387,  387) ( 264,  264) ( 387,  387) ( 264,  264) ( 387,  387) ( 264,  264) ( 387,  387) ( 264,  264) ( 387,  387) ( 264,  264)
          ( 387,  387) ( 264,  264) ( 387,  387) ( 264,  264) ( 387,  387) ( 264,  264) ( 387,  387) ( 264,  264) ( 387,  387) ( 264,  264)
          ( 387,  387) ( 264,  264) ( 387,  387) ( 264,  264) ( 387,  387) ( 264,  264) ( 387,  387) ( 264,  264) ( 387,  387) ( 264,  264)
          ( 387,  387) ( 264,  264) ( 387,  387) ( 264,  264) ( 387,  387) ( 264,  264) ( 387,  387) ( 264,  264) ( 387,  387) ( 264,  264)
          ( 387,  387) ( 264,  264) ( 387,  387) ( 264,  264) ( 387,  387) ( 264,  264) ( 387,  387) ( 264,  264) ( 387,  387) ( 264,  264)
          ( 387,  387) ( 264,  264) ( 387,  387) ( 264,  264) ( 387,  387) ( 264,  264) ( 387,  387) ( 264,  264) ( 387,  387) ( 264,  264)
          ( 387,  387) ( 264,  264) ( 387,  387) ( 264,  264) ( 387,  387) ( 264,  264) ( 387,  387) ( 264,  264) ( 387,  387) ( 264,  264)
          ( 387,  387) ( 264,  264) ( 387,  387) ( 264,  264) ( 387,  387) ( 264,  264) ( 387,  387) ( 264,  264) ( 387,  387) ( 264,  264)
          ( 387,  387) ( 264,  264) ( 387,  387) ( 264,  264) ( 387,  387) ( 264,  264) ( 387,  387) ( 264,  264) ( 387,  387) ( 264,  264)
          ( 387,  387) ( 264,  264) ( 387,  387) ( 264,  264) ( 387,  387) ( 264,  264) ( 387,  387) ( 264,  264) ( 387,  387) ( 264,  264)
          ( 387,  387) ( 264,  264) ( 387,  387) ( 264,  264) ( 387,  387) ( 264,  264) ( 387,  387) ( 264,  264) ( 387,  387) ( 264,  264)
          ( 387,  387) ( 264,  264) ( 387,  387) ( 264,  264) ( 387,  387) ( 264,  264) ( 387,  387) ( 264,  264) ( 387,  387) ( 264,  264)
          ( 387,  387) ( 264,  264) ( 387,  387) ( 264,  264) ( 387,  387) ( 264,  264) ( 387,  387) ( 264,  264) ( 387,  387) ( 264,  264)
          ( 387,  387) ( 264,  264) ( 387,  387) ( 264,  264) ( 387,  387) ( 264,  264) ( 387,  387) ( 264,  264) ( 387,  387) ( 264,  264)
          ( 387,  387) ( 264,  264) ( 387,  387) ( 264,  264) ( 387,  387) ( 264,  264) ( 387,  387) ( 264,  264) ( 387,  387) ( 264,  264)
          ( 387,  387) ( 264,  264) ( 387,  387) ( 264,  264) ( 387,  387) ( 264,  264) ( 387,  387) ( 264,  264) ( 387,  387) ( 264,  264)
          ( 387,  387) ( 264,  264) ( 387,  387) ( 264,  264) ( 387,  387) ( 264,  264) ( 387,  387) ( 264,  264) ( 387,  387) ( 264,  264)
          ( 387,  387) ( 264,  264) ( 387,  387) ( 264,  264) ( 387,  387) ( 264,  264) ( 387,  387) ( 264,  264) ( 387,  387) ( 264,  264)
          ( 387,  387) ( 264,  264) ( 387,  387) ( 264,  264) ( 387,  387) ( 264,  264) ( 387,  387) ( 264,  264) ( 387,  387) ( 264,  264)
          ( 387,  387) ( 264,  264) ( 387,  387) ( 264,  264) ( 387,  387) ( 264,  264) ( 387,  387) ( 264,  264) ( 387,  387) ( 264,  264)
          ( 387,  387) ( 264,  264) ( 387,  387) ( 264,  264) ( 387,  387) ( 264,  264) ( 387,  387) ( 264,  264) ( 387,  387) ( 264,  264)
          ( 387,  387) ( 264,  264) ( 387,  387) ( 264,  264) ( 387,  387) ( 264,  264) ( 387,  387) ( 264,  264) ( 387,  387) ( 264,  264)
          ( 387,  387) ( 264,  264) ( 387,  387) ( 264,  264) ( 387,  387) ( 264,  264) ( 387,  387) ( 264,  264) ( 387,  387) ( 264,  264)
          ( 387,  387) ( 264,  264) ( 387,  387) ( 264,  264) ( 387,  387) ( 264,  264) ( 387,  387) ( 264,  264) ( 387,  387) ( 264,  264)
          ( 387,  387) ( 264,  264) ( 387,  387) ( 264,  264) ( 387,  387) ( 264,  264) ( 387,  387) ( 264,  264) ( 387,  387) ( 264,  264)
          ( 387,  387) ( 264,  264) ( 387,  387) ( 264,  264) ( 387,  387) ( 264,  264) ( 387,  387) ( 264,  264) ( 387,  387) ( 264,  264)
          ( 387,  387) ( 264,  264) ( 387,  387) ( 264,  264) ( 387,  387) ( 264,  264) ( 387,  387) ( 264,  264) ( 387,  387) ( 264,  264)
          ( 387,  387) ( 264,  264) ( 387,  387) ( 264,  264) ( 387,  387) ( 264,  264) ( 387,  387) ( 264,  264) ( 387,  387) ( 264,  264)
          ( 387,  387) ( 264,  264) ( 387,  387) ( 264,  264) ( 387,  387) ( 264,  264) ( 387,  387) ( 264,  264) ( 387,  387) ( 264,  264)
          ( 387,  387) ( 264,  264) ( 387,  387) ( 264,  264) ( 387,  387) ( 264,  264) ( 387,  387) ( 264,  264) ( 387,  387) ( 264,  264)
          ( 387,  387) ( 264,  264) ( 387,  387) ( 264,  264) ( 387,  387) ( 264,  264) ( 387,  387) ( 264,  264) ( 387,  387) ( 264,  264)
          ( 387,  387) ( 264,  264) ( 387,  387) ( 264,  264) ( 387,  387) ( 264,  264) ( 387,  387) ( 264,  264) ( 387,  387) ( 264,  264)
          ( 387,  387) ( 264,  264) ( 387,  387) ( 264,  264) ( 387,  387) ( 264,  264) ( 387,  387) ( 264,  264) ( 387,  387) ( 264,  264)
          ( 387,  387) ( 264,  264) ( 387,  387) ( 264,  264) ( 387,  387) ( 264,  264) ( 387,  387) ( 264,  264) ( 387,  387) ( 264,  264)
          ( 387,  387) ( 264,  264) ( 387,  387) ( 264,  264) ( 387,  387) ( 264,  264) ( 387,  387) ( 264,  264) ( 387,  387) ( 264,  264)
          ( 387,  387) ( 264,  264) ( 387,  387) ( 264,  264) ( 387,  387) ( 264,  264) ( 387,  387) ( 264,  264) ( 387,  387) ( 264,  264)
          ( 387,  387) ( 264,  264) ( 387,  387) ( 264,  264) ( 387,  387) ( 264,  264) ( 387,  387) ( 264,  264) ( 387,  387) ( 264,  264)
          ( 387,  387) ( 264,  264) ( 387,  387) ( 264,  264) ( 387,  387) ( 264,  264) ( 387,  387) ( 264,  264) ( 387,  387) ( 264,  264)
          ( 387,  387) ( 264,  264) ( 387,  387) ( 264,  264) ( 387,  387) ( 264,  264) ( 387,  387) ( 264,  264) ( 387,  387) ( 264,  264)
         
node   5 sent_total 141981  recv_total 140168

node   6  (   0,    0) (   0,    0) (   0,    0) (   0,    0) (   0,    0) (   0,    0) (   0,    0) (   0,    0) (   0,    0) (   0,    0)
          (   0,    0) (   0,    0) (   0,    0) (   0,    0) (   0,    0) (   0,    0) (   0,    0) (   0,    0) (   0,    0) (   0,    0)
          (   0,    0) (   0,    0) (   0,    0) (   0,    0) (   0,    0) (   0,    0) (   0,    0) (   0,    0) (   0,    0) (   0,    0)
          (   0,    0) (   0,    0) (   0,    0) (   0,    0) (   0,    0) (   0,    0) (   0,    0) (   0,    0) (   0,    0) (   0,    0)
          (   0,    0) (   0,    0) (   0,    0) (   0,    0) (   0,    0) (   0,    0) (   0,    0) (   0,    0) (   0,    0) (   0,    0)
          (   0,    0) (   0,    0) (   0,    0) (   0,    0) (   0,    0) (   0,    0) (   0,    0) (   0,    0) (   0,    0) (   0,    0)
          (   0,    0) (   0,    0) (   0,    0) (   0,    0) (   0,    0) (   0,    0) (   0,    0) (   0,    0) (   0,    0) (   0,    0)
          (   0,    0) (   0,    0) (   0,    0) (   0,    0) (   0,    0) (   0,    0) (   0,    0) (   0,    0) (   0,    0) (   0,    0)
          (   0,    0) (   0,    0) (   0,    0) (   0,    0) (   0,    0) (   0,    0) (   0,    0) (   0,    0) (   0,    0) (   0,    0)
          (   0,    0) (   0,    0) (   0,    0) (   0,    0) (   0,    0) (   0,    0) (   0,    0) (   0,    0) (   0,    0) (   0,    0)
          (  37,    0) (  25,   25) (   0,   37) (   0,    0) (   0,    0) (   0,    0) (   0,    0) (   0,    0) (   0,    0) (   0,    0)
          (   0,    0) (   0,    0) (   0,    0) (   0,    0) (   0,    0) (   0,    0) (   0,    0) (   0,    0) (   0,    0) (   0,    0)
          (   0,    0) (   0,    0) (   0,    0) (   0,    0) (   0,    0) (   0,    0) (   0,    0) (   0,    0) (   0,    0) (   0,    0)
          (   0,    0) (   0,    0) (   0,    0) (   0,    0) (   0,    0) (   0,    0) (   0,    0) (   0,    0) (   0,    0) (   0,    0)
          (   0,    0) (   0,    0) (   0,    0) (   0,    0) (   0,    0) (   0,    0) (   0,    0) (   0,    0) (   0,    0) (   0,    0)
          (   2,    0) (   0,    0) (   0,    2) (   0,    0) (   0,    0) (   0,    0) (   0,    0) (   0,    0) (   0,    0) (   0,    0)
          (   0,    0) (   0,    0) (   0,    0) (   0,    0) (   0,    0) (   0,    0) (   0,    0) (   0,    0) (   0,    0) (   0,    0)
          (   0,    0) (   0,    0) (   0,    0) (   0,    0) (   0,    0) (   0,    0) (   0,    0) (   0,    0) (   0,    0) (   0,    0)
          (   0,    0) (   0,    0) (   0,    0) (   0,    0) (   0,    0) (   0,    0) (   0,    0) (   0,    0) (   0,    0) (   0,    0)
          (   0,    0) (   0,    0) (   0,    0) (   0,    0) (   0,    0) (   0,    0) (   0,    0) (   0,    0) (   0,    0) (   0,    0)
          (   0,    0) (   0,    0) (   0,    0) (   0,    0) (   0,    0) (   0,    0) (   0,    0) (   0,    0) (   0,    0) (   0,    0)
          (   0,    0) (   0,    0) (   0,    0) (   0,    0) (   0,    0) (   0,    0) (   0,    0) (   0,    0) (   0,    0) (   0,    0)
          (   0,    0) (   0,    0) (   0,    0) (   0,    0) (   0,    0) (   0,    0) (   0,    0) (   0,    0) (   0,    0) (   0,    0)
          (   0,    0) (   0,    0) (   0,    0) (   0,    0) (   0,    0) (   0,    0) (   0,    0) (   0,    0) (   0,    0) (   0,    0)
          (   0,    0) (   0,    0) (   0,    0) (   0,    0) (   0,    0) (   0,    0) (   0,    0) (   0,    0) (   0,    0) (   0,    0)
          (   0,    0) (   0,    0) (   0,    0) (   0,    0) (   0,    0) (   0,    0) (   0,    0) (   0,    0) (   0,    0) (   0,    0)
          (   0,    0) (   0,    0) (   0,    0) (   0,    0) (   0,    0) (   0,    0) (   0,    0) (   0,    0) (   0,    0) (   0,    0)
          (   0,    0) (   0,    0) (   0,    0) (   0,    0) (   0,    0) (   0,    0) (   0,    0) (   0,    0) (   0,    0) (   0,    0)
          (   0,    0) (   0,    0) (   0,    0) (   0,    0) (   0,    0) (   0,    0) (   0,    0) (   0,    0) (   0,    0) (   0,    0)
          (   0,    0) (   0,    0) (   0,    0) (   0,    0) (   0,    0) (   0,    0) (   0,    0) (   0,    0) (   0,    0) (   0,    0)
          (   0,    0) (   0,    0) (   0,    0) (   0,    0) (   0,    0) (   0,    0) (   0,    0) (   0,    0) (   0,    0) (   0,    0)
          (   0,    0) (   0,    0) (   0,    0) (   0,    0) (   0,    0) (   0,    0) (   0,    0) (   0,    0) (   0,    0) (   0,    0)
          (   0,    0) (   0,    0) (   0,    0) (   0,    0) (   0,    0) (   0,    0) (   0,    0) (   0,    0) (   0,    0) (   0,    0)
          (   0,    0) (   0,    0) (   0,    0) (   0,    0) (   0,    0) (   0,    0) (   0,    0) (   0,    0) (   0,    0) (   0,    0)
          (   0,    0) (   0,    0) (   0,    0) (   0,    0) (   0,    0) (   0,    0) (   0,    0) (   0,    0) (   0,    0) (   0,    0)
          (   0,    0) (   0,    0) (   0,    0) (   0,    0) (   0,    0) (   0,    0) (   0,    0) (   0,    0) (   0,    0) (   0,    0)
          (   0,    0) (   0,    0) (   0,    0) (   0,    0) (   0,    0) (   0,    0) (   0,    0) (   0,    0) (   0,    0) (   0,    0)
          (   0,    0) (   0,    0) (   0,    0) (   0,    0) (   0,    0) (   0,    0) (   0,    0) (   0,    0) (   0,    0) (   0,    0)
          (   0,    0) (   0,    0) (   0,    0) (   0,    0) (   0,    0) (   0,    0) (   0,    0) (   0,    0) (   0,    0) (   0,    0)
          (   0,    0) (   0,    0) (   0,    0) (   0,    0) (   0,    0) (   0,    0) (   0,    0) (   0,    0) (   0,    0) (   0,    0)
          (   0,    0) (   0,    0) (   0,    0) (   0,    0) (   0,    0) (   0,    0) (   0,    0) (   0,    0) (   0,    0) (   0,    0)
          (   0,    0) (   0,    0) (   0,    0) (   0,    0) (   0,    0) (   0,    0) (   0,    0) (   0,    0) (   0,    0) (   0,    0)
          (   0,    0) (   0,    0) (   0,    0) (   0,    0) (   0,    0) (   0,    0) (   0,    0) (   0,    0) (   0,    0) (   0,    0)
          (   0,    0) (   0,    0) (   0,    0) (   0,    0) (   0,    0) (   0,    0) (   0,    0) (   0,    0) (   0,    0) (   0,    0)
          (   0,    0) (   0,    0) (   0,    0) (   0,    0) (   0,    0) (   0,    0) (   0,    0) (   0,    0) (   0,    0) (   0,    0)
          (   0,    0) (   0,    0) (   0,    0) (   0,    0) (   0,    0) (   0,    0) (   0,    0) (   0,    0) (   0,    0) (   0,    0)
          (   0,    0) (   0,    0) (   0,    0) (   0,    0) (   0,    0) (   0,    0) (   0,    0) (   0,    0) (   0,    0) (   0,    0)
          (   0,    0) (   0,    0) (   0,    0) (   0,    0) (   0,    0) (   0,    0) (   0,    0) (   0,    0) (   0,    0) (   0,    0)
          (   0,    0) (   0,    0) (   0,    0) (   0,    0) (   0,    0) (   0,    0) (   0,    0) (   0,    0) (   0,    0) (   0,    0)
          (   0,    0) (   0,    0) (   0,    0) (   0,    0) (   0,    0) (   0,    0) (   0,    0) (   0,    0) (   0,    0) (   0,    0)
          (   0,    0) (   0,    0) (   0,    0) (   0,    0) (   0,    0) (   0,    0) (   0,    0) (   0,    0) (   0,    0) (   0,    0)
          (   0,    0) (   0,    0) (   0,    0) (   0,    0) (   0,    0) (   0,    0) (   0,    0) (   0,    0) (   0,    0) (   0,    0)
          (   0,    0) (   0,    0) (   0,    0) (   0,    0) (   0,    0) (   0,    0) (   0,    0) (   0,    0) (   0,    0) (   0,    0)
          (   0,    0) (   0,    0) (   0,    0) (   0,    0) (   0,    0) (   0,    0) (   0,    0) (   0,    0) (   0,    0) (   0,    0)
          (   0,    0) (   0,    0) (   0,    0) (   0,    0) (   0,    0) (   0,    0) (   0,    0) (   0,    0) (   0,    0) (   0,    0)
          (   0,    0) (   0,    0) (   0,    0) (   0,    0) (   0,    0) (   0,    0) (   0,    0) (   0,    0) (   0,    0) (   0,    0)
          (   0,    0) (   0,    0) (   0,    0) (   0,    0) (   0,    0) (   0,    0) (   0,    0) (   0,    0) (   0,    0) (   0,    0)
          (   0,    0) (   0,    0) (   0,    0) (   0,    0) (   0,    0) (   0,    0) (   0,    0) (   0,    0) (   0,    0) (   0,    0)
          (   0,    0) (   0,    0) (   0,    0) (   0,    0) (   0,    0) (   0,    0) (   0,    0) (   0,    0) (   0,    0) (   0,    0)
          (   0,    0) (   0,    0) (   0,    0) (   0,    0) (   0,    0) (   0,    0) (   0,    0) (   0,    0) (   0,    0) (   0,    0)
          (   0,    0) (   0,    0) (   0,    0) (   0,    0) (   0,    0) (   0,    0) (   0,    0) (   0,    0) (   0,    0) (   0,    0)
          (   0,    0) (   0,    0) (   0,    0) (   0,    0) (   0,    0) (   0,    0) (   0,    0) (   0,    0) (   0,    0) (   0,    0)
          (   0,    0) (   0,    0) (   0,    0) (   0,    0) (   0,    0) (   0,    0) (   0,    0) (   0,    0) (   0,    0) (   0,    0)
          (   0,    0) (   0,    0) (   0,    0) (   0,    0) (   0,    0) (   0,    0) (   0,    0) (   0,    0) (   0,    0) (   0,    0)
          (   0,    0) (   0,    0) (   0,    0) (   0,    0) (   0,    0) (   0,    0) (   0,    0) (   0,    0) (   0,    0) (   0,    0)
          (   0,    0) (   0,    0) (   0,    0) (   0,    0) (   0,    0) (   0,    0) (   0,    0) (   0,    0) (   0,    0) (   0,    0)
          (   0,    0) (   0,    0) (   0,    0) (   0,    0) (   0,    0) (   0,    0) (   0,    0) (   0,    0) (   0,    0) (   0,    0)
          (   0,    0) (   0,    0) (   0,    0) (   0,    0) (   0,    0) (   0,    0) (   0,    0) (   0,    0) (   0,    0) (   0,    0)
          (   0,    0) (   0,    0) (   0,    0) (   0,    0) (   0,    0) (   0,    0) (   0,    0) (   0,    0) (   0,    0) (   0,    0)
          (   0,    0) (   0,    0) (   0,    0) (   0,    0) (   0,    0) (   0,    0) (   0,    0) (   0,    0) (   0,    0) (   0,    0)
         
node   6 sent_total     64  recv_total     64

node   7  (   0,    0) (   0,    0) (   0,    0) (   0,    0) (   0,    0) (   0,    0) (   0,    0) (   0,    0) (   0,    0) (   0,    0)
          (   0,    0) (   0,    0) (   0,    0) (   0,    0) (   0,    0) (   0,    0) (   0,    0) (   0,    0) (   0,    0) (   0,    0)
          (   0,    0) (   0,    0) (   0,    0) (   0,    0) (   0,    0) (   0,    0) (   0,    0) (   0,    0) (   0,    0) (   0,    0)
          (   0,    0) (   0,    0) (   0,    0) (   0,    0) (   0,    0) (   0,    0) (   0,    0) (   0,    0) (   0,    0) (   0,    0)
          (   0,    0) (   0,    0) (   0,    0) (   0,    0) (   0,    0) (   0,    0) (   0,    0) (   0,    0) (   0,    0) (   0,    0)
          (   0,    0) (   0,    0) (   0,    0) (   0,    0) (   0,    0) (   0,    0) (   0,    0) (   0,    0) (   0,    0) (   0,    0)
          (   0,    0) (   0,    0) (   0,    0) (   0,    0) (   0,    0) (   0,    0) (   0,    0) (   0,    0) (   0,    0) (   0,    0)
          (   0,    0) (   0,    0) (   0,    0) (   0,    0) (   0,    0) (   0,    0) (   0,    0) (   0,    0) (   0,    0) (   0,    0)
          (   0,    0) (   0,    0) (   0,    0) (   0,    0) (   0,    0) (   0,    0) (   0,    0) (   0,    0) (   0,    0) (   0,    0)
          (   0,    0) (   0,    0) (   0,    0) (   0,    0) (   0,    0) (   0,    0) (   0,    0) (   0,    0) (   0,    0) (   0,    0)
          (  29,    0) (  32,   32) (   0,   29) (   0,    0) (   0,    0) (   0,    0) (   0,    0) (   0,    0) (   0,    0) (   0,    0)
          (   0,    0) (   0,    0) (   0,    0) (   0,    0) (   0,    0) (   0,    0) (   0,    0) (   0,    0) (   0,    0) (   0,    0)
          (   0,    0) (   0,    0) (   0,    0) (   0,    0) (   0,    0) (   0,    0) (   0,    0) (   0,    0) (   0,    0) (   0,    0)
          (   0,    0) (   0,    0) (   0,    0) (   0,    0) (   0,    0) (   0,    0) (   0,    0) (   0,    0) (   0,    0) (   0,    0)
          (   0,    0) (   0,    0) (   0,    0) (   0,    0) (   0,    0) (   0,    0) (   0,    0) (   0,    0) (   0,    0) (   0,    0)
          (   0,    0) (   1,    1) (   0,    0) (   0,    0) (   0,    0) (   0,    0) (   0,    0) (   0,    0) (   0,    0) (   0,    0)
          (   0,    0) (   0,    0) (   0,    0) (   0,    0) (   0,    0) (   0,    0) (   0,    0) (   0,    0) (   0,    0) (   0,    0)
          (   0,    0) (   0,    0) (   0,    0) (   0,    0) (   0,    0) (   0,    0) (   1,    1) (   0,    0) (   0,    0) (   0,    0)
          (   0,    0) (   0,    0) (   0,    0) (   0,    0) (   0,    0) (   0,    0) (   0,    0) (   0,    0) (   0,    0) (   0,    0)
          (   0,    0) (   0,    0) (   0,    0) (   0,    0) (   0,    0) (   0,    0) (   0,    0) (   0,    0) (  72,    6) (  90,   57)
          (  33,   66) (  90,   90) (  33,   33) (  90,   90) (  33,   33) (  90,   90) (  33,   33) (  90,   90) (  33,   33) (  90,   90)
          (  33,   33) (  90,   90) (  33,   33) (  90,   90) (  33,   33) (  90,   90) (  33,   33) (  90,   90) (  33,   33) (  90,   90)
          (  33,   33) (  90,   90) (  33,   33) (  90,   90) (  33,   33) (  90,   90) (  34,   34) (  72,   54) (   6,    6) (  72,   54)
          (   6,    6) (  72,   54) (   6,    6) (  72,   54) (   6,    6) (  72,   54) (   6,    6) (  72,   54) (   6,    6) (  72,   54)
          (   6,    6) (  72,   54) (   6,    6) (  72,   54) (   6,    6) (  72,   54) (   6,    6) (  96,   78) (  36,   36) ( 114,   96)
          ( 120,   54) ( 114,   90) ( 108,  114) ( 114,  114) ( 108,  108) ( 114,  114) ( 108,  108) ( 114,  114) ( 108,  108) ( 114,  114)
          ( 108,  108) ( 114,  114) ( 108,  108) ( 114,  114) ( 108,  108) ( 114,  114) ( 108,  108) ( 114,  114) ( 108,  108) ( 114,  114)
          ( 108,  108) ( 114,  114) ( 108,  108) ( 114,  114) ( 108,  108) ( 114,  114) ( 109,  109) ( 114,  114) ( 108,  108) ( 114,  114)
          ( 108,  108) ( 114,  114) ( 108,  108) ( 114,  114) ( 108,  108) ( 119,  114) ( 108,  108) ( 114,  118) ( 108,  108) ( 114,  114)
          ( 108,  108) ( 114,  114) ( 108,  108) ( 114,  114) ( 108,  108) ( 114,  114) ( 108,  108) ( 114,  114) ( 108,  108) ( 114,  114)
          ( 108,  108) ( 114,  114) ( 108,  108) ( 114,  114) ( 108,  108) ( 114,  114) ( 108,  108) ( 150,  150) ( 132,  132) ( 222,  156)
          ( 144,  138) ( 210,  216) ( 144,  144) ( 210,  210) ( 144,  144) ( 210,  210) ( 144,  144) ( 210,  210) ( 144,  144) ( 210,  210)
          ( 144,  144) ( 210,  210) ( 144,  144) ( 210,  210) ( 144,  144) ( 210,  210) ( 144,  144) ( 210,  210) ( 144,  144) ( 210,  210)
          ( 144,  144) ( 210,  210) ( 144,  144) ( 210,  210) ( 144,  144) ( 210,  210) ( 144,  144) ( 210,  210) ( 144,  144) ( 210,  210)
          ( 144,  144) ( 210,  210) ( 144,  144) ( 210,  210) ( 144,  144) ( 210,  210) ( 144,  144) ( 210,  210) ( 144,  144) ( 210,  210)
          ( 144,  144) ( 210,  210) ( 144,  144) ( 210,  210) ( 144,  144) ( 210,  210) ( 144,  144) ( 210,  210) ( 144,  144) ( 210,  210)
          ( 144,  144) ( 210,  210) ( 144,  144) ( 210,  210) ( 144,  144) ( 210,  210) ( 144,  144) ( 210,  210) ( 144,  144) ( 210,  210)
          ( 144,  144) ( 210,  210) ( 144,  144) ( 210,  210) ( 144,  144) ( 210,  210) ( 144,  144) ( 210,  210) ( 144,  144) ( 210,  210)
          ( 144,  144) ( 210,  210) ( 144,  144) ( 210,  210) ( 144,  144) ( 210,  210) ( 144,  144) ( 210,  210) ( 144,  144) ( 210,  210)
          ( 144,  144) ( 210,  210) ( 144,  144) ( 210,  210) ( 144,  144) ( 210,  210) ( 144,  144) ( 210,  210) ( 144,  144) ( 210,  210)
          ( 144,  144) ( 210,  210) ( 144,  144) ( 210,  210) ( 144,  144) ( 210,  210) ( 144,  144) ( 210,  210) ( 144,  144) ( 210,  210)
          ( 144,  144) ( 210,  210) ( 144,  144) ( 210,  210) ( 144,  144) ( 210,  210) ( 144,  144) ( 210,  210) ( 144,  144) ( 210,  210)
          ( 144,  144) ( 210,  210) ( 144,  144) ( 210,  210) ( 144,  144) ( 210,  210) ( 144,  144) ( 210,  210) ( 144,  144) ( 210,  210)
          ( 144,  144) ( 210,  210) ( 144,  144) ( 210,  210) ( 144,  144) ( 210,  210) ( 144,  144) ( 210,  210) ( 144,  144) ( 210,  210)
          ( 144,  144) ( 210,  210) ( 144,  144) ( 210,  210) ( 144,  144) ( 210,  210) ( 144,  144) ( 210,  210) ( 144,  144) ( 210,  210)
          ( 144,  144) ( 210,  210) ( 144,  144) ( 210,  210) ( 144,  144) ( 210,  210) ( 144,  144) ( 210,  210) ( 144,  144) ( 210,  210)
          ( 144,  144) ( 210,  210) ( 144,  144) ( 210,  210) ( 144,  144) ( 210,  210) ( 144,  144) ( 210,  210) ( 144,  144) ( 210,  210)
          ( 144,  144) ( 210,  210) ( 144,  144) ( 210,  210) ( 144,  144) ( 210,  210) ( 144,  144) ( 210,  210) ( 144,  144) ( 210,  210)
          ( 144,  144) ( 210,  210) ( 144,  144) ( 210,  210) ( 144,  144) ( 210,  210) ( 144,  144) ( 210,  210) ( 144,  144) ( 210,  210)
          ( 144,  144) ( 210,  210) ( 144,  144) ( 210,  210) ( 144,  144) ( 210,  210) ( 144,  144) ( 210,  210) ( 144,  144) ( 210,  210)
          ( 144,  144) ( 210,  210) ( 144,  144) ( 210,  210) ( 144,  144) ( 210,  210) ( 144,  144) ( 210,  210) ( 144,  144) ( 210,  210)
          ( 144,  144) ( 210,  210) ( 144,  144) ( 210,  210) ( 144,  144) ( 210,  210) ( 144,  144) ( 210,  210) ( 144,  144) ( 210,  210)
          ( 144,  144) ( 210,  210) ( 144,  144) ( 210,  210) ( 144,  144) ( 210,  210) ( 144,  144) ( 210,  210) ( 144,  144) ( 210,  210)
          ( 144,  144) ( 210,  210) ( 144,  144) ( 210,  210) ( 144,  144) ( 210,  210) ( 144,  144) ( 210,  210) ( 144,  144) ( 210,  210)
          ( 144,  144) ( 210,  210) ( 144,  144) ( 210,  210) ( 144,  144) ( 210,  210) ( 144,  144) ( 210,  210) ( 144,  144) ( 210,  210)
          ( 144,  144) ( 210,  210) ( 144,  144) ( 210,  210) ( 144,  144) ( 210,  210) ( 144,  144) ( 210,  210) ( 144,  144) ( 210,  210)
          ( 144,  144) ( 210,  210) ( 144,  144) ( 210,  210) ( 144,  144) ( 210,  210) ( 144,  144) ( 210,  210) ( 144,  144) ( 210,  210)
          ( 144,  144) ( 210,  210) ( 144,  144) ( 210,  210) ( 144,  144) ( 210,  210) ( 144,  144) ( 210,  210) ( 144,  144) ( 210,  210)
          ( 144,  144) ( 210,  210) ( 144,  144) ( 210,  210) ( 144,  144) ( 210,  210) ( 144,  144) ( 210,  210) ( 144,  144) ( 210,  210)
          ( 144,  144) ( 210,  210) ( 144,  144) ( 210,  210) ( 144,  144) ( 210,  210) ( 144,  144) ( 210,  210) ( 144,  144) ( 210,  210)
          ( 144,  144) ( 210,  210) ( 144,  144) ( 210,  210) ( 144,  144) ( 210,  210) ( 144,  144) ( 210,  210) ( 144,  144) ( 210,  210)
          ( 144,  144) ( 210,  210) ( 144,  144) ( 210,  210) ( 144,  144) ( 210,  210) ( 144,  144) ( 210,  210) ( 144,  144) ( 210,  210)
          ( 144,  144) ( 210,  210) ( 144,  144) ( 210,  210) ( 144,  144) ( 210,  210) ( 144,  144) ( 210,  210) ( 144,  144) ( 210,  210)
          ( 144,  144) ( 210,  210) ( 144,  144) ( 210,  210) ( 144,  144) ( 210,  210) ( 144,  144) ( 210,  210) ( 144,  144) ( 210,  210)
          ( 144,  144) ( 210,  210) ( 144,  144) ( 210,  210) ( 144,  144) ( 210,  210) ( 144,  144) ( 210,  210) ( 144,  144) ( 210,  210)
          ( 144,  144) ( 210,  210) ( 144,  144) ( 210,  210) ( 144,  144) ( 210,  210) ( 144,  144) ( 210,  210) ( 144,  144) ( 210,  210)
          ( 144,  144) ( 210,  210) ( 144,  144) ( 210,  210) ( 144,  144) ( 210,  210) ( 144,  144) ( 210,  210) ( 144,  144) ( 210,  210)
          ( 144,  144) ( 210,  210) ( 144,  144) ( 210,  210) ( 144,  144) ( 210,  210) ( 144,  144) ( 210,  210) ( 144,  144) ( 210,  210)
          ( 144,  144) ( 210,  210) ( 144,  144) ( 210,  210) ( 144,  144) ( 210,  210) ( 144,  144) ( 210,  210) ( 144,  144) ( 210,  210)
          ( 144,  144) ( 210,  210) ( 144,  144) ( 210,  210) ( 144,  144) ( 210,  210) ( 144,  144) ( 210,  210) ( 144,  144) ( 210,  210)
         
node   7 sent_total  78760  recv_total  78327

node   8  (   0,    0) (   0,    0) (   0,    0) (   0,    0) (   0,    0) (   0,    0) (   0,    0) (   0,    0) (   0,    0) (   0,    0)
          (   0,    0) (   0,    0) (   0,    0) (   0,    0) (   0,    0) (   0,    0) (   0,    0) (   0,    0) (   0,    0) (   0,    0)
          (   0,    0) (   0,    0) (   0,    0) (   0,    0) (   0,    0) (   0,    0) (   0,    0) (   0,    0) (   0,    0) (   0,    0)
          (   0,    0) (   0,    0) (   0,    0) (   0,    0) (   0,    0) (   0,    0) (   0,    0) (   0,    0) (   0,    0) (   0,    0)
          (   0,    0) (   0,    0) (   0,    0) (   0,    0) (   0,    0) (   0,    0) (   0,    0) (   0,    0) (   0,    0) (   0,    0)
          (   0,    0) (   0,    0) (   0,    0) (   0,    0) (   0,    0) (   0,    0) (   0,    0) (   0,    0) (   0,    0) (   0,    0)
          (   0,    0) (   0,    0) (   0,    0) (   0,    0) (   0,    0) (   0,    0) (   0,    0) (   0,    0) (   0,    0) (   0,    0)
          (   0,    0) (   0,    0) (   0,    0) (   0,    0) (   0,    0) (   0,    0) (   0,    0) (   0,    0) (   0,    0) (   0,    0)
          (   0,    0) (   0,    0) (   0,    0) (   0,    0) (   0,    0) (   0,    0) (   0,    0) (   0,    0) (   0,    0) (   0,    0)
          (   0,    0) (   0,    0) (   0,    0) (   0,    0) (   0,    0) (   0,    0) (   0,    0) (   0,    0) (   0,    0) (   0,    0)
          (  27,    0) (  39,   39) (   0,   27) (   0,    0) (   0,    0) (   0,    0) (   0,    0) (   0,    0) (   0,    0) (   0,    0)
          (   0,    0) (   0,    0) (   0,    0) (   0,    0) (   0,    0) (   0,    0) (   0,    0) (   0,    0) (   0,    0) (   0,    0)
          (   0,    0) (   0,    0) (   0,    0) (   0,    0) (   0,    0) (   0,    0) (   0,    0) (   0,    0) (   0,    0) (   0,    0)
          (   0,    0) (   0,    0) (   0,    0) (   0,    0) (   0,    0) (   0,    0) (   0,    0) (   0,    0) (   0,    0) (   0,    0)
          (   0,    0) (   0,    0) (   0,    0) (   0,    0) (   0,    0) (   0,    0) (   0,    0) (   0,    0) (   0,    0) (   0,    0)
          (   0,    0) (   1,    1) (   0,    0) (   0,    0) (   0,    0) (   0,    0) (   0,    0) (   0,    0) (   0,    0) (   0,    0)
          (   0,    0) (   0,    0) (   0,    0) (   0,    0) (   0,    0) (   0,    0) (   0,    0) (   0,    0) (   0,    0) (   0,    0)
          (   0,    0) (   0,    0) (   0,    0) (   0,    0) (   0,    0) (   2,    0) (   0,    0) (   0,    1) (   0,    0) (   0,    0)
          (   0,    0) (   0,    0) (   0,    0) (   0,    0) (   0,    0) (   0,    0) (   0,    0) (   0,    0) (   0,    0) (   0,    0)
          (   0,    0) (   0,    0) (   0,    0) (   0,    0) (   0,    0) (   0,    0) (   0,    0) (   0,    0) (  27,   27) ( 117,   33)
          (  27,   27) ( 117,  117) (  27,   27) ( 117,  117) (  27,   27) ( 117,  117) (  27,   27) ( 117,  117) (  27,   27) ( 117,  117)
          (  27,   27) ( 117,  117) (  27,   27) ( 117,  117) (  27,   27) ( 117,  117) (  27,   27) ( 117,  117) (  27,   27) ( 117,  117)
          (  27,   27) ( 117,  117) (  27,   27) ( 117,  117) (  27,   27) ( 117,  117) (   0,    0) (   0,    0) (   0,    0) (   0,    0)
          (   0,    0) (   0,    0) (   0,    0) (   0,    0) (   0,    0) (   0,    0) (   0,    0) (   0,    0) (   0,    0) (   0,    0)
          (   0,    0) (   0,    0) (   0,    0) (   0,    0) (   0,    0) (   0,    0) (   0,    0) (   0,    0) (   0,    0) (   0,    0)
          (   0,    0) (   0,    0) (   0,    0) (   0,    0) (   0,    0) (   0,    0) (   0,    0) (   0,    0) (   0,    0) (   0,    0)
          (   0,    0) (   0,    0) (   0,    0) (   0,    0) (   0,    0) (   0,    0) (   0,    0) (   0,    0) (   0,    0) (   0,    0)
          (   0,    0) (   0,    0) (   0,    0) (   0,    0) (   0,    0) (   0,    0) (   0,    0) (   0,    0) (   0,    0) (   0,    0)
          (   0,    0) (   0,    0) (   0,    0) (   0,    0) (   0,    0) (   0,    0) (   0,    0) (   0,    0) (   0,    0) (   0,    0)
          (   0,    0) (   0,    0) (   0,    0) (   0,    0) (   0,    0) (   0,    0) (   0,    0) (   0,    0) (   0,    0) (   0,    0)
          (   0,    0) (   0,    0) (   0,    0) (   0,    0) (   0,    0) (   0,    0) (   0,    0) (   0,    0) (   0,    0) (   0,    0)
          (   0,    0) (   0,    0) (   0,    0) (   0,    0) (   0,    0) (   0,    0) (   0,    0) (   0,    0) (   0,    0) (   0,    0)
          (   0,    0) (   0,    0) (   0,    0) (   0,    0) (   0,    0) (   0,    0) (   0,    0) (   0,    0) (   0,    0) (   0,    0)
          (   0,    0) (   0,    0) (   0,    0) (   0,    0) (   0,    0) (   0,    0) (   0,    0) (   0,    0) (   0,    0) (   0,    0)
          (   0,    0) (   0,    0) (   0,    0) (   0,    0) (   0,    0) (   0,    0) (   0,    0) (   0,    0) (   0,    0) (   0,    0)
          (   0,    0) (   0,    0) (   0,    0) (   0,    0) (   0,    0) (   0,    0) (   0,    0) (   0,    0) (   0,    0) (   0,    0)
          (   0,    0) (   0,    0) (   0,    0) (   0,    0) (   0,    0) (   0,    0) (   0,    0) (   0,    0) (   0,    0) (   0,    0)
          (   0,    0) (   0,    0) (   0,    0) (   0,    0) (   0,    0) (   0,    0) (   0,    0) (   0,    0) (   0,    0) (   0,    0)
          (   0,    0) (   0,    0) (   0,    0) (   0,    0) (   0,    0) (   0,    0) (   0,    0) (   0,    0) (   0,    0) (   0,    0)
          (   0,    0) (   0,    0) (   0,    0) (   0,    0) (   0,    0) (   0,    0) (   0,    0) (   0,    0) (   0,    0) (   0,    0)
          (   0,    0) (   0,    0) (   0,    0) (   0,    0) (   0,    0) (   0,    0) (   0,    0) (   0,    0) (   0,    0) (   0,    0)
          (   0,    0) (   0,    0) (   0,    0) (   0,    0) (   0,    0) (   0,    0) (   0,    0) (   0,    0) (   0,    0) (   0,    0)
          (   0,    0) (   0,    0) (   0,    0) (   0,    0) (   0,    0) (   0,    0) (   0,    0) (   0,    0) (   0,    0) (   0,    0)
          (   0,    0) (   0,    0) (   0,    0) (   0,    0) (   0,    0) (   0,    0) (   0,    0) (   0,    0) (   0,    0) (   0,    0)
          (   0,    0) (   0,    0) (   0,    0) (   0,    0) (   0,    0) (   0,    0) (   0,    0) (   0,    0) (   0,    0) (   0,    0)
          (   0,    0) (   0,    0) (   0,    0) (   0,    0) (   0,    0) (   0,    0) (   0,    0) (   0,    0) (   0,    0) (   0,    0)
          (   0,    0) (   0,    0) (   0,    0) (   0,    0) (   0,    0) (   0,    0) (   0,    0) (   0,    0) (   0,    0) (   0,    0)
          (   0,    0) (   0,    0) (   0,    0) (   0,    0) (   0,    0) (   0,    0) (   0,    0) (   0,    0) (   0,    0) (   0,    0)
          (   0,    0) (   0,    0) (   0,    0) (   0,    0) (   0,    0) (   0,    0) (   0,    0) (   0,    0) (   0,    0) (   0,    0)
          (   0,    0) (   0,    0) (   0,    0) (   0,    0) (   0,    0) (   0,    0) (   0,    0) (   0,    0) (   0,    0) (   0,    0)
          (   0,    0) (   0,    0) (   0,    0) (   0,    0) (   0,    0) (   0,    0) (   0,    0) (   0,    0) (   0,    0) (   0,    0)
          (   0,    0) (   0,    0) (   0,    0) (   0,    0) (   0,    0) (   0,    0) (   0,    0) (   0,    0) (   0,    0) (   0,    0)
          (   0,    0) (   0,    0) (   0,    0) (   0,    0) (   0,    0) (   0,    0) (   0,    0) (   0,    0) (   0,    0) (   0,    0)
          (   0,    0) (   0,    0) (   0,    0) (   0,    0) (   0,    0) (   0,    0) (   0,    0) (   0,    0) (   0,    0) (   0,    0)
          (   0,    0) (   0,    0) (   0,    0) (   0,    0) (   0,    0) (   0,    0) (   0,    0) (   0,    0) (   0,    0) (   0,    0)
          (   0,    0) (   0,    0) (   0,    0) (   0,    0) (   0,    0) (   0,    0) (   0,    0) (   0,    0) (   0,    0) (   0,    0)
          (   0,    0) (   0,    0) (   0,    0) (   0,    0) (   0,    0) (   0,    0) (   0,    0) (   0,    0) (   0,    0) (   0,    0)
          (   0,    0) (   0,    0) (   0,    0) (   0,    0) (   0,    0) (   0,    0) (   0,    0) (   0,    0) (   0,    0) (   0,    0)
          (   0,    0) (   0,    0) (   0,    0) (   0,    0) (   0,    0) (   0,    0) (   0,    0) (   0,    0) (   0,    0) (   0,    0)
          (   0,    0) (   0,    0) (   0,    0) (   0,    0) (   0,    0) (   0,    0) (   0,    0) (   0,    0) (   0,    0) (   0,    0)
          (   0,    0) (   0,    0) (   0,    0) (   0,    0) (   0,    0) (   0,    0) (   0,    0) (   0,    0) (   0,    0) (   0,    0)
          (   0,    0) (   0,    0) (   0,    0) (   0,    0) (   0,    0) (   0,    0) (   0,    0) (   0,    0) (   0,    0) (   0,    0)
          (   0,    0) (   0,    0) (   0,    0) (   0,    0) (   0,    0) (   0,    0) (   0,    0) (   0,    0) (   0,    0) (   0,    0)
          (   0,    0) (   0,    0) (   0,    0) (   0,    0) (   0,    0) (   0,    0) (   0,    0) (   0,    0) (   0,    0) (   0,    0)
          (   0,    0) (   0,    0) (   0,    0) (   0,    0) (   0,    0) (   0,    0) (   0,    0) (   0,    0) (   0,    0) (   0,    0)
          (   0,    0) (   0,    0) (   0,    0) (   0,    0) (   0,    0) (   0,    0) (   0,    0) (   0,    0) (   0,    0) (   0,    0)
          (   0,    0) (   0,    0) (   0,    0) (   0,    0) (   0,    0) (   0,    0) (   0,    0) (   0,    0) (   0,    0) (   0,    0)
          (   0,    0) (   0,    0) (   0,    0) (   0,    0) (   0,    0) (   0,    0) (   0,    0) (   0,    0) (   0,    0) (   0,    0)
          (   0,    0) (   0,    0) (   0,    0) (   0,    0) (   0,    0) (   0,    0) (   0,    0) (   0,    0) (   0,    0) (   0,    0)
          (   0,    0) (   0,    0) (   0,    0) (   0,    0) (   0,    0) (   0,    0) (   0,    0) (   0,    0) (   0,    0) (   0,    0)
         
node   8 sent_total   2085  recv_total   2000

node   9  (   0,    0) (   0,    0) (   0,    0) (   0,    0) (   0,    0) (   0,    0) (   0,    0) (   0,    0) (   0,    0) (   0,    0)
          (   0,    0) (   0,    0) (   0,    0) (   0,    0) (   0,    0) (   0,    0) (   0,    0) (   0,    0) (   0,    0) (   0,    0)
          (   0,    0) (   0,    0) (   0,    0) (   0,    0) (   0,    0) (   0,    0) (   0,    0) (   0,    0) (   0,    0) (   0,    0)
          (   0,    0) (   0,    0) (   0,    0) (   0,    0) (   0,    0) (   0,    0) (   0,    0) (   0,    0) (   0,    0) (   0,    0)
          (   0,    0) (   0,    0) (   0,    0) (   0,    0) (   0,    0) (   0,    0) (   0,    0) (   0,    0) (   0,    0) (   0,    0)
          (   0,    0) (   0,    0) (   0,    0) (   0,    0) (   0,    0) (   0,    0) (   0,    0) (   0,    0) (   0,    0) (   0,    0)
          (   0,    0) (   0,    0) (   0,    0) (   0,    0) (   0,    0) (   0,    0) (   0,    0) (   0,    0) (   0,    0) (   0,    0)
          (   0,    0) (   0,    0) (   0,    0) (   0,    0) (   0,    0) (   0,    0) (   0,    0) (   0,    0) (   0,    0) (   0,    0)
          (   0,    0) (   0,    0) (   0,    0) (   0,    0) (   0,    0) (   0,    0) (   0,    0) (   0,    0) (   0,    0) (   0,    0)
          (   0,    0) (   0,    0) (   0,    0) (   0,    0) (   0,    0) (   0,    0) (   0,    0) (   0,    0) (   0,    0) (   0,    0)
          (  31,    0) (  32,   32) (   0,   31) (   0,    0) (   0,    0) (   0,    0) (   0,    0) (   0,    0) (   0,    0) (   0,    0)
          (   0,    0) (   0,    0) (   0,    0) (   0,    0) (   0,    0) (   0,    0) (   0,    0) (   0,    0) (   0,    0) (   0,    0)
          (   0,    0) (   0,    0) (   0,    0) (   0,    0) (   0,    0) (   0,    0) (   0,    0) (   0,    0) (   0,    0) (   0,    0)
          (   0,    0) (   0,    0) (   0,    0) (   0,    0) (   0,    0) (   0,    0) (   0,    0) (   0,    0) (   0,    0) (   0,    0)
          (   0,    0) (   0,    0) (   0,    0) (   0,    0) (   0,    0) (   0,    0) (   0,    0) (   0,    0) (   0,    0) (   0,    0)
          (   0,    0) (   0,    0) (   0,    0) (   0,    0) (   0,    0) (   0,    0) (   0,    0) (   0,    0) (   0,    0) (   0,    0)
          (   0,    0) (   0,    0) (   0,    0) (   0,    0) (   0,    0) (   0,    0) (   0,    0) (   0,    0) (   0,    0) (   0,    0)
          (   0,    0) (   0,    0) (   0,    0) (   0,    0) (   0,    0) (   0,    0) (   0,    0) (   0,    0) (   0,    0) (   0,    0)
          (   0,    0) (   0,    0) (   0,    0) (   0,    0) (   0,    0) (   0,    0) (   0,    0) (   0,    0) (   0,    0) (   0,    0)
          (   0,    0) (   0,    0) (   0,    0) (   0,    0) (   0,    0) (   0,    0) (   0,    0) (  68,    0) (  93,   65) (  43,   71)
          (  93,   93) (  43,   43) (  93,   93) (  43,   43) (  93,   93) (  43,   43) (  93,   93) (  43,   43) (  93,   93) (  43,   43)
          (  93,   93) (  43,   43) (  93,   93) (  43,   43) (  93,   93) (  43,   43) (  93,   93) (  43,   43) (  93,   93) (  43,   43)
          (  93,   93) (  43,   43) (  93,   93) (  43,   43) (  93,   93) (  43,   43) (  93,   93) (  43,   43) (  93,   93) (  43,   43)
          (  93,   93) (  43,   43) (  93,   93) (  43,   43) (  93,   93) (  43,   43) (  93,   93) (  43,   43) (  93,   93) (  43,   43)
          (  93,   93) (  43,   43) (  93,   93) (  43,   43) (  93,   93) (  43,   43) (  93,   93) ( 142,   74) ( 183,  155) (  89,  117)
          ( 285,  217) ( 145,  117) ( 257,  285) ( 145,  145) ( 257,  257) ( 145,  145) ( 257,  257) ( 145,  145) ( 257,  257) ( 145,  145)
          ( 257,  257) ( 145,  145) ( 257,  257) ( 145,  145) ( 257,  257) ( 145,  145) ( 257,  257) ( 145,  145) ( 257,  257) ( 145,  145)
          ( 257,  257) ( 145,  145) ( 257,  257) ( 145,  145) ( 257,  257) ( 145,  145) ( 257,  257) ( 145,  145) ( 257,  257) ( 145,  145)
          ( 257,  257) ( 145,  145) ( 257,  257) ( 145,  145) ( 257,  257) ( 145,  145) ( 257,  257) ( 142,  139) ( 251,  245) ( 142,  139)
          ( 251,  245) ( 142,  139) ( 251,  245) ( 142,  139) ( 251,  245) ( 142,  139) ( 251,  245) ( 142,  139) ( 251,  245) ( 142,  139)
          ( 251,  245) ( 142,  139) ( 251,  245) ( 142,  139) ( 251,  245) ( 142,  139) ( 251,  245) ( 142,  139) ( 350,  276) ( 232,  201)
          ( 294,  322) ( 232,  232) ( 294,  294) ( 232,  232) ( 294,  294) ( 232,  232) ( 294,  294) ( 232,  232) ( 294,  294) ( 232,  232)
          ( 294,  294) ( 232,  232) ( 294,  294) ( 232,  232) ( 294,  294) ( 232,  232) ( 294,  294) ( 232,  232) ( 294,  294) ( 232,  232)
          ( 294,  294) ( 232,  232) ( 294,  294) ( 232,  232) ( 294,  294) ( 232,  232) ( 294,  294) ( 232,  232) ( 294,  294) ( 232,  232)
          ( 294,  294) ( 232,  232) ( 294,  294) ( 232,  232) ( 294,  294) ( 232,  232) ( 294,  294) ( 232,  232) ( 294,  294) ( 232,  232)
          ( 294,  294) ( 232,  232) ( 294,  294) ( 232,  232) ( 294,  294) ( 232,  232) ( 294,  294) ( 232,  232) ( 294,  294) ( 232,  232)
          ( 294,  294) ( 232,  232) ( 294,  294) ( 232,  232) ( 294,  294) ( 232,  232) ( 294,  294) ( 232,  232) ( 294,  294) ( 232,  232)
          ( 294,  294) ( 232,  232) ( 294,  294) ( 232,  232) ( 294,  294) ( 232,  232) ( 294,  294) ( 232,  232) ( 294,  294) ( 232,  232)
          ( 294,  294) ( 232,  232) ( 294,  294) ( 232,  232) ( 294,  294) ( 232,  232) ( 294,  294) ( 232,  232) ( 294,  294) ( 232,  232)
          ( 294,  294) ( 232,  232) ( 294,  294) ( 232,  232) ( 294,  294) ( 232,  232) ( 294,  294) ( 232,  232) ( 294,  294) ( 232,  232)
          ( 294,  294) ( 232,  232) ( 294,  294) ( 232,  232) ( 294,  294) ( 232,  232) ( 294,  294) ( 232,  232) ( 294,  294) ( 232,  232)
          ( 294,  294) ( 232,  232) ( 294,  294) ( 232,  232) ( 294,  294) ( 232,  232) ( 294,  294) ( 232,  232) ( 294,  294) ( 232,  232)
          ( 294,  294) ( 232,  232) ( 294,  294) ( 232,  232) ( 294,  294) ( 232,  232) ( 294,  294) ( 232,  232) ( 294,  294) ( 232,  232)
          ( 294,  294) ( 232,  232) ( 294,  294) ( 232,  232) ( 294,  294) ( 232,  232) ( 294,  294) ( 232,  232) ( 294,  294) ( 232,  232)
          ( 294,  294) ( 232,  232) ( 294,  294) ( 232,  232) ( 294,  294) ( 232,  232) ( 294,  294) ( 232,  232) ( 294,  294) ( 232,  232)
          ( 294,  294) ( 232,  232) ( 294,  294) ( 232,  232) ( 294,  294) ( 232,  232) ( 294,  294) ( 232,  232) ( 294,  294) ( 232,  232)
          ( 294,  294) ( 232,  232) ( 294,  294) ( 232,  232) ( 294,  294) ( 232,  232) ( 294,  294) ( 232,  232) ( 294,  294) ( 232,  232)
          ( 294,  294) ( 232,  232) ( 294,  294) ( 232,  232) ( 294,  294) ( 232,  232) ( 294,  294) ( 232,  232) ( 294,  294) ( 232,  232)
          ( 294,  294) ( 232,  232) ( 294,  294) ( 232,  232) ( 294,  294) ( 232,  232) ( 294,  294) ( 232,  232) ( 294,  294) ( 232,  232)
          ( 294,  294) ( 232,  232) ( 294,  294) ( 232,  232) ( 294,  294) ( 232,  232) ( 294,  294) ( 232,  232) ( 294,  294) ( 232,  232)
          ( 294,  294) ( 232,  232) ( 294,  294) ( 232,  232) ( 294,  294) ( 232,  232) ( 294,  294) ( 232,  232) ( 294,  294) ( 232,  232)
          ( 294,  294) ( 232,  232) ( 294,  294) ( 232,  232) ( 294,  294) ( 232,  232) ( 294,  294) ( 232,  232) ( 294,  294) ( 232,  232)
          ( 294,  294) ( 232,  232) ( 294,  294) ( 232,  232) ( 294,  294) ( 232,  232) ( 294,  294) ( 232,  232) ( 294,  294) ( 232,  232)
          ( 294,  294) ( 232,  232) ( 294,  294) ( 232,  232) ( 294,  294) ( 232,  232) ( 294,  294) ( 232,  232) ( 294,  294) ( 232,  232)
          ( 294,  294) ( 232,  232) ( 294,  294) ( 232,  232) ( 294,  294) ( 232,  232) ( 294,  294) ( 232,  232) ( 294,  294) ( 232,  232)
          ( 294,  294) ( 232,  232) ( 294,  294) ( 232,  232) ( 294,  294) ( 232,  232) ( 294,  294) ( 232,  232) ( 294,  294) ( 232,  232)
          ( 294,  294) ( 232,  232) ( 294,  294) ( 232,  232) ( 294,  294) ( 232,  232) ( 294,  294) ( 232,  232) ( 294,  294) ( 232,  232)
          ( 294,  294) ( 232,  232) ( 294,  294) ( 232,  232) ( 294,  294) ( 232,  232) ( 294,  294) ( 232,  232) ( 294,  294) ( 232,  232)
          ( 294,  294) ( 232,  232) ( 294,  294) ( 232,  232) ( 294,  294) ( 232,  232) ( 294,  294) ( 232,  232) ( 294,  294) ( 232,  232)
          ( 294,  294) ( 232,  232) ( 294,  294) ( 232,  232) ( 294,  294) ( 232,  232) ( 294,  294) ( 232,  232) ( 294,  294) ( 232,  232)
          ( 294,  294) ( 232,  232) ( 294,  294) ( 232,  232) ( 294,  294) ( 232,  232) ( 294,  294) ( 232,  232) ( 294,  294) ( 232,  232)
          ( 294,  294) ( 232,  232) ( 294,  294) ( 232,  232) ( 294,  294) ( 232,  232) ( 294,  294) ( 232,  232) ( 294,  294) ( 232,  232)
          ( 294,  294) ( 232,  232) ( 294,  294) ( 232,  232) ( 294,  294) ( 232,  232) ( 294,  294) ( 232,  232) ( 294,  294) ( 232,  232)
          ( 294,  294) ( 232,  232) ( 294,  294) ( 232,  232) ( 294,  294) ( 232,  232) ( 294,  294) ( 232,  232) ( 294,  294) ( 232,  232)
          ( 294,  294) ( 232,  232) ( 294,  294) ( 232,  232) ( 294,  294) ( 232,  232) ( 294,  294) ( 232,  232) ( 294,  294) ( 232,  232)
          ( 294,  294) ( 232,  232) ( 294,  294) ( 232,  232) ( 294,  294) ( 232,  232) ( 294,  294) ( 232,  232) ( 294,  294) ( 232,  232)
          ( 294,  294) ( 232,  232) ( 294,  294) ( 232,  232) ( 294,  294) ( 232,  232) ( 294,  294) ( 232,  232) ( 294,  294) ( 232,  232)
          ( 294,  294) ( 232,  232) ( 294,  294) ( 232,  232) ( 294,  294) ( 232,  232) ( 294,  294) ( 232,  232) ( 294,  294) ( 232,  232)
          ( 294,  294) ( 232,  232) ( 294,  294) ( 232,  232) ( 294,  294) ( 232,  232) ( 294,  294) ( 232,  232) ( 294,  294) ( 232,  232)
          ( 294,  294) ( 232,  232) ( 294,  294) ( 232,  232) ( 294,  294) ( 232,  232) ( 294,  294) ( 232,  232) ( 294,  294) ( 232,  232)
         
node   9 sent_total 118647  recv_total 118273

node  10  (   0,    0) (   0,    0) (   0,    0) (   0,    0) (   0,    0) (   0,    0) (   0,    0) (   0,    0) (   0,    0) (   0,    0)
          (   0,    0) (   0,    0) (   0,    0) (   0,    0) (   0,    0) (   0,    0) (   0,    0) (   0,    0) (   0,    0) (   0,    0)
          (   0,    0) (   0,    0) (   0,    0) (   0,    0) (   0,    0) (   0,    0) (   0,    0) (   0,    0) (   0,    0) (   0,    0)
          (   0,    0) (   0,    0) (   0,    0) (   0,    0) (   0,    0) (   0,    0) (   0,    0) (   0,    0) (   0,    0) (   0,    0)
          (   0,    0) (   0,    0) (   0,    0) (   0,    0) (   0,    0) (   0,    0) (   0,    0) (   0,    0) (   0,    0) (   0,    0)
          (   0,    0) (   0,    0) (   0,    0) (   0,    0) (   0,    0) (   0,    0) (   0,    0) (   0,    0) (   0,    0) (   0,    0)
          (   0,    0) (   0,    0) (   0,    0) (   0,    0) (   0,    0) (   0,    0) (   0,    0) (   0,    0) (   0,    0) (   0,    0)
          (   0,    0) (   0,    0) (   0,    0) (   0,    0) (   0,    0) (   0,    0) (   0,    0) (   0,    0) (   0,    0) (   0,    0)
          (   0,    0) (   0,    0) (   0,    0) (   0,    0) (   0,    0) (   0,    0) (   0,    0) (   0,    0) (   0,    0) (   0,    0)
          (   0,    0) (   0,    0) (   0,    0) (   0,    0) (   0,    0) (   0,    0) (   0,    0) (   0,    0) (   0,    0) (   0,    0)
          (  11,    0) (  27,   27) (   0,   11) (   0,    0) (   0,    0) (   0,    0) (   0,    0) (   0,    0) (   0,    0) (   0,    0)
          (   0,    0) (   0,    0) (   0,    0) (   0,    0) (   0,    0) (   0,    0) (   0,    0) (   0,    0) (   0,    0) (   0,    0)
          (   0,    0) (   0,    0) (   0,    0) (   0,    0) (   0,    0) (   0,    0) (   0,    0) (   0,    0) (   0,    0) (   0,    0)
          (   0,    0) (   0,    0) (   0,    0) (   0,    0) (   0,    0) (   0,    0) (   0,    0) (   0,    0) (   0,    0) (   0,    0)
          (   0,    0) (   0,    0) (   0,    0) (   0,    0) (   0,    0) (   0,    0) (   0,    0) (   0,    0) (   0,    0) (   0,    0)
          (   0,    0) (   0,    0) (   0,    0) (   0,    0) (   0,    0) (   0,    0) (   0,    0) (   0,    0) (   0,    0) (   0,    0)
          (   0,    0) (   0,    0) (   0,    0) (   0,    0) (   0,    0) (   0,    0) (   0,    0) (   0,    0) (   0,    0) (   0,    0)
          (   0,    0) (   0,    0) (   0,    0) (   0,    0) (   0,    0) (   0,    0) (   0,    0) (   0,    0) (   0,    0) (   0,    0)
          (   0,    0) (   0,    0) (   0,    0) (   0,    0) (   0,    0) (   0,    0) (   0,    0) (   0,    0) (   0,    0) (   0,    0)
          (   0,    0) (   0,    0) (   0,    0) (   0,    0) (   0,    0) (   0,    0) (   0,    0) (  84,   28) (   3,    3) ( 109,  109)
          (   3,    3) ( 109,  109) (   3,    3) ( 109,  109) (   3,    3) ( 109,  109) (   3,    3) ( 109,  109) (   3,    3) ( 109,  109)
          (   3,    3) ( 109,  109) (   3,    3) ( 109,  109) (   3,    3) ( 109,  109) (   3,    3) ( 109,  109) (   3,    3) ( 109,  109)
          (   3,    3) ( 109,  109) (   3,    3) ( 109,  109) (   3,    3) ( 109,  109) (   3,    3) ( 109,  109) (   3,    3) ( 109,  109)
          (   3,    3) ( 109,  109) (   3,    3) ( 109,  109) (   3,    3) ( 109,  109) (   3,    3) ( 109,  109) (   3,    3) ( 109,  109)
          (   3,    3) ( 109,  109) (   3,    3) ( 109,  109) (   3,    3) ( 109,  109) (   3,    3) ( 162,  162) (  31,   31) ( 221,  165)
          (  59,   59) ( 277,  221) (  59,   59) ( 277,  277) (  59,   59) ( 277,  277) (  59,   59) ( 277,  277) (  59,   59) ( 277,  277)
          (  59,   59) ( 277,  277) (  59,   59) ( 277,  277) (  59,   59) ( 277,  277) (  59,   59) ( 277,  277) (  59,   59) ( 277,  277)
          (  59,   59) ( 277,  277) (  59,   59) ( 277,  277) (  59,   59) ( 277,  277) (  59,   59) ( 277,  277) (  59,   59) ( 277,  277)
          (  59,   59) ( 277,  277) (  59,   59) ( 277,  277) (  59,   59) ( 277,  277) (  59,   59) ( 274,  265) (  53,   53) ( 274,  265)
          (  53,   53) ( 274,  265) (  53,   53) ( 274,  265) (  53,   53) ( 274,  265) (  53,   53) ( 274,  265) (  53,   53) ( 274,  265)
          (  53,   53) ( 274,  265) (  53,   53) ( 274,  265) (  53,   53) ( 274,  265) (  53,   53) ( 352,  343) ( 327,  193) ( 415,  406)
          ( 327,  327) ( 415,  415) ( 327,  327) ( 415,  415) ( 327,  327) ( 415,  415) ( 327,  327) ( 415,  415) ( 327,  327) ( 415,  415)
          ( 327,  327) ( 415,  415) ( 327,  327) ( 415,  415) ( 327,  327) ( 415,  415) ( 327,  327) ( 415,  415) ( 327,  327) ( 415,  415)
          ( 327,  327) ( 415,  415) ( 327,  327) ( 415,  415) ( 327,  327) ( 415,  415) ( 327,  327) ( 415,  415) ( 327,  327) ( 415,  415)
          ( 327,  327) ( 415,  415) ( 327,  327) ( 415,  415) ( 327,  327) ( 415,  415) ( 327,  327) ( 415,  415) ( 327,  327) ( 415,  415)
          ( 327,  327) ( 415,  415) ( 327,  327) ( 415,  415) ( 327,  327) ( 415,  415) ( 327,  327) ( 415,  415) ( 327,  327) ( 415,  415)
          ( 327,  327) ( 415,  415) ( 327,  327) ( 415,  415) ( 327,  327) ( 415,  415) ( 327,  327) ( 415,  415) ( 327,  327) ( 415,  415)
          ( 327,  327) ( 415,  415) ( 327,  327) ( 415,  415) ( 327,  327) ( 415,  415) ( 327,  327) ( 415,  415) ( 327,  327) ( 415,  415)
          ( 327,  327) ( 415,  415) ( 327,  327) ( 415,  415) ( 327,  327) ( 415,  415) ( 327,  327) ( 415,  415) ( 327,  327) ( 415,  415)
          ( 327,  327) ( 415,  415) ( 327,  327) ( 415,  415) ( 327,  327) ( 415,  415) ( 327,  327) ( 415,  415) ( 327,  327) ( 415,  415)
          ( 327,  327) ( 415,  415) ( 327,  327) ( 415,  415) ( 327,  327) ( 415,  415) ( 327,  327) ( 415,  415) ( 327,  327) ( 415,  415)
          ( 327,  327) ( 415,  415) ( 327,  327) ( 415,  415) ( 327,  327) ( 415,  415) ( 327,  327) ( 415,  415) ( 327,  327) ( 415,  415)
          ( 327,  327) ( 415,  415) ( 327,  327) ( 415,  415) ( 327,  327) ( 415,  415) ( 327,  327) ( 415,  415) ( 327,  327) ( 415,  415)
          ( 327,  327) ( 415,  415) ( 327,  327) ( 415,  415) ( 327,  327) ( 415,  415) ( 327,  327) ( 415,  415) ( 327,  327) ( 415,  415)
          ( 327,  327) ( 415,  415) ( 327,  327) ( 415,  415) ( 327,  327) ( 415,  415) ( 327,  327) ( 415,  415) ( 327,  327) ( 415,  415)
          ( 327,  327) ( 415,  415) ( 327,  327) ( 415,  415) ( 327,  327) ( 415,  415) ( 327,  327) ( 415,  415) ( 327,  327) ( 415,  415)
          ( 327,  327) ( 415,  415) ( 327,  327) ( 415,  415) ( 327,  327) ( 415,  415) ( 327,  327) ( 415,  415) ( 327,  327) ( 415,  415)
          ( 327,  327) ( 415,  415) ( 327,  327) ( 415,  415) ( 327,  327) ( 415,  415) ( 327,  327) ( 415,  415) ( 327,  327) ( 415,  415)
          ( 327,  327) ( 415,  415) ( 327,  327) ( 415,  415) ( 327,  327) ( 415,  415) ( 327,  327) ( 415,  415) ( 327,  327) ( 415,  415)
          ( 327,  327) ( 415,  415) ( 327,  327) ( 415,  415) ( 327,  327) ( 415,  415) ( 327,  327) ( 415,  415) ( 327,  327) ( 415,  415)
          ( 327,  327) ( 415,  415) ( 327,  327) ( 415,  415) ( 327,  327) ( 415,  415) ( 327,  327) ( 415,  415) ( 327,  327) ( 415,  415)
          ( 327,  327) ( 415,  415) ( 327,  327) ( 415,  415) ( 327,  327) ( 415,  415) ( 327,  327) ( 415,  415) ( 327,  327) ( 415,  415)
          ( 327,  327) ( 415,  415) ( 327,  327) ( 415,  415) ( 327,  327) ( 415,  415) ( 327,  327) ( 415,  415) ( 327,  327) ( 415,  415)
          ( 327,  327) ( 415,  415) ( 327,  327) ( 415,  415) ( 327,  327) ( 415,  415) ( 327,  327) ( 415,  415) ( 327,  327) ( 415,  415)
          ( 327,  327) ( 415,  415) ( 327,  327) ( 415,  415) ( 327,  327) ( 415,  415) ( 327,  327) ( 415,  415) ( 327,  327) ( 415,  415)
          ( 327,  327) ( 415,  415) ( 327,  327) ( 415,  415) ( 327,  327) ( 415,  415) ( 327,  327) ( 415,  415) ( 327,  327) ( 415,  415)
          ( 327,  327) ( 415,  415) ( 327,  327) ( 415,  415) ( 327,  327) ( 415,  415) ( 327,  327) ( 415,  415) ( 327,  327) ( 415,  415)
          ( 327,  327) ( 415,  415) ( 327,  327) ( 415,  415) ( 327,  327) ( 415,  415) ( 327,  327) ( 415,  415) ( 327,  327) ( 415,  415)
          ( 327,  327) ( 415,  415) ( 327,  327) ( 415,  415) ( 327,  327) ( 415,  415) ( 327,  327) ( 415,  415) ( 327,  327) ( 415,  415)
          ( 327,  327) ( 415,  415) ( 327,  327) ( 415,  415) ( 327,  327) ( 415,  415) ( 327,  327) ( 415,  415) ( 327,  327) ( 415,  415)
          ( 327,  327) ( 415,  415) ( 327,  327) ( 415,  415) ( 327,  327) ( 415,  415) ( 327,  327) ( 415,  415) ( 327,  327) ( 415,  415)
          ( 327,  327) ( 415,  415) ( 327,  327) ( 415,  415) ( 327,  327) ( 415,  415) ( 327,  327) ( 415,  415) ( 327,  327) ( 415,  415)
          ( 327,  327) ( 415,  415) ( 327,  327) ( 415,  415) ( 327,  327) ( 415,  415) ( 327,  327) ( 415,  415) ( 327,  327) ( 415,  415)
          ( 327,  327) ( 415,  415) ( 327,  327) ( 415,  415) ( 327,  327) ( 415,  415) ( 327,  327) ( 415,  415) ( 327,  327) ( 415,  415)
          ( 327,  327) ( 415,  415) ( 327,  327) ( 415,  415) ( 327,  327) ( 415,  415) ( 327,  327) ( 415,  415) ( 327,  327) ( 415,  415)
          ( 327,  327) ( 415,  415) ( 327,  327) ( 415,  415) ( 327,  327) ( 415,  415) ( 327,  327) ( 415,  415) ( 327,  327) ( 415,  415)
          ( 327,  327) ( 415,  415) ( 327,  327) ( 415,  415) ( 327,  327) ( 415,  415) ( 327,  327) ( 415,  415) ( 327,  327) ( 415,  415)
          ( 327,  327) ( 415,  415) ( 327,  327) ( 415,  415) ( 327,  327) ( 415,  415) ( 327,  327) ( 415,  415) ( 327,  327) ( 415,  415)
          ( 327,  327) ( 415,  415) ( 327,  327) ( 415,  415) ( 327,  327) ( 415,  415) ( 327,  327) ( 415,  415) ( 327,  327) ( 415,  415)
          ( 327,  327) ( 415,  415) ( 327,  327) ( 415,  415) ( 327,  327) ( 415,  415) ( 327,  327) ( 415,  415) ( 327,  327) ( 415,  415)
         
node  10 sent_total 158388  recv_total 157978

