node   1  (   0,    0) (   5,    3) (   6,    4) (   4,    4) (   2,    4) (   2,    4) (   2,    2) (   2,    2) (   2,    3) (   2,    1)
          (   2,    1) (   2,    4) (   2,    2) (   2,    2) (   2,    3) (   2,    2) (   2,    2) (   2,    0) (   2,    5) (   2,    3)
          (   2,    2) (   2,    3) (   2,    5) (   2,    1) (   2,    1) (   2,    3) (   2,    3) (   2,    2) (   2,    1) (   2,    3)
          (   2,    1) (   2,    5) (   2,    2) (   2,    3) (   2,    2) (   2,    1) (   2,    2) (   2,    2) (   2,    2) (   2,    2)
          (   2,    1) (   2,    3) (   2,    1) (   2,    1) (   2,    3) (   2,    2) (   2,    0) (   2,    1) (   2,    2) (   2,    0)
          (   2,    1) (   2,    2) (   2,    2) (   2,    4) (   2,    2) (   1,    1) (   2,    2) (   2,    3) (   2,    1) (   2,    2)
          (   2,    1) (   2,    0) (   2,    1) (   2,    0) (   1,    3) (   2,    2) (   0,    2) (   2,    0) (   2,    3) (   2,    1)
          (   2,    1) (   2,    1) (   2,    2) (   2,    3) (   2,    3) (   2,    2) (   2,    3) (   2,    5) (   2,    2) (   2,    1)
          (   2,    3) (   2,    4) (   2,    3) (   2,    2) (   1,    4) (   2,    1) (   2,    2) (   2,    3) (   2,    0) (   2,    0)
          (   2,    0) (   2,    3) (   2,    3) (   2,    1) (   2,    0) (   2,    1) (   1,    2) (   1,    1) (   2,    1) (   1,    0)
          (   1,    3) (   2,    4) (   2,    3) (   2,    2) (   1,    2) (   2,    1) (   2,    4) (   2,    2) (   2,    0) (   1,    1)
          (   2,    2) (   2,    0) (   2,    2) (   1,    0) (   2,    2) (   2,    2) (   2,    1) (   2,    2) (   1,    2) (   2,    2)
          (   2,    0) (   1,    3) (   2,    2) (   1,    1) (   2,    0) (   2,    2) (   1,    2) (   2,    2) (   2,    2) (   2,    2)
          (   2,    1) (   2,    2) (   1,    2) (   2,    2) (   2,    1) (   2,    1) (   2,    0) (   2,    1) (   2,    2) (   1,    0)
          (   2,    1) (   2,    3) (   2,    4) (   1,    2) (   2,    1) (   2,    2) (   2,    4) (   2,    1) (   2,    2) (   2,    0)
          (   2,    1) (   2,    0) (   2,    1) (   2,    2) (   2,    1) (   2,    2) (   2,    2) (   2,    0) (   2,    2) (   1,    2)
          (   2,    2) (   2,    0) (   1,    3) (   2,    1) (   2,    0) (   2,    1) (   2,    3) (   2,    3) (   2,    0) (   2,    4)
          (   2,    2) (   2,    3) (   2,    2) (   2,    2) (   2,    1) (   2,    2) (   2,    2) (   2,    2) (   2,    2) (   2,    0)
          (   2,    2) (   1,    2) (   2,    2) (   2,    0) (   2,    0) (   2,    1) (   1,    2) (   2,    2) (   2,    2) (   2,    2)
          (   2,    1) (   2,    2) (   2,    0) (   1,    1) (   2,    2) (   2,    2) (   2,    3) (   2,    1) (   2,    3) (   1,    5)
          (   2,    3) (   2,    3) (   1,    2) (   2,    2) (   2,    2) (   2,    0) (   2,    1) (   2,    2) (   2,    3) (   2,    2)
          (   2,    2) (   2,    1) (   2,    0) (   2,    1) (   2,    1) (   2,    1) (   2,    0) (   1,    2) (   2,    2) (   2,    1)
          (   2,    2) (   2,    1) (   2,    0) (   2,    2) (   2,    2) (   1,    3) (   2,    2) (   1,    2) (   2,    1) (   2,    3)
          (   2,    1) (   2,    2) (   2,    3) (   1,    1) (   2,    3) (   2,    2) (   2,    1) (   2,    3) (   2,    2) (   2,    0)
          (   2,    2) (   1,    0) (   2,    3) (   2,    2) (   2,    2) (   2,    3) (   1,    1) (   1,    3) (   2,    1) (   1,    0)
          (   2,    1) (   2,    4) (   2,    1) (   1,    4) (   2,    0) (   1,    1) (   2,    3) (   2,    2) (   1,    2) (   1,    0)
          (   1,    3) (   2,    1) (   2,    1) (   1,    4) (   2,    3) (   1,    1) (   2,    0) (   2,    3) (   2,    1) (   2,    1)
          (   2,    1) (   2,    2) (   2,    0) (   2,    2) (   2,    1) (   2,    4) (   2,    3) (   2,    0) (   1,    3) (   1,    0)
          (   1,    3) (   2,    3) (   2,    2) (   2,    2) (   2,    5) (   2,    3) (   2,    3) (   2,    1) (   1,    2) (   2,    0)
          (   2,    3) (   2,    2) (   1,    2) (   1,    1) (   2,    4) (   2,    2) (   2,    2) (   2,    1) (   1,    2) (   1,    3)
          (   1,    1) (   2,    1) (   2,    3) (   2,    3) (   2,    2) (   2,    1) (   2,    1) (   2,    4) (   2,    2) (   2,    2)
          (   2,    0) (   2,    1) (   2,    3) (   2,    2) (   2,    3) (   2,    2) (   2,    1) (   2,    3) (   2,    2) (   2,    1)
          (   2,    4) (   2,    2) (   2,    4) (   2,    2) (   2,    3) (   2,    1) (   2,    0) (   2,    2) (   2,    4) (   2,    5)
          (   2,    2) (   2,    1) (   2,    2) (   2,    1) (   2,    3) (   2,    1) (   2,    2) (   2,    0) (   2,    3) (   2,    2)
          (   2,    1) (   2,    2) (   2,    0) (   2,    1) (   2,    0) (   2,    1) (   2,    1) (   2,    2) (   2,    1) (   2,    1)
          (   2,    0) (   2,    2) (   2,    2) (   2,    2) (   2,    5) (   2,    3) (   2,    3) (   2,    4) (   2,    2) (   2,    1)
          (   2,    1) (   2,    2) (   2,    3) (   2,    1) (   2,    1) (   2,    1) (   2,    4) (   2,    2) (   2,    4) (   2,    1)
          (   2,    3) (   2,    1) (   2,    4) (   2,    3) (   2,    2) (   2,    1) (   2,    1) (   2,    1) (   2,    3) (   2,    3)
          (   2,    2) (   2,    2) (   2,    6) (   2,    2) (   2,    0) (   2,    2) (   2,    0) (   2,    1) (   2,    1) (   2,    1)
          (   2,    2) (   2,    1) (   2,    2) (   2,    2) (   2,    4) (   2,    2) (   2,    4) (   2,    0) (   2,    0) (   2,    1)
          (   2,    1) (   2,    2) (   2,    3) (   2,    3) (   2,    4) (   2,    1) (   2,    2) (   2,    0) (   2,    1) (   2,    4)
          (   2,    2) (   2,    2) (   2,    3) (   2,    2) (   2,    1) (   2,    2) (   2,    4) (   2,    2) (   2,    4) (   2,    1)
          (   2,    2) (   2,    2) (   2,    1) (   2,    4) (   2,    3) (   2,    2) (   2,    2) (   2,    2) (   2,    2) (   2,    1)
          (   2,    3) (   2,    1) (   2,    3) (   2,    1) (   2,    3) (   2,    1) (   2,    2) (   2,    1) (   2,    3) (   2,    4)
          (   2,    3) (   2,    3) (   2,    1) (   2,    1) (   2,    1) (   2,    4) (   2,    2) (   2,    5) (   2,    1) (   2,    1)
          (   2,    2) (   2,    0) (   2,    1) (   2,    1) (   2,    2) (   2,    2) (   2,    2) (   2,    2) (   2,    0) (   2,    1)
          (   2,    2) (   2,    5) (   2,    2) (   2,    1) (   2,    1) (   2,    2) (   2,    1) (   2,    2) (   2,    2) (   2,    3)
          (   2,    3) (   2,    3) (   2,    4) (   2,    2) (   2,    1) (   2,    1) (   2,    1) (   2,    1) (   2,    3) (   2,    1)
          (   2,    5) (   2,    3) (   2,    1) (   2,    3) (   2,    2) (   2,    0) (   2,    2) (   2,    3) (   2,    3) (   2,    3)
          (   2,    4) (   2,    2) (   2,    1) (   2,    2) (   2,    3) (   2,    2) (   2,    2) (   2,    2) (   2,    3) (   2,    3)
          (   2,    1) (   2,    2) (   2,    1) (   2,    3) (   2,    2) (   2,    2) (   2,    2) (   2,    3) (   2,    0) (   2,    1)
          (   2,    3) (   2,    4) (   2,    2) (   2,    1) (   2,    2) (   2,    2) (   2,    3) (   2,    2) (   2,    1) (   2,    2)
          (   2,    3) (   2,    1) (   2,    3) (   2,    2) (   2,    0) (   2,    0) (   2,    3) (   2,    2) (   2,    3) (   2,    2)
          (   2,    3) (   2,    4) (   2,    1) (   2,    1) (   2,    2) (   2,    4) (   2,    1) (   2,    0) (   2,    1) (   2,    2)
          (   2,    1) (   2,    2) (   2,    2) (   2,    2) (   2,    2) (   2,    5) (   2,    0) (   2,    1) (   2,    5) (   2,    2)
          (   2,    0) (   2,    2) (   2,    1) (   2,    3) (   2,    2) (   2,    5) (   2,    2) (   2,    1) (   2,    2) (   2,    2)
          (   2,    3) (   2,    2) (   2,    2) (   2,    1) (   2,    5) (   2,    1) (   2,    1) (   2,    4) (   2,    1) (   2,    1)
          (   2,    3) (   2,    2) (   2,    2) (   2,    2) (   2,    1) (   2,    4) (   2,    2) (   2,    1) (   2,    2) (   2,    2)
          (   2,    2) (   2,    2) (   2,    2) (   2,    0) (   2,    4) (   2,    3) (   2,    4) (   2,    2) (   2,    4) (   2,    2)
          (   2,    3) (   2,    1) (   2,    4) (   2,    3) (   2,    1) (   2,    0) (   2,    1) (   2,    1) (   2,    3) (   2,    1)
          (   2,    5) (   2,    3) (   2,    2) (   2,    2) (   2,    1) (   2,    3) (   2,    2) (   2,    0) (   2,    0) (   2,    3)
          (   2,    0) (   2,    1) (   2,    1) (   2,    3) (   2,    2) (   2,    5) (   2,    0) (   2,    3) (   2,    2) (   2,    2)
          (   2,    1) (   2,    2) (   2,    1) (   2,    1) (   2,    1) (   2,    4) (   2,    1) (   2,    1) (   2,    0) (   2,    0)
          (   2,    1) (   2,    0) (   2,    4) (   2,    2) (   2,    3) (   2,    3) (   2,    1) (   2,    1) (   2,    2) (   2,    2)
          (   2,    5) (   2,    0) (   2,    1) (   2,    2) (   2,    1) (   2,    3) (   2,    0) (   2,    3) (   2,    2) (   2,    1)
          (   2,    2) (   2,    2) (   2,    1) (   2,    1) (   2,    3) (   2,    4) (   2,    3) (   2,    2) (   2,    1) (   2,    3)
          (   2,    2) (   2,    2) (   2,    2) (   2,    0) (   2,    1) (   2,    1) (   2,    1) (   2,    2) (   2,    1) (   2,    2)
          (   2,    4) (   2,    1) (   2,    3) (   2,    1) (   2,    1) (   2,    3) (   2,    1) (   2,    3) (   2,    2) (   2,    2)
          (   2,    1) (   2,    4) (   2,    2) (   2,    1) (   2,    4) (   2,    2) (   2,    2) (   2,    2) (   2,    2) (   2,    3)
          (   2,    1) (   2,    4) (   2,    1) (   2,    2) (   2,    2) (   2,    2) (   2,    3) (   2,    1) (   2,    1) (   2,    0)
         
node   1 sent_total   1357  recv_total   1346

node   2  (   1,    0) (   0,    0) (   1,    1) (   2,    1) (   2,    3) (   2,    4) (   2,    1) (   2,    4) (   2,    3) (   2,    2)
          (   2,    1) (   2,    4) (   2,    2) (   2,    2) (   2,    1) (   2,    3) (   2,    1) (   2,    0) (   2,    3) (   2,    2)
          (   2,    1) (   2,    3) (   2,    2) (   2,    4) (   2,    1) (   2,    4) (   2,    0) (   2,    4) (   2,    0) (   2,    2)
          (   2,    2) (   2,    3) (   2,    1) (   2,    2) (   2,    2) (   2,    5) (   2,    0) (   2,    1) (   2,    6) (   2,    2)
          (   2,    1) (   2,    3) (   2,    3) (   2,    4) (   2,    1) (   2,    2) (   2,    1) (   2,    1) (   2,    3) (   2,    1)
          (   2,    3) (   2,    3) (   2,    3) (   2,    3) (   2,    3) (   1,    2) (   2,    2) (   2,    1) (   1,    0) (   1,    1)
          (   2,    2) (   2,    3) (   2,    0) (   1,    1) (   2,    0) (   1,    0) (   2,    3) (   2,    4) (   2,    2) (   2,    3)
          (   2,    2) (   2,    3) (   2,    1) (   2,    1) (   2,    2) (   2,    1) (   2,    1) (   2,    4) (   2,    2) (   2,    1)
          (   1,    2) (   2,    2) (   2,    1) (   2,    3) (   2,    2) (   2,    0) (   2,    2) (   1,    2) (   1,    3) (   2,    2)
          (   2,    1) (   2,    2) (   2,    3) (   2,    1) (   2,    2) (   2,    2) (   2,    3) (   2,    1) (   1,    2) (   2,    1)
          (   2,    2) (   2,    3) (   2,    3) (   1,    0) (   2,    1) (   2,    2) (   2,    3) (   2,    3) (   2,    2) (   2,    2)
          (   2,    1) (   2,    4) (   2,    2) (   1,    3) (   2,    1) (   1,    2) (   2,    4) (   2,    3) (   2,    1) (   2,    0)
          (   1,    1) (   2,    3) (   2,    1) (   2,    4) (   2,    1) (   2,    2) (   2,    0) (   2,    2) (   1,    2) (   2,    2)
          (   0,    3) (   2,    2) (   2,    1) (   2,    1) (   2,    2) (   2,    3) (   1,    1) (   2,    1) (   2,    2) (   1,    2)
          (   2,    3) (   2,    2) (   2,    2) (   2,    4) (   1,    0) (   2,    3) (   2,    2) (   2,    1) (   2,    3) (   2,    2)
          (   2,    0) (   1,    2) (   2,    2) (   2,    1) (   2,    1) (   2,    1) (   2,    1) (   1,    3) (   2,    2) (   1,    3)
          (   2,    2) (   2,    3) (   2,    1) (   2,    3) (   2,    1) (   2,    3) (   2,    1) (   1,    1) (   2,    2) (   2,    1)
          (   1,    0) (   2,    2) (   1,    2) (   2,    2) (   2,    4) (   2,    3) (   2,    2) (   1,    2) (   2,    2) (   1,    4)
          (   2,    2) (   2,    2) (   1,    3) (   2,    1) (   2,    2) (   2,    4) (   1,    1) (   2,    1) (   2,    1) (   2,    2)
          (   2,    1) (   2,    2) (   2,    1) (   2,    2) (   2,    2) (   2,    1) (   2,    2) (   2,    2) (   2,    1) (   2,    3)
          (   2,    1) (   2,    2) (   2,    1) (   2,    0) (   1,    3) (   2,    3) (   2,    3) (   2,    1) (   2,    2) (   2,    2)
          (   2,    2) (   2,    3) (   2,    2) (   1,    1) (   1,    1) (   2,    0) (   2,    1) (   2,    0) (   2,    0) (   2,    1)
          (   2,    1) (   2,    2) (   2,    0) (   2,    1) (   1,    0) (   2,    2) (   1,    0) (   2,    1) (   1,    2) (   1,    1)
          (   2,    3) (   2,    2) (   1,    1) (   2,    1) (   2,    3) (   2,    1) (   1,    0) (   2,    2) (   2,    4) (   1,    2)
          (   1,    1) (   1,    0) (   2,    1) (   2,    2) (   2,    1) (   2,    1) (   2,    2) (   2,    0) (   2,    3) (   1,    2)
          (   1,    2) (   2,    1) (   2,    1) (   2,    5) (   2,    0) (   2,    0) (   2,    1) (   2,    3) (   2,    2) (   2,    1)
          (   2,    1) (   2,    2) (   2,    3) (   2,    1) (   2,    1) (   2,    2) (   2,    2) (   2,    1) (   2,    1) (   2,    1)
          (   2,    2) (   2,    1) (   1,    6) (   2,    1) (   2,    3) (   2,    1) (   1,    3) (   2,    2) (   2,    0) (   2,    1)
          (   2,    1) (   2,    1) (   2,    0) (   2,    4) (   2,    0) (   1,    2) (   2,    0) (   2,    2) (   1,    1) (   2,    1)
          (   2,    2) (   2,    2) (   2,    3) (   2,    4) (   2,    2) (   1,    0) (   1,    3) (   2,    2) (   2,    3) (   2,    1)
          (   2,    0) (   2,    3) (   2,    2) (   2,    2) (   2,    0) (   2,    4) (   2,    2) (   2,    2) (   2,    1) (   2,    1)
          (   2,    1) (   2,    1) (   2,    2) (   2,    1) (   2,    2) (   2,    1) (   2,    1) (   2,    2) (   2,    1) (   2,    2)
          (   2,    1) (   2,    4) (   2,    2) (   2,    3) (   2,    3) (   2,    1) (   2,    2) (   2,    3) (   2,    1) (   2,    1)
          (   2,    1) (   2,    4) (   2,    4) (   2,    0) (   2,    0) (   2,    2) (   2,    2) (   2,    2) (   2,    2) (   2,    1)
          (   2,    3) (   2,    2) (   2,    1) (   2,    1) (   2,    4) (   2,    1) (   2,    3) (   2,    2) (   2,    2) (   2,    3)
          (   2,    1) (   2,    0) (   2,    1) (   2,    1) (   2,    0) (   2,    3) (   2,    1) (   2,    1) (   2,    3) (   2,    2)
          (   2,    2) (   2,    3) (   2,    2) (   2,    1) (   2,    1) (   2,    1) (   2,    0) (   2,    4) (   2,    1) (   2,    4)
          (   2,    2) (   2,    1) (   2,    3) (   2,    0) (   2,    3) (   2,    1) (   2,    3) (   2,    2) (   2,    0) (   2,    1)
          (   2,    3) (   2,    2) (   2,    0) (   2,    1) (   2,    3) (   2,    2) (   2,    0) (   2,    0) (   2,    2) (   2,    2)
          (   2,    2) (   2,    2) (   2,    2) (   2,    2) (   2,    2) (   2,    1) (   2,    2) (   2,    3) (   2,    4) (   2,    2)
          (   2,    1) (   2,    3) (   2,    2) (   2,    3) (   2,    0) (   2,    4) (   2,    1) (   2,    3) (   2,    5) (   2,    0)
          (   2,    2) (   2,    1) (   2,    3) (   2,    2) (   2,    3) (   2,    2) (   2,    2) (   2,    2) (   2,    0) (   2,    3)
          (   2,    2) (   2,    1) (   2,    3) (   2,    2) (   2,    1) (   2,    1) (   2,    0) (   2,    3) (   2,    2) (   2,    1)
          (   2,    1) (   2,    4) (   2,    2) (   2,    1) (   2,    1) (   2,    1) (   2,    0) (   2,    4) (   2,    2) (   2,    1)
          (   2,    3) (   2,    2) (   2,    1) (   2,    2) (   2,    1) (   2,    0) (   2,    0) (   2,    2) (   2,    4) (   2,    1)
          (   2,    1) (   2,    2) (   2,    0) (   2,    3) (   2,    2) (   2,    2) (   2,    1) (   2,    1) (   2,    2) (   2,    2)
          (   2,    4) (   2,    0) (   2,    2) (   2,    2) (   2,    0) (   2,    3) (   2,    3) (   2,    3) (   2,    5) (   2,    2)
          (   2,    1) (   2,    3) (   2,    1) (   2,    3) (   2,    1) (   2,    2) (   2,    0) (   2,    2) (   2,    3) (   2,    2)
          (   2,    0) (   2,    2) (   2,    1) (   2,    2) (   2,    1) (   2,    1) (   2,    3) (   2,    2) (   2,    2) (   2,    1)
          (   2,    1) (   2,    4) (   2,    3) (   2,    4) (   2,    0) (   2,    3) (   2,    3) (   2,    2) (   2,    3) (   2,    2)
          (   2,    2) (   2,    2) (   2,    0) (   2,    2) (   2,    2) (   2,    4) (   2,    2) (   2,    1) (   2,    2) (   2,    4)
          (   2,    2) (   2,    4) (   2,    3) (   2,    1) (   2,    2) (   2,    5) (   2,    1) (   2,    1) (   2,    1) (   2,    3)
          (   2,    3) (   2,    2) (   2,    1) (   2,    2) (   2,    4) (   2,    2) (   2,    1) (   2,    3) (   2,    1) (   2,    3)
          (   2,    3) (   2,    3) (   2,    2) (   2,    2) (   2,    2) (   2,    2) (   2,    1) (   2,    3) (   2,    1) (   2,    3)
          (   2,    1) (   2,    2) (   2,    3) (   2,    1) (   2,    5) (   2,    2) (   2,    4) (   2,    1) (   2,    2) (   2,    3)
          (   2,    2) (   2,    1) (   2,    1) (   2,    2) (   2,    2) (   2,    3) (   2,    3) (   2,    2) (   2,    1) (   2,    4)
          (   2,    1) (   2,    2) (   2,    1) (   2,    1) (   2,    4) (   2,    1) (   2,    2) (   2,    1) (   2,    4) (   2,    1)
          (   2,    3) (   2,    2) (   2,    1) (   2,    0) (   2,    2) (   2,    1) (   2,    2) (   2,    2) (   2,    3) (   2,    3)
          (   2,    3) (   2,    2) (   2,    3) (   2,    4) (   2,    1) (   2,    2) (   2,    2) (   2,    0) (   2,    3) (   2,    1)
          (   2,    0) (   2,    2) (   2,    2) (   2,    1) (   2,    0) (   2,    0) (   2,    2) (   2,    5) (   2,    3) (   2,    1)
          (   2,    1) (   2,    2) (   2,    4) (   2,    1) (   2,    2) (   2,    1) (   2,    3) (   2,    3) (   2,    6) (   2,    0)
          (   2,    3) (   2,    3) (   2,    3) (   2,    3) (   2,    3) (   2,    1) (   2,    1) (   2,    6) (   2,    3) (   2,    6)
          (   2,    4) (   2,    2) (   2,    1) (   2,    2) (   2,    3) (   2,    1) (   2,    3) (   2,    1) (   2,    1) (   2,    2)
          (   2,    0) (   2,    4) (   2,    0) (   2,    1) (   2,    2) (   2,    2) (   2,    2) (   2,    1) (   2,    1) (   2,    2)
          (   2,    0) (   2,    2) (   2,    2) (   2,    1) (   2,    1) (   2,    5) (   2,    3) (   2,    1) (   2,    4) (   2,    2)
          (   2,    2) (   2,    3) (   2,    2) (   2,    2) (   2,    1) (   2,    3) (   2,    1) (   2,    1) (   2,    3) (   2,    2)
          (   2,    1) (   2,    2) (   2,    2) (   2,    1) (   2,    1) (   2,    1) (   2,    1) (   2,    3) (   2,    3) (   2,    2)
          (   2,    3) (   2,    2) (   2,    3) (   2,    0) (   2,    4) (   2,    1) (   2,    4) (   2,    5) (   2,    0) (   2,    3)
          (   2,    3) (   2,    1) (   2,    3) (   2,    2) (   2,    2) (   2,    1) (   2,    3) (   2,    1) (   2,    2) (   2,    1)
          (   2,    0) (   2,    2) (   2,    4) (   2,    1) (   2,    1) (   2,    1) (   2,    0) (   2,    1) (   2,    1) (   2,    2)
         
node   2 sent_total   1347  recv_total   1324

node   3  (   1,    0) (   0,    0) (   2,    2) (   2,    1) (   2,    2) (   2,    1) (   2,    2) (   2,    1) (   2,    1) (   2,    3)
          (   2,    1) (   2,    0) (   2,    2) (   2,    2) (   2,    3) (   2,    2) (   2,    3) (   2,    5) (   2,    1) (   2,    2)
          (   2,    0) (   2,    1) (   2,    0) (   2,    4) (   2,    4) (   2,    1) (   2,    2) (   2,    1) (   2,    3) (   2,    3)
          (   2,    3) (   2,    1) (   2,    3) (   2,    2) (   2,    4) (   2,    2) (   2,    3) (   2,    1) (   2,    1) (   2,    3)
          (   2,    3) (   2,    2) (   2,    3) (   2,    1) (   2,    5) (   2,    0) (   2,    3) (   2,    1) (   2,    3) (   2,    2)
          (   2,    1) (   2,    1) (   1,    3) (   2,    2) (   2,    2) (   2,    5) (   2,    4) (   2,    1) (   2,    5) (   2,    2)
          (   2,    2) (   2,    4) (   1,    2) (   2,    2) (   2,    0) (   2,    1) (   2,    0) (   2,    2) (   2,    2) (   2,    2)
          (   2,    2) (   1,    3) (   2,    3) (   2,    3) (   2,    1) (   1,    1) (   2,    1) (   2,    2) (   1,    2) (   2,    3)
          (   2,    0) (   1,    4) (   1,    4) (   2,    2) (   1,    2) (   2,    2) (   2,    2) (   1,    2) (   2,    0) (   2,    2)
          (   2,    2) (   1,    2) (   2,    4) (   2,    2) (   1,    0) (   2,    2) (   2,    2) (   2,    4) (   2,    1) (   1,    2)
          (   2,    1) (   1,    1) (   2,    1) (   2,    1) (   2,    1) (   2,    1) (   2,    2) (   2,    2) (   2,    1) (   2,    1)
          (   1,    3) (   2,    2) (   1,    2) (   2,    1) (   2,    1) (   2,    3) (   2,    1) (   1,    4) (   2,    1) (   1,    3)
          (   2,    1) (   2,    1) (   2,    2) (   2,    2) (   1,    1) (   1,    1) (   2,    1) (   1,    2) (   2,    2) (   2,    1)
          (   2,    1) (   2,    1) (   2,    3) (   2,    1) (   2,    4) (   2,    0) (   2,    2) (   2,    1) (   2,    1) (   2,    3)
          (   2,    1) (   2,    0) (   2,    3) (   2,    2) (   1,    4) (   2,    1) (   2,    3) (   2,    2) (   2,    2) (   0,    1)
          (   2,    3) (   1,    4) (   2,    4) (   2,    2) (   2,    2) (   2,    1) (   1,    3) (   2,    5) (   2,    3) (   2,    1)
          (   2,    1) (   2,    4) (   2,    3) (   2,    0) (   2,    1) (   2,    1) (   2,    0) (   2,    3) (   2,    3) (   2,    0)
          (   1,    2) (   2,    1) (   2,    0) (   2,    1) (   2,    1) (   2,    1) (   2,    3) (   2,    1) (   2,    4) (   2,    1)
          (   2,    2) (   2,    1) (   0,    0) (   2,    4) (   2,    0) (   2,    2) (   2,    1) (   2,    2) (   2,    1) (   2,    1)
          (   2,    1) (   2,    1) (   2,    4) (   2,    0) (   2,    3) (   2,    1) (   2,    1) (   2,    1) (   2,    4) (   1,    1)
          (   2,    2) (   2,    2) (   2,    3) (   2,    2) (   1,    3) (   2,    0) (   2,    0) (   1,    0) (   2,    0) (   2,    0)
          (   2,    3) (   2,    3) (   1,    1) (   2,    1) (   2,    1) (   2,    1) (   2,    2) (   1,    0) (   1,    1) (   2,    2)
          (   2,    1) (   2,    2) (   2,    1) (   2,    1) (   2,    1) (   2,    2) (   1,    3) (   2,    1) (   2,    2) (   1,    1)
          (   1,    2) (   2,    2) (   2,    1) (   2,    2) (   2,    3) (   2,    1) (   2,    5) (   2,    3) (   2,    2) (   1,    0)
          (   1,    4) (   1,    2) (   2,    1) (   2,    2) (   2,    0) (   2,    3) (   2,    2) (   2,    1) (   2,    0) (   2,    3)
          (   2,    3) (   2,    4) (   2,    2) (   2,    1) (   2,    2) (   2,    0) (   2,    1) (   2,    1) (   1,    5) (   2,    2)
          (   1,    0) (   1,    1) (   2,    1) (   2,    3) (   2,    0) (   1,    3) (   2,    2) (   2,    1) (   1,    0) (   1,    1)
          (   2,    1) (   2,    4) (   2,    3) (   1,    1) (   2,    3) (   2,    2) (   2,    2) (   2,    2) (   2,    3) (   2,    3)
          (   2,    0) (   2,    1) (   2,    1) (   2,    1) (   2,    1) (   2,    2) (   2,    2) (   1,    3) (   2,    1) (   2,    1)
          (   2,    1) (   1,    3) (   2,    2) (   2,    1) (   2,    2) (   2,    1) (   1,    0) (   2,    1) (   2,    0) (   2,    1)
          (   1,    3) (   2,    2) (   2,    2) (   2,    1) (   2,    2) (   2,    2) (   2,    2) (   2,    3) (   2,    2) (   2,    3)
          (   2,    2) (   2,    4) (   2,    2) (   2,    5) (   2,    0) (   2,    3) (   2,    3) (   2,    0) (   2,    3) (   2,    2)
          (   2,    3) (   2,    0) (   2,    2) (   2,    2) (   2,    2) (   2,    1) (   2,    4) (   2,    1) (   2,    2) (   2,    1)
          (   2,    2) (   2,    1) (   2,    3) (   2,    2) (   2,    2) (   2,    3) (   2,    3) (   2,    5) (   2,    3) (   2,    3)
          (   2,    2) (   2,    1) (   2,    1) (   2,    1) (   2,    1) (   2,    0) (   2,    3) (   2,    0) (   2,    3) (   2,    3)
          (   2,    4) (   2,    2) (   2,    5) (   2,    2) (   2,    1) (   2,    1) (   2,    3) (   2,    2) (   2,    2) (   2,    4)
          (   2,    3) (   2,    4) (   2,    0) (   2,    1) (   2,    3) (   2,    0) (   2,    1) (   2,    2) (   2,    1) (   2,    1)
          (   2,    1) (   2,    4) (   2,    1) (   2,    2) (   2,    3) (   2,    3) (   2,    2) (   2,    1) (   2,    1) (   2,    3)
          (   2,    2) (   2,    2) (   2,    2) (   2,    1) (   2,    1) (   2,    2) (   2,    5) (   2,    5) (   2,    2) (   2,    2)
          (   2,    2) (   2,    3) (   2,    0) (   2,    2) (   2,    1) (   2,    3) (   2,    1) (   2,    1) (   2,    2) (   2,    3)
          (   2,    2) (   2,    2) (   2,    2) (   2,    1) (   2,    0) (   2,    4) (   2,    3) (   2,    3) (   2,    0) (   2,    1)
          (   2,    2) (   2,    3) (   2,    2) (   2,    1) (   2,    3) (   2,    0) (   2,    1) (   2,    4) (   2,    3) (   2,    1)
          (   2,    3) (   2,    2) (   2,    4) (   2,    1) (   2,    2) (   2,    1) (   2,    0) (   2,    3) (   2,    1) (   2,    2)
          (   2,    3) (   2,    1) (   2,    3) (   2,    4) (   2,    2) (   2,    4) (   2,    1) (   2,    3) (   2,    4) (   2,    2)
          (   2,    2) (   2,    2) (   2,    1) (   2,    0) (   2,    0) (   2,    2) (   2,    2) (   2,    2) (   2,    2) (   2,    1)
          (   2,    2) (   2,    2) (   2,    2) (   2,    1) (   2,    3) (   2,    2) (   2,    1) (   2,    1) (   2,    1) (   2,    1)
          (   2,    2) (   2,    1) (   2,    4) (   2,    4) (   2,    2) (   2,    0) (   2,    2) (   2,    1) (   2,    2) (   2,    0)
          (   2,    2) (   2,    2) (   2,    0) (   2,    3) (   2,    2) (   2,    2) (   2,    0) (   2,    2) (   2,    2) (   2,    2)
          (   2,    0) (   2,    0) (   2,    2) (   2,    3) (   2,    2) (   2,    1) (   2,    1) (   2,    2) (   2,    0) (   2,    1)
          (   2,    3) (   2,    2) (   2,    2) (   2,    2) (   2,    1) (   2,    3) (   2,    2) (   2,    2) (   2,    0) (   2,    2)
          (   2,    4) (   2,    3) (   2,    1) (   2,    2) (   2,    2) (   2,    2) (   2,    2) (   2,    0) (   2,    6) (   2,    3)
          (   2,    1) (   2,    1) (   2,    1) (   2,    2) (   2,    1) (   2,    1) (   2,    1) (   2,    2) (   2,    2) (   2,    2)
          (   2,    1) (   2,    3) (   2,    3) (   2,    2) (   2,    2) (   2,    1) (   2,    1) (   2,    4) (   2,    0) (   2,    4)
          (   2,    1) (   2,    1) (   2,    1) (   2,    2) (   2,    3) (   2,    1) (   2,    1) (   2,    2) (   2,    1) (   2,    1)
          (   2,    3) (   2,    2) (   2,    6) (   2,    3) (   2,    1) (   2,    1) (   2,    3) (   2,    1) (   2,    0) (   2,    0)
          (   2,    2) (   2,    1) (   2,    3) (   2,    3) (   2,    2) (   2,    0) (   2,    3) (   2,    3) (   2,    2) (   2,    1)
          (   2,    0) (   2,    0) (   2,    2) (   2,    1) (   2,    2) (   2,    2) (   2,    1) (   2,    1) (   2,    2) (   2,    1)
          (   2,    1) (   2,    3) (   2,    2) (   2,    2) (   2,    1) (   2,    2) (   2,    1) (   2,    4) (   2,    2) (   2,    2)
          (   2,    4) (   2,    2) (   2,    1) (   2,    1) (   2,    3) (   2,    4) (   2,    3) (   2,    4) (   2,    1) (   2,    3)
          (   2,    2) (   2,    0) (   2,    2) (   2,    3) (   2,    1) (   2,    5) (   2,    3) (   2,    3) (   2,    3) (   2,    3)
          (   2,    3) (   2,    5) (   2,    1) (   2,    2) (   2,    2) (   2,    2) (   2,    1) (   2,    1) (   2,    1) (   2,    1)
          (   2,    4) (   2,    2) (   2,    2) (   2,    1) (   2,    1) (   2,    1) (   2,    3) (   2,    1) (   2,    2) (   2,    1)
          (   2,    1) (   2,    2) (   2,    2) (   2,    2) (   2,    1) (   2,    1) (   2,    2) (   2,    1) (   2,    3) (   2,    2)
          (   2,    2) (   2,    3) (   2,    4) (   2,    2) (   2,    5) (   2,    3) (   2,    2) (   2,    5) (   2,    2) (   2,    1)
          (   2,    1) (   2,    2) (   2,    1) (   2,    3) (   2,    2) (   2,    3) (   2,    5) (   2,    3) (   2,    1) (   2,    1)
          (   2,    4) (   2,    2) (   2,    1) (   2,    2) (   2,    4) (   2,    2) (   2,    2) (   2,    3) (   2,    3) (   2,    2)
          (   2,    1) (   2,    2) (   2,    1) (   2,    2) (   2,    4) (   2,    3) (   2,    1) (   2,    1) (   2,    3) (   2,    3)
          (   2,    3) (   2,    1) (   2,    3) (   2,    0) (   2,    0) (   2,    2) (   2,    1) (   2,    3) (   2,    2) (   2,    1)
          (   2,    3) (   2,    2) (   2,    2) (   2,    3) (   2,    1) (   2,    3) (   2,    1) (   2,    4) (   2,    0) (   2,    1)
          (   2,    2) (   2,    1) (   2,    3) (   2,    4) (   2,    3) (   2,    1) (   2,    3) (   2,    4) (   2,    2) (   2,    4)
         
node   3 sent_total   1346  recv_total   1342

node   4  (   1,    0) (   0,    0) (   2,    2) (   2,    1) (   2,    4) (   2,    1) (   2,    1) (   2,    1) (   2,    1) (   2,    4)
          (   2,    2) (   2,    2) (   2,    2) (   2,    2) (   2,    3) (   2,    2) (   2,    2) (   2,    1) (   2,    1) (   2,    2)
          (   2,    3) (   2,    0) (   2,    0) (   2,    1) (   2,    2) (   2,    2) (   2,    1) (   2,    1) (   2,    3) (   2,    0)
          (   2,    5) (   2,    6) (   2,    2) (   2,    1) (   2,    1) (   2,    1) (   2,    3) (   2,    2) (   2,    3) (   2,    0)
          (   2,    2) (   2,    3) (   2,    2) (   2,    1) (   2,    1) (   2,    4) (   2,    4) (   2,    0) (   2,    5) (   2,    1)
          (   2,    3) (   2,    3) (   2,    0) (   2,    1) (   1,    1) (   2,    2) (   0,    1) (   1,    1) (   2,    2) (   2,    0)
          (   2,    0) (   2,    1) (   2,    2) (   2,    4) (   2,    1) (   2,    1) (   2,    3) (   2,    1) (   2,    1) (   2,    1)
          (   2,    3) (   1,    1) (   2,    0) (   2,    4) (   2,    3) (   2,    4) (   2,    0) (   2,    1) (   2,    2) (   2,    2)
          (   2,    1) (   2,    1) (   2,    2) (   2,    2) (   2,    3) (   2,    2) (   2,    3) (   2,    1) (   2,    2) (   2,    1)
          (   2,    0) (   2,    1) (   2,    1) (   2,    0) (   2,    3) (   2,    2) (   2,    1) (   2,    4) (   1,    2) (   1,    1)
          (   2,    0) (   1,    2) (   2,    3) (   2,    2) (   1,    3) (   2,    0) (   2,    2) (   2,    3) (   2,    1) (   2,    3)
          (   2,    2) (   2,    2) (   2,    1) (   2,    4) (   2,    1) (   1,    2) (   2,    2) (   2,    2) (   2,    1) (   2,    1)
          (   2,    3) (   1,    1) (   2,    4) (   1,    1) (   2,    1) (   1,    3) (   2,    3) (   2,    1) (   2,    1) (   2,    2)
          (   2,    0) (   1,    3) (   2,    3) (   2,    3) (   1,    0) (   2,    1) (   2,    1) (   2,    1) (   2,    3) (   2,    2)
          (   2,    2) (   1,    3) (   2,    2) (   2,    2) (   2,    1) (   1,    4) (   2,    2) (   2,    0) (   2,    0) (   1,    1)
          (   2,    2) (   2,    1) (   2,    3) (   2,    3) (   1,    5) (   2,    2) (   2,    1) (   2,    2) (   2,    1) (   2,    3)
          (   2,    0) (   2,    1) (   2,    2) (   2,    2) (   2,    2) (   1,    2) (   2,    3) (   2,    1) (   2,    3) (   2,    2)
          (   2,    3) (   1,    1) (   2,    3) (   2,    3) (   2,    1) (   2,    3) (   2,    0) (   2,    0) (   2,    0) (   2,    1)
          (   2,    2) (   2,    1) (   2,    1) (   2,    3) (   2,    5) (   2,    1) (   1,    1) (   2,    5) (   1,    3) (   2,    3)
          (   1,    1) (   2,    4) (   1,    1) (   0,    2) (   2,    3) (   2,    1) (   1,    0) (   2,    0) (   2,    2) (   2,    0)
          (   2,    2) (   2,    1) (   2,    1) (   2,    3) (   2,    1) (   2,    2) (   2,    3) (   2,    1) (   2,    4) (   2,    1)
          (   2,    1) (   2,    2) (   2,    4) (   2,    4) (   2,    2) (   2,    1) (   2,    3) (   0,    1) (   2,    1) (   2,    0)
          (   2,    1) (   2,    1) (   1,    3) (   2,    3) (   2,    3) (   2,    1) (   2,    2) (   2,    2) (   2,    3) (   2,    1)
          (   2,    1) (   2,    3) (   2,    2) (   2,    2) (   2,    2) (   2,    3) (   1,    1) (   2,    0) (   2,    2) (   2,    4)
          (   2,    1) (   1,    3) (   1,    2) (   2,    3) (   2,    1) (   1,    2) (   2,    0) (   1,    1) (   2,    2) (   2,    2)
          (   2,    2) (   2,    1) (   2,    4) (   0,    2) (   1,    2) (   2,    4) (   2,    2) (   2,    1) (   2,    0) (   2,    0)
          (   1,    1) (   2,    5) (   2,    2) (   2,    0) (   2,    3) (   2,    1) (   2,    0) (   2,    3) (   2,    1) (   0,    0)
          (   2,    1) (   2,    3) (   2,    1) (   1,    2) (   2,    2) (   2,    1) (   2,    1) (   1,    2) (   2,    0) (   2,    4)
          (   2,    3) (   2,    2) (   2,    3) (   1,    1) (   1,    5) (   1,    1) (   2,    1) (   2,    0) (   1,    3) (   2,    3)
          (   1,    2) (   1,    4) (   2,    2) (   2,    2) (   2,    1) (   2,    2) (   2,    0) (   2,    1) (   2,    2) (   1,    1)
          (   1,    1) (   2,    0) (   2,    3) (   2,    1) (   2,    4) (   2,    2) (   2,    2) (   2,    1) (   2,    2) (   2,    2)
          (   2,    2) (   2,    2) (   2,    2) (   2,    0) (   2,    2) (   2,    1) (   2,    3) (   2,    2) (   2,    2) (   2,    2)
          (   2,    2) (   2,    2) (   2,    3) (   2,    1) (   2,    4) (   2,    3) (   2,    1) (   2,    0) (   2,    2) (   2,    3)
          (   2,    2) (   2,    2) (   2,    2) (   2,    2) (   2,    0) (   2,    2) (   2,    4) (   2,    1) (   2,    3) (   2,    2)
          (   2,    1) (   2,    1) (   2,    1) (   2,    3) (   2,    1) (   2,    5) (   2,    1) (   2,    2) (   2,    3) (   2,    0)
          (   2,    1) (   2,    4) (   2,    1) (   2,    1) (   2,    1) (   2,    3) (   2,    4) (   2,    1) (   2,    2) (   2,    2)
          (   2,    1) (   2,    0) (   2,    1) (   2,    0) (   2,    4) (   2,    1) (   2,    2) (   2,    1) (   2,    2) (   2,    3)
          (   2,    2) (   2,    5) (   2,    0) (   2,    2) (   2,    3) (   2,    3) (   2,    3) (   2,    2) (   2,    0) (   2,    1)
          (   2,    2) (   2,    1) (   2,    3) (   2,    2) (   2,    0) (   2,    3) (   2,    2) (   2,    3) (   2,    4) (   2,    2)
          (   2,    3) (   2,    3) (   2,    2) (   2,    1) (   2,    1) (   2,    4) (   2,    3) (   2,    1) (   2,    1) (   2,    2)
          (   2,    2) (   2,    4) (   2,    3) (   2,    2) (   2,    3) (   2,    1) (   2,    0) (   2,    2) (   2,    1) (   2,    0)
          (   2,    2) (   2,    0) (   2,    0) (   2,    1) (   2,    0) (   2,    4) (   2,    1) (   2,    1) (   2,    4) (   2,    3)
          (   2,    3) (   2,    1) (   2,    1) (   2,    1) (   2,    4) (   2,    1) (   2,    3) (   2,    2) (   2,    4) (   2,    2)
          (   2,    3) (   2,    2) (   2,    2) (   2,    2) (   2,    2) (   2,    2) (   2,    2) (   2,    1) (   2,    1) (   2,    4)
          (   2,    0) (   2,    1) (   2,    1) (   2,    3) (   2,    3) (   2,    2) (   2,    2) (   2,    2) (   2,    1) (   2,    3)
          (   2,    1) (   2,    3) (   2,    1) (   2,    2) (   2,    2) (   2,    2) (   2,    5) (   2,    3) (   2,    4) (   2,    2)
          (   2,    1) (   2,    2) (   2,    0) (   2,    1) (   2,    4) (   2,    1) (   2,    3) (   2,    1) (   2,    0) (   2,    3)
          (   2,    4) (   2,    2) (   2,    3) (   2,    2) (   2,    4) (   2,    3) (   2,    2) (   2,    2) (   2,    0) (   2,    3)
          (   2,    2) (   2,    1) (   2,    3) (   2,    0) (   2,    1) (   2,    0) (   2,    2) (   2,    4) (   2,    2) (   2,    4)
          (   2,    1) (   2,    1) (   2,    3) (   2,    2) (   2,    2) (   2,    1) (   2,    2) (   2,    3) (   2,    1) (   2,    5)
          (   2,    2) (   2,    1) (   2,    2) (   2,    2) (   2,    2) (   2,    2) (   2,    3) (   2,    2) (   2,    1) (   2,    2)
          (   2,    2) (   2,    1) (   2,    2) (   2,    0) (   2,    4) (   2,    1) (   2,    3) (   2,    0) (   2,    3) (   2,    1)
          (   2,    1) (   2,    3) (   2,    2) (   2,    2) (   2,    1) (   2,    4) (   2,    1) (   2,    2) (   2,    4) (   2,    3)
          (   2,    1) (   2,    1) (   2,    2) (   2,    2) (   2,    4) (   2,    3) (   2,    5) (   2,    3) (   2,    3) (   2,    3)
          (   2,    3) (   2,    2) (   2,    1) (   2,    2) (   2,    2) (   2,    1) (   2,    1) (   2,    4) (   2,    1) (   2,    1)
          (   2,    4) (   2,    1) (   2,    1) (   2,    3) (   2,    2) (   2,    1) (   2,    2) (   2,    2) (   2,    3) (   2,    3)
          (   2,    3) (   2,    1) (   2,    0) (   2,    1) (   2,    2) (   2,    2) (   2,    2) (   2,    4) (   2,    3) (   2,    3)
          (   2,    1) (   2,    0) (   2,    4) (   2,    4) (   2,    1) (   2,    5) (   2,    2) (   2,    2) (   2,    0) (   2,    2)
          (   2,    0) (   2,    1) (   2,    1) (   2,    1) (   2,    2) (   2,    1) (   2,    3) (   2,    3) (   2,    3) (   2,    1)
          (   2,    3) (   2,    1) (   2,    3) (   2,    1) (   2,    2) (   2,    2) (   2,    4) (   2,    1) (   2,    1) (   2,    1)
          (   2,    1) (   2,    1) (   2,    2) (   2,    2) (   2,    1) (   2,    1) (   2,    2) (   2,    1) (   2,    2) (   2,    3)
          (   2,    0) (   2,    2) (   2,    5) (   2,    3) (   2,    2) (   2,    3) (   2,    3) (   2,    1) (   2,    3) (   2,    0)
          (   2,    1) (   2,    1) (   2,    3) (   2,    3) (   2,    3) (   2,    0) (   2,    2) (   2,    3) (   2,    3) (   2,    2)
          (   2,    4) (   2,    2) (   2,    0) (   2,    4) (   2,    0) (   2,    0) (   2,    4) (   2,    1) (   2,    1) (   2,    1)
          (   2,    1) (   2,    1) (   2,    3) (   2,    3) (   2,    0) (   2,    0) (   2,    1) (   2,    1) (   2,    1) (   2,    3)
          (   2,    1) (   2,    0) (   2,    3) (   2,    3) (   2,    1) (   2,    1) (   2,    1) (   2,    2) (   2,    1) (   2,    5)
          (   2,    2) (   2,    1) (   2,    3) (   2,    3) (   2,    4) (   2,    4) (   2,    2) (   2,    2) (   2,    3) (   2,    2)
          (   2,    1) (   2,    3) (   2,    2) (   2,    2) (   2,    4) (   2,    2) (   2,    0) (   2,    3) (   2,    3) (   2,    4)
          (   2,    2) (   2,    1) (   2,    2) (   2,    5) (   2,    2) (   2,    1) (   2,    1) (   2,    3) (   2,    5) (   2,    1)
          (   2,    3) (   2,    2) (   2,    2) (   2,    2) (   2,    1) (   2,    4) (   2,    1) (   2,    2) (   2,    4) (   2,    3)
         
node   4 sent_total   1345  recv_total   1350

node   5  (   0,    0) (   1,    0) (   0,    0) (   2,    2) (   2,    0) (   2,    2) (   2,    2) (   2,    2) (   2,    1) (   2,    0)
          (   2,    4) (   2,    2) (   2,    2) (   2,    2) (   2,    0) (   2,    2) (   2,    0) (   2,    2) (   2,    2) (   2,    3)
          (   2,    2) (   2,    2) (   2,    1) (   2,    2) (   2,    3) (   2,    2) (   2,    2) (   2,    0) (   2,    1) (   2,    1)
          (   2,    2) (   2,    0) (   2,    2) (   2,    2) (   2,    2) (   2,    1) (   2,    1) (   2,    2) (   2,    2) (   2,    2)
          (   2,    0) (   2,    1) (   2,    3) (   2,    6) (   2,    3) (   2,    0) (   2,    2) (   2,    1) (   2,    1) (   2,    1)
          (   2,    2) (   2,    1) (   2,    2) (   2,    1) (   2,    2) (   2,    2) (   2,    1) (   1,    0) (   2,    3) (   2,    1)
          (   2,    2) (   1,    1) (   2,    3) (   1,    1) (   2,    3) (   2,    2) (   2,    2) (   2,    1) (   2,    3) (   2,    1)
          (   1,    3) (   1,    1) (   2,    2) (   2,    1) (   2,    3) (   2,    1) (   2,    1) (   2,    0) (   2,    2) (   2,    2)
          (   2,    4) (   2,    1) (   2,    2) (   2,    0) (   1,    0) (   1,    5) (   2,    3) (   2,    2) (   1,    4) (   2,    2)
          (   2,    3) (   2,    2) (   2,    1) (   2,    3) (   2,    2) (   2,    3) (   2,    1) (   2,    2) (   1,    3) (   2,    2)
          (   2,    3) (   2,    0) (   1,    4) (   2,    3) (   2,    1) (   2,    1) (   1,    0) (   1,    3) (   2,    1) (   2,    2)
          (   2,    4) (   1,    1) (   1,    1) (   2,    1) (   2,    1) (   2,    0) (   2,    1) (   2,    1) (   2,    0) (   2,    3)
          (   1,    5) (   2,    1) (   2,    0) (   1,    2) (   1,    0) (   2,    0) (   2,    1) (   2,    1) (   2,    2) (   2,    1)
          (   1,    3) (   2,    2) (   2,    1) (   2,    1) (   2,    3) (   1,    1) (   1,    4) (   2,    2) (   2,    4) (   2,    2)
          (   2,    1) (   2,    2) (   2,    0) (   2,    3) (   2,    3) (   2,    1) (   2,    2) (   2,    4) (   2,    1) (   2,    2)
          (   2,    1) (   2,    3) (   1,    1) (   2,    1) (   2,    3) (   2,    5) (   2,    1) (   2,    0) (   2,    2) (   0,    1)
          (   2,    1) (   2,    2) (   2,    0) (   2,    4) (   2,    1) (   2,    1) (   2,    1) (   2,    2) (   2,    2) (   2,    0)
          (   2,    0) (   2,    3) (   2,    2) (   2,    2) (   2,    2) (   2,    2) (   2,    2) (   2,    3) (   1,    2) (   2,    3)
          (   2,    5) (   2,    0) (   2,    1) (   2,    3) (   2,    3) (   2,    1) (   2,    0) (   2,    1) (   2,    3) (   2,    2)
          (   2,    1) (   2,    2) (   1,    1) (   2,    2) (   1,    1) (   2,    1) (   2,    3) (   2,    2) (   2,    3) (   1,    2)
          (   2,    1) (   2,    2) (   2,    2) (   2,    2) (   1,    2) (   2,    2) (   2,    0) (   2,    3) (   2,    1) (   2,    0)
          (   2,    3) (   2,    3) (   2,    3) (   1,    1) (   2,    1) (   2,    3) (   1,    2) (   2,    2) (   2,    2) (   2,    0)
          (   2,    1) (   2,    2) (   2,    4) (   1,    2) (   1,    2) (   1,    0) (   2,    1) (   2,    1) (   2,    1) (   2,    4)
          (   2,    3) (   2,    1) (   2,    4) (   2,    1) (   2,    1) (   2,    1) (   2,    2) (   2,    2) (   2,    2) (   2,    2)
          (   2,    5) (   2,    3) (   2,    1) (   2,    1) (   2,    2) (   2,    1) (   2,    2) (   2,    4) (   2,    0) (   1,    1)
          (   2,    2) (   2,    2) (   2,    3) (   2,    2) (   2,    2) (   2,    1) (   2,    1) (   2,    2) (   2,    2) (   2,    2)
          (   2,    2) (   2,    1) (   2,    1) (   2,    3) (   2,    1) (   2,    4) (   2,    2) (   1,    3) (   2,    4) (   2,    3)
          (   2,    1) (   2,    0) (   2,    1) (   2,    1) (   2,    1) (   2,    0) (   1,    3) (   2,    3) (   2,    2) (   2,    1)
          (   2,    2) (   2,    1) (   1,    2) (   2,    2) (   2,    2) (   2,    1) (   2,    1) (   2,    1) (   2,    1) (   2,    3)
          (   2,    1) (   2,    1) (   2,    0) (   2,    1) (   2,    0) (   1,    2) (   2,    1) (   2,    4) (   2,    3) (   2,    0)
          (   2,    2) (   2,    3) (   2,    2) (   2,    1) (   2,    2) (   2,    0) (   2,    6) (   2,    1) (   2,    3) (   2,    1)
          (   2,    3) (   2,    2) (   2,    2) (   2,    4) (   2,    3) (   2,    4) (   2,    1) (   2,    2) (   2,    2) (   2,    1)
          (   2,    3) (   2,    4) (   2,    3) (   2,    1) (   2,    1) (   2,    1) (   2,    2) (   2,    2) (   2,    4) (   2,    1)
          (   2,    3) (   2,    4) (   2,    0) (   2,    4) (   2,    4) (   2,    2) (   2,    2) (   2,    2) (   2,    2) (   2,    3)
          (   2,    2) (   2,    3) (   2,    5) (   2,    2) (   2,    3) (   2,    1) (   2,    2) (   2,    2) (   2,    1) (   2,    0)
          (   2,    1) (   2,    3) (   2,    2) (   2,    3) (   2,    1) (   2,    3) (   2,    3) (   2,    1) (   2,    0) (   2,    2)
          (   2,    2) (   2,    1) (   2,    5) (   2,    2) (   2,    2) (   2,    3) (   2,    2) (   2,    3) (   2,    1) (   2,    2)
          (   2,    2) (   2,    1) (   2,    0) (   2,    2) (   2,    5) (   2,    1) (   2,    2) (   2,    4) (   2,    3) (   2,    1)
          (   2,    3) (   2,    2) (   2,    1) (   2,    3) (   2,    4) (   2,    1) (   2,    4) (   2,    2) (   2,    3) (   2,    2)
          (   2,    2) (   2,    1) (   2,    0) (   2,    1) (   2,    0) (   2,    3) (   2,    1) (   2,    3) (   2,    3) (   2,    2)
          (   2,    2) (   2,    4) (   2,    3) (   2,    0) (   2,    1) (   2,    0) (   2,    1) (   2,    2) (   2,    3) (   2,    4)
          (   2,    1) (   2,    2) (   2,    1) (   2,    4) (   2,    1) (   2,    2) (   2,    4) (   2,    1) (   2,    2) (   2,    5)
          (   2,    3) (   2,    5) (   2,    3) (   2,    2) (   2,    1) (   2,    1) (   2,    4) (   2,    3) (   2,    2) (   2,    4)
          (   2,    1) (   2,    4) (   2,    3) (   2,    3) (   2,    2) (   2,    2) (   2,    5) (   2,    1) (   2,    2) (   2,    1)
          (   2,    2) (   2,    0) (   2,    1) (   2,    2) (   2,    3) (   2,    4) (   2,    5) (   2,    1) (   2,    1) (   2,    0)
          (   2,    4) (   2,    3) (   2,    2) (   2,    1) (   2,    2) (   2,    1) (   2,    2) (   2,    3) (   2,    3) (   2,    3)
          (   2,    2) (   2,    3) (   2,    0) (   2,    3) (   2,    3) (   2,    3) (   2,    2) (   2,    2) (   2,    3) (   2,    2)
          (   2,    4) (   2,    1) (   2,    2) (   2,    1) (   2,    2) (   2,    3) (   2,    3) (   2,    3) (   2,    2) (   2,    0)
          (   2,    1) (   2,    0) (   2,    2) (   2,    2) (   2,    3) (   2,    5) (   2,    2) (   2,    1) (   2,    3) (   2,    2)
          (   2,    2) (   2,    4) (   2,    1) (   2,    2) (   2,    0) (   2,    5) (   2,    1) (   2,    2) (   2,    3) (   2,    0)
          (   2,    2) (   2,    0) (   2,    3) (   2,    1) (   2,    3) (   2,    2) (   2,    4) (   2,    4) (   2,    1) (   2,    3)
          (   2,    3) (   2,    2) (   2,    2) (   2,    4) (   2,    1) (   2,    2) (   2,    2) (   2,    1) (   2,    1) (   2,    3)
          (   2,    1) (   2,    2) (   2,    1) (   2,    3) (   2,    1) (   2,    2) (   2,    2) (   2,    1) (   2,    1) (   2,    0)
          (   2,    3) (   2,    0) (   2,    2) (   2,    1) (   2,    2) (   2,    1) (   2,    2) (   2,    3) (   2,    2) (   2,    1)
          (   2,    2) (   2,    2) (   2,    0) (   2,    3) (   2,    2) (   2,    1) (   2,    3) (   2,    0) (   2,    3) (   2,    5)
          (   2,    3) (   2,    4) (   2,    1) (   2,    0) (   2,    2) (   2,    0) (   2,    1) (   2,    1) (   2,    1) (   2,    2)
          (   2,    1) (   2,    4) (   2,    6) (   2,    3) (   2,    0) (   2,    2) (   2,    4) (   2,    1) (   2,    3) (   2,    1)
          (   2,    1) (   2,    2) (   2,    1) (   2,    1) (   2,    1) (   2,    3) (   2,    2) (   2,    3) (   2,    1) (   2,    1)
          (   2,    4) (   2,    2) (   2,    1) (   2,    2) (   2,    0) (   2,    1) (   2,    1) (   2,    3) (   2,    0) (   2,    1)
          (   2,    2) (   2,    3) (   2,    0) (   2,    3) (   2,    4) (   2,    4) (   2,    1) (   2,    1) (   2,    2) (   2,    1)
          (   2,    3) (   2,    2) (   2,    0) (   2,    3) (   2,    3) (   2,    1) (   2,    2) (   2,    2) (   2,    1) (   2,    2)
          (   2,    1) (   2,    2) (   2,    0) (   2,    1) (   2,    1) (   2,    0) (   2,    2) (   2,    1) (   2,    2) (   2,    1)
          (   2,    3) (   2,    4) (   2,    1) (   2,    2) (   2,    2) (   2,    2) (   2,    3) (   2,    1) (   2,    1) (   2,    0)
          (   2,    3) (   2,    2) (   2,    5) (   2,    3) (   2,    2) (   2,    3) (   2,    3) (   2,    1) (   2,    1) (   2,    4)
          (   2,    3) (   2,    1) (   2,    4) (   2,    2) (   2,    3) (   2,    3) (   2,    2) (   2,    2) (   2,    1) (   2,    2)
          (   2,    2) (   2,    3) (   2,    3) (   2,    3) (   2,    2) (   2,    1) (   2,    0) (   2,    1) (   2,    2) (   2,    2)
          (   2,    2) (   2,    5) (   2,    2) (   2,    1) (   2,    3) (   2,    1) (   2,    3) (   2,    1) (   2,    4) (   2,    1)
          (   2,    1) (   2,    2) (   2,    0) (   2,    2) (   2,    2) (   2,    2) (   2,    4) (   2,    0) (   2,    2) (   2,    2)
          (   2,    3) (   2,    2) (   2,    2) (   2,    0) (   2,    3) (   2,    1) (   2,    1) (   2,    1) (   2,    2) (   2,    2)
          (   2,    3) (   2,    2) (   2,    3) (   2,    3) (   2,    3) (   2,    0) (   2,    1) (   2,    3) (   2,    2) (   2,    1)
         
node   5 sent_total   1357  recv_total   1351

node   6  (   0,    0) (   1,    0) (   0,    0) (   2,    2) (   2,    0) (   2,    1) (   2,    3) (   2,    2) (   2,    1) (   2,    2)
          (   2,    0) (   2,    2) (   2,    5) (   2,    4) (   2,    2) (   2,    4) (   2,    2) (   2,    1) (   2,    1) (   2,    2)
          (   2,    3) (   2,    3) (   2,    1) (   2,    1) (   2,    2) (   2,    1) (   2,    6) (   2,    4) (   2,    1) (   2,    1)
          (   2,    1) (   2,    1) (   2,    2) (   2,    3) (   2,    0) (   2,    2) (   2,    3) (   2,    3) (   2,    1) (   2,    4)
          (   2,    4) (   2,    2) (   2,    0) (   2,    3) (   2,    0) (   2,    2) (   2,    3) (   2,    5) (   2,    1) (   2,    5)
          (   2,    2) (   2,    6) (   2,    3) (   2,    1) (   2,    1) (   2,    0) (   2,    2) (   2,    2) (   1,    1) (   2,    2)
          (   2,    3) (   2,    3) (   2,    5) (   2,    2) (   2,    3) (   1,    2) (   2,    2) (   2,    2) (   2,    2) (   2,    3)
          (   2,    3) (   2,    1) (   2,    0) (   2,    3) (   1,    2) (   2,    4) (   2,    1) (   2,    0) (   1,    3) (   2,    2)
          (   2,    2) (   2,    1) (   2,    0) (   2,    0) (   2,    1) (   2,    0) (   2,    3) (   2,    3) (   2,    0) (   2,    2)
          (   2,    5) (   2,    2) (   1,    3) (   2,    2) (   2,    0) (   1,    3) (   2,    4) (   2,    0) (   2,    0) (   1,    2)
          (   2,    1) (   2,    1) (   2,    1) (   2,    2) (   2,    3) (   2,    3) (   2,    4) (   2,    1) (   1,    3) (   2,    2)
          (   2,    1) (   1,    2) (   2,    1) (   2,    2) (   2,    3) (   2,    1) (   2,    1) (   2,    1) (   2,    1) (   2,    1)
          (   2,    2) (   2,    2) (   2,    1) (   2,    0) (   1,    2) (   2,    4) (   1,    1) (   2,    0) (   2,    3) (   2,    2)
          (   1,    0) (   2,    3) (   2,    1) (   2,    0) (   1,    2) (   1,    1) (   2,    3) (   2,    1) (   2,    2) (   2,    3)
          (   1,    1) (   2,    0) (   2,    1) (   2,    1) (   2,    1) (   2,    1) (   1,    3) (   2,    0) (   2,    2) (   2,    1)
          (   2,    3) (   2,    4) (   2,    1) (   1,    2) (   1,    3) (   2,    4) (   2,    1) (   2,    1) (   2,    0) (   2,    4)
          (   2,    3) (   2,    1) (   2,    2) (   2,    0) (   2,    1) (   2,    1) (   2,    1) (   1,    2) (   1,    2) (   2,    4)
          (   2,    1) (   2,    1) (   2,    3) (   1,    2) (   2,    2) (   2,    3) (   2,    2) (   1,    3) (   1,    0) (   2,    4)
          (   2,    0) (   2,    2) (   1,    3) (   2,    0) (   2,    3) (   2,    2) (   2,    2) (   2,    1) (   1,    5) (   2,    3)
          (   2,    3) (   2,    1) (   2,    2) (   1,    0) (   1,    0) (   2,    1) (   2,    2) (   2,    1) (   2,    0) (   2,    2)
          (   2,    1) (   2,    0) (   2,    1) (   2,    2) (   2,    2) (   1,    2) (   2,    4) (   2,    3) (   1,    2) (   2,    2)
          (   2,    3) (   2,    0) (   2,    1) (   1,    1) (   2,    1) (   2,    0) (   2,    2) (   0,    3) (   2,    1) (   2,    1)
          (   2,    3) (   1,    4) (   2,    2) (   1,    1) (   2,    3) (   2,    2) (   2,    2) (   2,    1) (   2,    1) (   2,    1)
          (   2,    1) (   2,    3) (   2,    0) (   2,    1) (   2,    2) (   1,    3) (   2,    2) (   1,    0) (   1,    0) (   1,    2)
          (   2,    1) (   2,    2) (   2,    0) (   2,    1) (   2,    4) (   2,    0) (   2,    4) (   2,    2) (   1,    1) (   2,    2)
          (   2,    1) (   0,    4) (   2,    3) (   2,    0) (   2,    3) (   2,    2) (   2,    1) (   2,    2) (   1,    1) (   2,    3)
          (   2,    1) (   1,    1) (   2,    4) (   2,    2) (   2,    1) (   2,    2) (   2,    1) (   2,    1) (   1,    2) (   2,    2)
          (   2,    2) (   2,    0) (   2,    1) (   2,    3) (   2,    2) (   2,    3) (   2,    2) (   2,    2) (   2,    3) (   2,    2)
          (   1,    2) (   2,    3) (   2,    0) (   2,    1) (   2,    0) (   2,    1) (   2,    3) (   2,    2) (   1,    3) (   2,    1)
          (   2,    3) (   1,    2) (   2,    0) (   2,    3) (   1,    3) (   2,    3) (   2,    3) (   2,    2) (   2,    2) (   2,    3)
          (   2,    1) (   2,    2) (   2,    1) (   2,    5) (   2,    4) (   2,    2) (   2,    0) (   2,    3) (   2,    2) (   2,    4)
          (   2,    3) (   2,    2) (   2,    2) (   2,    1) (   2,    2) (   2,    4) (   2,    4) (   2,    2) (   2,    2) (   2,    3)
          (   2,    0) (   2,    0) (   2,    1) (   2,    4) (   2,    1) (   2,    2) (   2,    2) (   2,    4) (   2,    1) (   2,    1)
          (   2,    1) (   2,    3) (   2,    2) (   2,    3) (   2,    2) (   2,    3) (   2,    4) (   2,    2) (   2,    0) (   2,    3)
          (   2,    1) (   2,    2) (   2,    1) (   2,    2) (   2,    3) (   2,    2) (   2,    0) (   2,    2) (   2,    0) (   2,    3)
          (   2,    3) (   2,    1) (   2,    1) (   2,    3) (   2,    4) (   2,    0) (   2,    1) (   2,    5) (   2,    3) (   2,    2)
          (   2,    2) (   2,    3) (   2,    1) (   2,    4) (   2,    2) (   2,    4) (   2,    1) (   2,    3) (   2,    3) (   2,    1)
          (   2,    1) (   2,    1) (   2,    3) (   2,    2) (   2,    0) (   2,    3) (   2,    2) (   2,    1) (   2,    4) (   2,    2)
          (   2,    3) (   2,    3) (   2,    1) (   2,    5) (   2,    3) (   2,    3) (   2,    2) (   2,    1) (   2,    0) (   2,    2)
          (   2,    0) (   2,    1) (   2,    4) (   2,    1) (   2,    3) (   2,    3) (   2,    1) (   2,    2) (   2,    2) (   2,    3)
          (   2,    1) (   2,    0) (   2,    1) (   2,    4) (   2,    4) (   2,    3) (   2,    1) (   2,    3) (   2,    2) (   2,    2)
          (   2,    1) (   2,    1) (   2,    4) (   2,    0) (   2,    3) (   2,    3) (   2,    1) (   2,    3) (   2,    3) (   2,    1)
          (   2,    1) (   2,    3) (   2,    1) (   2,    3) (   2,    1) (   2,    4) (   2,    2) (   2,    1) (   2,    3) (   2,    1)
          (   2,    2) (   2,    1) (   2,    1) (   2,    2) (   2,    2) (   2,    3) (   2,    2) (   2,    0) (   2,    1) (   2,    1)
          (   2,    1) (   2,    2) (   2,    5) (   2,    2) (   2,    4) (   2,    3) (   2,    0) (   2,    3) (   2,    3) (   2,    5)
          (   2,    1) (   2,    0) (   2,    2) (   2,    2) (   2,    1) (   2,    2) (   2,    1) (   2,    0) (   2,    3) (   2,    0)
          (   2,    2) (   2,    2) (   2,    2) (   2,    0) (   2,    1) (   2,    4) (   2,    1) (   2,    4) (   2,    1) (   2,    2)
          (   2,    1) (   2,    3) (   2,    2) (   2,    2) (   2,    3) (   2,    2) (   2,    5) (   2,    4) (   2,    2) (   2,    4)
          (   2,    2) (   2,    2) (   2,    2) (   2,    1) (   2,    3) (   2,    3) (   2,    1) (   2,    1) (   2,    3) (   2,    3)
          (   2,    1) (   2,    1) (   2,    1) (   2,    1) (   2,    2) (   2,    1) (   2,    2) (   2,    3) (   2,    0) (   2,    2)
          (   2,    0) (   2,    4) (   2,    1) (   2,    3) (   2,    1) (   2,    2) (   2,    0) (   2,    2) (   2,    4) (   2,    0)
          (   2,    0) (   2,    3) (   2,    2) (   2,    2) (   2,    2) (   2,    3) (   2,    3) (   2,    3) (   2,    2) (   2,    2)
          (   2,    3) (   2,    2) (   2,    2) (   2,    2) (   2,    2) (   2,    1) (   2,    3) (   2,    3) (   2,    0) (   2,    2)
          (   2,    1) (   2,    1) (   2,    2) (   2,    5) (   2,    1) (   2,    2) (   2,    0) (   2,    1) (   2,    2) (   2,    0)
          (   2,    2) (   2,    2) (   2,    1) (   2,    2) (   2,    1) (   2,    2) (   2,    3) (   2,    4) (   2,    0) (   2,    3)
          (   2,    3) (   2,    3) (   2,    2) (   2,    2) (   2,    2) (   2,    3) (   2,    1) (   2,    5) (   2,    1) (   2,    1)
          (   2,    2) (   2,    3) (   2,    2) (   2,    5) (   2,    1) (   2,    1) (   2,    3) (   2,    0) (   2,    2) (   2,    4)
          (   2,    3) (   2,    3) (   2,    2) (   2,    1) (   2,    4) (   2,    0) (   2,    3) (   2,    2) (   2,    3) (   2,    3)
          (   2,    1) (   2,    2) (   2,    2) (   2,    1) (   2,    3) (   2,    2) (   2,    2) (   2,    1) (   2,    2) (   2,    2)
          (   2,    2) (   2,    1) (   2,    4) (   2,    2) (   2,    1) (   2,    4) (   2,    1) (   2,    0) (   2,    2) (   2,    4)
          (   2,    1) (   2,    2) (   2,    3) (   2,    2) (   2,    2) (   2,    2) (   2,    2) (   2,    5) (   2,    2) (   2,    2)
          (   2,    3) (   2,    2) (   2,    0) (   2,    2) (   2,    1) (   2,    2) (   2,    4) (   2,    1) (   2,    2) (   2,    3)
          (   2,    3) (   2,    2) (   2,    3) (   2,    1) (   2,    2) (   2,    4) (   2,    1) (   2,    1) (   2,    3) (   2,    3)
          (   2,    1) (   2,    4) (   2,    1) (   2,    1) (   2,    1) (   2,    2) (   2,    1) (   2,    2) (   2,    3) (   2,    1)
          (   2,    3) (   2,    3) (   2,    2) (   2,    2) (   2,    4) (   2,    0) (   2,    3) (   2,    3) (   2,    2) (   2,    1)
          (   2,    2) (   2,    5) (   2,    2) (   2,    1) (   2,    1) (   2,    1) (   2,    1) (   2,    3) (   2,    1) (   2,    0)
          (   2,    1) (   2,    2) (   2,    1) (   2,    1) (   2,    1) (   2,    2) (   2,    2) (   2,    2) (   2,    1) (   2,    2)
          (   2,    1) (   2,    3) (   2,    1) (   2,    2) (   2,    1) (   2,    2) (   2,    2) (   2,    1) (   2,    1) (   2,    2)
          (   2,    0) (   2,    2) (   2,    2) (   2,    2) (   2,    3) (   2,    2) (   2,    2) (   2,    2) (   2,    1) (   2,    3)
          (   2,    2) (   2,    1) (   2,    1) (   2,    3) (   2,    1) (   2,    2) (   2,    3) (   2,    2) (   2,    4) (   2,    2)
         
node   6 sent_total   1347  recv_total   1362

node   7  (   0,    0) (   1,    0) (   0,    0) (   2,    1) (   2,    2) (   2,    5) (   2,    4) (   2,    4) (   2,    3) (   2,    3)
          (   2,    2) (   2,    1) (   2,    0) (   2,    2) (   2,    2) (   2,    2) (   2,    3) (   2,    3) (   2,    2) (   2,    1)
          (   2,    1) (   2,    3) (   2,    0) (   2,    1) (   2,    1) (   2,    1) (   2,    2) (   2,    3) (   2,    1) (   2,    3)
          (   2,    2) (   2,    1) (   2,    2) (   2,    1) (   2,    3) (   2,    4) (   2,    3) (   2,    5) (   2,    1) (   2,    4)
          (   2,    3) (   2,    1) (   2,    1) (   2,    0) (   2,    3) (   2,    1) (   2,    2) (   2,    3) (   2,    1) (   2,    2)
          (   2,    2) (   2,    3) (   2,    2) (   2,    1) (   2,    2) (   2,    1) (   2,    1) (   2,    2) (   2,    1) (   2,    4)
          (   2,    4) (   2,    4) (   2,    3) (   2,    4) (   0,    0) (   2,    2) (   2,    2) (   2,    1) (   1,    2) (   2,    2)
          (   1,    3) (   2,    3) (   2,    4) (   2,    2) (   2,    1) (   2,    3) (   2,    4) (   2,    2) (   2,    1) (   2,    1)
          (   2,    3) (   1,    1) (   2,    3) (   2,    1) (   2,    5) (   1,    1) (   2,    1) (   2,    1) (   2,    2) (   1,    1)
          (   2,    1) (   2,    2) (   2,    2) (   1,    1) (   2,    2) (   2,    2) (   2,    0) (   1,    2) (   2,    1) (   2,    2)
          (   1,    0) (   2,    0) (   2,    2) (   2,    2) (   2,    2) (   2,    2) (   2,    2) (   2,    0) (   2,    4) (   2,    2)
          (   2,    1) (   1,    3) (   1,    2) (   2,    2) (   2,    2) (   2,    1) (   1,    3) (   2,    1) (   2,    4) (   2,    2)
          (   2,    2) (   2,    2) (   2,    0) (   2,    2) (   2,    4) (   2,    1) (   2,    3) (   1,    2) (   2,    3) (   2,    2)
          (   2,    3) (   2,    0) (   1,    3) (   2,    2) (   2,    1) (   2,    3) (   2,    2) (   2,    3) (   2,    1) (   2,    3)
          (   2,    3) (   2,    2) (   2,    1) (   2,    3) (   2,    3) (   2,    2) (   1,    1) (   2,    3) (   2,    3) (   2,    3)
          (   2,    1) (   2,    2) (   2,    3) (   2,    1) (   2,    1) (   2,    1) (   2,    1) (   2,    3) (   2,    2) (   2,    0)
          (   1,    1) (   2,    1) (   2,    3) (   2,    4) (   1,    4) (   2,    3) (   2,    3) (   2,    3) (   2,    3) (   1,    0)
          (   2,    1) (   2,    0) (   1,    2) (   1,    4) (   2,    2) (   2,    1) (   2,    1) (   2,    1) (   2,    1) (   2,    1)
          (   1,    2) (   1,    5) (   1,    1) (   2,    1) (   2,    3) (   1,    1) (   2,    1) (   2,    0) (   2,    2) (   2,    2)
          (   2,    2) (   2,    0) (   1,    2) (   2,    0) (   2,    1) (   2,    4) (   2,    3) (   2,    3) (   2,    1) (   1,    2)
          (   2,    0) (   1,    2) (   2,    0) (   1,    1) (   2,    0) (   2,    3) (   1,    1) (   1,    2) (   1,    1) (   2,    1)
          (   2,    1) (   2,    1) (   2,    0) (   2,    1) (   2,    1) (   2,    2) (   2,    1) (   2,    5) (   1,    1) (   2,    2)
          (   2,    1) (   2,    1) (   2,    1) (   2,    3) (   2,    1) (   2,    2) (   2,    4) (   1,    2) (   1,    2) (   2,    1)
          (   2,    3) (   1,    0) (   2,    2) (   1,    4) (   1,    0) (   1,    1) (   2,    3) (   1,    2) (   2,    0) (   2,    2)
          (   2,    0) (   2,    1) (   2,    3) (   2,    3) (   2,    2) (   2,    5) (   2,    3) (   1,    2) (   1,    0) (   2,    1)
          (   2,    2) (   2,    0) (   2,    0) (   2,    0) (   2,    2) (   2,    3) (   2,    1) (   2,    4) (   2,    2) (   2,    1)
          (   2,    4) (   2,    1) (   2,    1) (   1,    1) (   2,    3) (   2,    3) (   2,    3) (   1,    2) (   2,    3) (   2,    2)
          (   2,    3) (   2,    3) (   2,    3) (   2,    2) (   2,    1) (   2,    2) (   1,    0) (   1,    2) (   2,    1) (   1,    2)
          (   1,    3) (   2,    2) (   2,    4) (   2,    2) (   2,    2) (   2,    2) (   1,    1) (   2,    3) (   2,    3) (   2,    3)
          (   2,    3) (   1,    3) (   2,    2) (   2,    0) (   2,    1) (   2,    2) (   2,    2) (   2,    1) (   2,    1) (   2,    3)
          (   2,    3) (   2,    2) (   2,    3) (   2,    1) (   2,    1) (   2,    2) (   2,    0) (   2,    1) (   2,    2) (   2,    2)
          (   2,    2) (   2,    5) (   2,    2) (   2,    2) (   2,    2) (   2,    1) (   2,    1) (   2,    2) (   2,    2) (   2,    3)
          (   2,    1) (   2,    1) (   2,    1) (   2,    3) (   2,    1) (   2,    4) (   2,    2) (   2,    3) (   2,    2) (   2,    2)
          (   2,    4) (   2,    1) (   2,    2) (   2,    1) (   2,    2) (   2,    1) (   2,    0) (   2,    1) (   2,    1) (   2,    2)
          (   2,    4) (   2,    1) (   2,    3) (   2,    3) (   2,    1) (   2,    4) (   2,    4) (   2,    3) (   2,    1) (   2,    2)
          (   2,    2) (   2,    2) (   2,    1) (   2,    0) (   2,    1) (   2,    3) (   2,    0) (   2,    1) (   2,    2) (   2,    2)
          (   2,    4) (   2,    3) (   2,    4) (   2,    0) (   2,    1) (   2,    1) (   2,    4) (   2,    2) (   2,    4) (   2,    2)
          (   2,    3) (   2,    1) (   2,    4) (   2,    2) (   2,    2) (   2,    3) (   2,    2) (   2,    3) (   2,    0) (   2,    2)
          (   2,    0) (   2,    3) (   2,    2) (   2,    0) (   2,    3) (   2,    3) (   2,    2) (   2,    2) (   2,    2) (   2,    2)
          (   2,    1) (   2,    3) (   2,    1) (   2,    1) (   2,    3) (   2,    0) (   2,    1) (   2,    4) (   2,    3) (   2,    2)
          (   2,    2) (   2,    1) (   2,    2) (   2,    0) (   2,    4) (   2,    0) (   2,    4) (   2,    1) (   2,    1) (   2,    2)
          (   2,    2) (   2,    3) (   2,    0) (   2,    2) (   2,    2) (   2,    1) (   2,    0) (   2,    1) (   2,    1) (   2,    1)
          (   2,    2) (   2,    0) (   2,    1) (   2,    1) (   2,    3) (   2,    3) (   2,    0) (   2,    1) (   2,    0) (   2,    3)
          (   2,    3) (   2,    2) (   2,    2) (   2,    2) (   2,    1) (   2,    2) (   2,    0) (   2,    4) (   2,    2) (   2,    2)
          (   2,    2) (   2,    2) (   2,    5) (   2,    4) (   2,    1) (   2,    1) (   2,    3) (   2,    1) (   2,    3) (   2,    2)
          (   2,    3) (   2,    3) (   2,    5) (   2,    2) (   2,    3) (   2,    1) (   2,    0) (   2,    1) (   2,    3) (   2,    3)
          (   2,    1) (   2,    1) (   2,    2) (   2,    2) (   2,    2) (   2,    2) (   2,    4) (   2,    1) (   2,    2) (   2,    2)
          (   2,    1) (   2,    2) (   2,    2) (   2,    0) (   2,    4) (   2,    3) (   2,    1) (   2,    1) (   2,    2) (   2,    2)
          (   2,    2) (   2,    3) (   2,    3) (   2,    3) (   2,    4) (   2,    5) (   2,    3) (   2,    3) (   2,    1) (   2,    2)
          (   2,    2) (   2,    1) (   2,    1) (   2,    2) (   2,    1) (   2,    1) (   2,    1) (   2,    1) (   2,    3) (   2,    2)
          (   2,    3) (   2,    1) (   2,    4) (   2,    3) (   2,    3) (   2,    1) (   2,    0) (   2,    1) (   2,    2) (   2,    2)
          (   2,    1) (   2,    1) (   2,    2) (   2,    2) (   2,    4) (   2,    2) (   2,    1) (   2,    3) (   2,    0) (   2,    1)
          (   2,    3) (   2,    2) (   2,    2) (   2,    3) (   2,    4) (   2,    4) (   2,    1) (   2,    0) (   2,    6) (   2,    3)
          (   2,    3) (   2,    2) (   2,    2) (   2,    2) (   2,    2) (   2,    2) (   2,    3) (   2,    3) (   2,    2) (   2,    3)
          (   2,    2) (   2,    3) (   2,    4) (   2,    2) (   2,    1) (   2,    3) (   2,    2) (   2,    1) (   2,    1) (   2,    1)
          (   2,    1) (   2,    1) (   2,    1) (   2,    1) (   2,    3) (   2,    1) (   2,    2) (   2,    1) (   2,    2) (   2,    1)
          (   2,    1) (   2,    3) (   2,    1) (   2,    1) (   2,    0) (   2,    1) (   2,    2) (   2,    2) (   2,    0) (   2,    4)
          (   2,    2) (   2,    3) (   2,    2) (   2,    2) (   2,    2) (   2,    0) (   2,    1) (   2,    1) (   2,    3) (   2,    2)
          (   2,    2) (   2,    3) (   2,    4) (   2,    4) (   2,    3) (   2,    4) (   2,    0) (   2,    4) (   2,    1) (   2,    4)
          (   2,    1) (   2,    4) (   2,    1) (   2,    1) (   2,    3) (   2,    1) (   2,    4) (   2,    4) (   2,    1) (   2,    5)
          (   2,    2) (   2,    3) (   2,    2) (   2,    2) (   2,    2) (   2,    5) (   2,    4) (   2,    3) (   2,    1) (   2,    0)
          (   2,    3) (   2,    2) (   2,    2) (   2,    0) (   2,    3) (   2,    0) (   2,    1) (   2,    1) (   2,    1) (   2,    2)
          (   2,    0) (   2,    1) (   2,    2) (   2,    3) (   2,    2) (   2,    2) (   2,    2) (   2,    3) (   2,    0) (   2,    2)
          (   2,    3) (   2,    1) (   2,    1) (   2,    0) (   2,    3) (   2,    2) (   2,    2) (   2,    1) (   2,    1) (   2,    4)
          (   2,    2) (   2,    4) (   2,    2) (   2,    0) (   2,    1) (   2,    1) (   2,    1) (   2,    2) (   2,    2) (   2,    2)
          (   2,    4) (   2,    1) (   2,    1) (   2,    3) (   2,    2) (   2,    3) (   2,    2) (   2,    1) (   2,    2) (   2,    2)
          (   2,    3) (   2,    4) (   2,    2) (   2,    4) (   2,    2) (   2,    3) (   2,    4) (   2,    4) (   2,    1) (   2,    3)
          (   2,    2) (   2,    3) (   2,    1) (   2,    5) (   2,    2) (   2,    3) (   2,    3) (   2,    0) (   2,    2) (   2,    1)
          (   2,    2) (   2,    2) (   2,    2) (   2,    2) (   2,    1) (   2,    0) (   2,    3) (   2,    2) (   2,    3) (   2,    4)
          (   2,    1) (   2,    1) (   2,    2) (   2,    1) (   2,    2) (   2,    4) (   2,    1) (   2,    4) (   2,    2) (   2,    4)
         
node   7 sent_total   1345  recv_total   1383

node   8  (   0,    0) (   1,    0) (   0,    0) (   2,    1) (   2,    0) (   2,    0) (   2,    2) (   2,    2) (   2,    4) (   2,    1)
          (   2,    2) (   2,    3) (   2,    1) (   2,    0) (   2,    1) (   2,    2) (   2,    2) (   2,    2) (   2,    1) (   2,    1)
          (   2,    3) (   2,    2) (   2,    5) (   2,    1) (   2,    1) (   2,    0) (   2,    1) (   2,    1) (   2,    4) (   2,    2)
          (   2,    1) (   2,    1) (   2,    3) (   2,    3) (   2,    3) (   2,    1) (   2,    3) (   2,    1) (   2,    2) (   2,    1)
          (   2,    2) (   2,    3) (   2,    2) (   2,    2) (   2,    1) (   2,    4) (   2,    1) (   2,    3) (   2,    1) (   2,    2)
          (   2,    1) (   2,    0) (   2,    1) (   1,    2) (   2,    0) (   1,    4) (   2,    1) (   2,    4) (   2,    2) (   2,    1)
          (   2,    1) (   2,    1) (   2,    1) (   0,    1) (   2,    4) (   2,    1) (   1,    1) (   2,    0) (   1,    1) (   2,    1)
          (   2,    1) (   2,    1) (   2,    2) (   2,    0) (   2,    3) (   1,    2) (   1,    2) (   2,    1) (   1,    2) (   1,    2)
          (   2,    1) (   2,    3) (   1,    0) (   2,    3) (   2,    0) (   2,    2) (   1,    1) (   1,    3) (   2,    2) (   1,    1)
          (   2,    0) (   2,    3) (   1,    0) (   2,    2) (   1,    4) (   2,    1) (   2,    1) (   2,    3) (   2,    2) (   1,    2)
          (   2,    3) (   2,    1) (   2,    0) (   2,    2) (   2,    2) (   2,    4) (   2,    1) (   2,    3) (   1,    1) (   2,    3)
          (   2,    4) (   2,    2) (   2,    1) (   1,    1) (   2,    0) (   2,    3) (   2,    2) (   2,    1) (   1,    0) (   2,    3)
          (   2,    2) (   2,    1) (   2,    4) (   2,    4) (   1,    1) (   2,    0) (   2,    2) (   2,    2) (   2,    0) (   2,    0)
          (   2,    1) (   2,    1) (   2,    1) (   2,    2) (   2,    1) (   2,    3) (   2,    0) (   2,    4) (   2,    4) (   2,    2)
          (   2,    2) (   2,    3) (   2,    4) (   2,    0) (   2,    2) (   2,    2) (   2,    1) (   1,    0) (   2,    2) (   2,    4)
          (   2,    2) (   2,    3) (   2,    1) (   2,    2) (   2,    0) (   1,    1) (   2,    2) (   2,    1) (   1,    0) (   1,    2)
          (   2,    2) (   2,    3) (   2,    1) (   2,    2) (   2,    5) (   2,    1) (   2,    1) (   2,    1) (   2,    0) (   2,    2)
          (   2,    2) (   2,    2) (   2,    1) (   2,    1) (   2,    1) (   2,    2) (   2,    1) (   2,    1) (   2,    3) (   2,    1)
          (   2,    0) (   2,    2) (   2,    3) (   2,    0) (   1,    2) (   2,    0) (   1,    3) (   2,    0) (   2,    1) (   1,    2)
          (   1,    4) (   2,    1) (   2,    4) (   2,    4) (   2,    1) (   2,    1) (   2,    2) (   1,    3) (   2,    3) (   1,    1)
          (   2,    2) (   0,    0) (   0,    0) (   0,    0) (   0,    0) (   0,    0) (   0,    0) (   0,    0) (   0,    0) (   0,    0)
          (   0,    0) (   0,    0) (   0,    0) (   0,    0) (   0,    0) (   0,    0) (   0,    0) (   0,    0) (   0,    0) (   0,    0)
          (   0,    0) (   0,    0) (   0,    0) (   0,    0) (   0,    0) (   0,    0) (   0,    0) (   0,    0) (   0,    0) (   0,    0)
          (   0,    0) (   0,    0) (   0,    0) (   0,    0) (   0,    0) (   0,    0) (   0,    0) (   0,    0) (   0,    0) (   0,    0)
          (   0,    0) (   0,    0) (   0,    0) (   0,    0) (   0,    0) (   0,    0) (   0,    0) (   0,    0) (   0,    0) (   0,    0)
          (   0,    0) (   0,    0) (   0,    0) (   0,    0) (   0,    0) (   0,    0) (   0,    0) (   0,    0) (   0,    0) (   0,    0)
          (   0,    0) (   0,    0) (   0,    0) (   0,    0) (   0,    0) (   0,    0) (   0,    0) (   0,    0) (   0,    0) (   0,    0)
          (   0,    0) (   0,    0) (   0,    0) (   0,    0) (   0,    0) (   0,    0) (   0,    0) (   0,    0) (   0,    0) (   0,    0)
          (   0,    0) (   0,    0) (   0,    0) (   0,    0) (   0,    0) (   0,    0) (   0,    0) (   0,    0) (   0,    0) (   0,    0)
          (   0,    0) (   0,    0) (   0,    0) (   0,    0) (   0,    0) (   0,    0) (   0,    0) (   0,    0) (   0,    0) (   0,    0)
          (   0,    0) (   0,    0) (   0,    0) (   0,    0) (   0,    0) (   0,    0) (   0,    0) (   0,    0) (   0,    0) (   0,    0)
          (   0,    0) (   0,    0) (   0,    0) (   0,    0) (   0,    0) (   0,    0) (   0,    0) (   0,    0) (   0,    0) (   0,    0)
          (   0,    0) (   0,    0) (   0,    0) (   0,    0) (   0,    0) (   0,    0) (   0,    0) (   0,    0) (   0,    0) (   0,    0)
          (   0,    0) (   0,    0) (   0,    0) (   0,    0) (   0,    0) (   0,    0) (   0,    0) (   0,    0) (   0,    0) (   0,    0)
          (   0,    0) (   0,    0) (   0,    0) (   0,    0) (   0,    0) (   0,    0) (   0,    0) (   0,    0) (   0,    0) (   0,    0)
          (   0,    0) (   0,    0) (   0,    0) (   0,    0) (   0,    0) (   0,    0) (   0,    0) (   0,    0) (   0,    0) (   0,    0)
          (   0,    0) (   0,    0) (   0,    0) (   0,    0) (   0,    0) (   0,    0) (   0,    0) (   0,    0) (   0,    0) (   0,    0)
          (   0,    0) (   0,    0) (   0,    0) (   0,    0) (   0,    0) (   0,    0) (   0,    0) (   0,    0) (   0,    0) (   0,    0)
          (   0,    0) (   0,    0) (   0,    0) (   0,    0) (   0,    0) (   0,    0) (   0,    0) (   0,    0) (   0,    0) (   0,    0)
          (   0,    0) (   0,    0) (   0,    0) (   0,    0) (   0,    0) (   0,    0) (   0,    0) (   0,    0) (   0,    0) (   0,    0)
          (   0,    0) (   0,    0) (   0,    0) (   0,    0) (   0,    0) (   0,    0) (   0,    0) (   0,    0) (   0,    0) (   0,    0)
          (   0,    0) (   0,    0) (   0,    0) (   0,    0) (   0,    0) (   0,    0) (   0,    0) (   0,    0) (   0,    0) (   0,    0)
          (   0,    0) (   0,    0) (   0,    0) (   0,    0) (   0,    0) (   0,    0) (   0,    0) (   0,    0) (   0,    0) (   0,    0)
          (   0,    0) (   0,    0) (   0,    0) (   0,    0) (   0,    0) (   0,    0) (   0,    0) (   0,    0) (   0,    0) (   0,    0)
          (   0,    0) (   0,    0) (   0,    0) (   0,    0) (   0,    0) (   0,    0) (   0,    0) (   0,    0) (   0,    0) (   0,    0)
          (   0,    0) (   0,    0) (   0,    0) (   0,    0) (   0,    0) (   0,    0) (   0,    0) (   0,    0) (   0,    0) (   0,    0)
          (   0,    0) (   0,    0) (   0,    0) (   0,    0) (   0,    0) (   0,    0) (   0,    0) (   0,    0) (   0,    0) (   0,    0)
          (   0,    0) (   0,    0) (   0,    0) (   0,    0) (   0,    0) (   0,    0) (   0,    0) (   0,    0) (   0,    0) (   0,    0)
          (   0,    0) (   0,    0) (   0,    0) (   0,    0) (   0,    0) (   0,    0) (   0,    0) (   0,    0) (   0,    0) (   0,    0)
          (   0,    0) (   0,    0) (   0,    0) (   0,    0) (   0,    0) (   0,    0) (   0,    0) (   0,    0) (   0,    0) (   0,    0)
          (   0,    0) (   0,    0) (   0,    0) (   0,    0) (   0,    0) (   0,    0) (   0,    0) (   0,    0) (   0,    0) (   0,    0)
          (   0,    0) (   0,    0) (   0,    0) (   0,    0) (   0,    0) (   0,    0) (   0,    0) (   0,    0) (   0,    0) (   0,    0)
          (   0,    0) (   0,    0) (   0,    0) (   0,    0) (   0,    0) (   0,    0) (   0,    0) (   0,    0) (   0,    0) (   0,    0)
          (   0,    0) (   0,    0) (   0,    0) (   0,    0) (   0,    0) (   0,    0) (   0,    0) (   0,    0) (   0,    0) (   0,    0)
          (   0,    0) (   0,    0) (   0,    0) (   0,    0) (   0,    0) (   0,    0) (   0,    0) (   0,    0) (   0,    0) (   0,    0)
          (   0,    0) (   0,    0) (   0,    0) (   0,    0) (   0,    0) (   0,    0) (   0,    0) (   0,    0) (   0,    0) (   0,    0)
          (   0,    0) (   0,    0) (   0,    0) (   0,    0) (   0,    0) (   0,    0) (   0,    0) (   0,    0) (   0,    0) (   0,    0)
          (   0,    0) (   0,    0) (   0,    0) (   0,    0) (   0,    0) (   0,    0) (   0,    0) (   0,    0) (   0,    0) (   0,    0)
          (   0,    0) (   0,    0) (   0,    0) (   0,    0) (   0,    0) (   0,    0) (   0,    0) (   0,    0) (   0,    0) (   0,    0)
          (   0,    0) (   0,    0) (   0,    0) (   0,    0) (   0,    0) (   0,    0) (   0,    0) (   0,    0) (   0,    0) (   0,    0)
          (   0,    0) (   0,    0) (   0,    0) (   0,    0) (   0,    0) (   0,    0) (   0,    0) (   0,    0) (   0,    0) (   0,    0)
          (   0,    0) (   0,    0) (   0,    0) (   0,    0) (   0,    0) (   0,    0) (   0,    0) (   0,    0) (   0,    0) (   0,    0)
          (   0,    0) (   0,    0) (   0,    0) (   0,    0) (   0,    0) (   0,    0) (   0,    0) (   0,    0) (   0,    0) (   0,    0)
          (   0,    0) (   0,    0) (   0,    0) (   0,    0) (   0,    0) (   0,    0) (   0,    0) (   0,    0) (   0,    0) (   0,    0)
          (   0,    0) (   0,    0) (   0,    0) (   0,    0) (   0,    0) (   0,    0) (   0,    0) (   0,    0) (   0,    0) (   0,    0)
          (   0,    0) (   0,    0) (   0,    0) (   0,    0) (   0,    0) (   0,    0) (   0,    0) (   0,    0) (   0,    0) (   0,    0)
          (   0,    0) (   0,    0) (   0,    0) (   0,    0) (   0,    0) (   0,    0) (   0,    0) (   0,    0) (   0,    0) (   0,    0)
          (   0,    0) (   0,    0) (   0,    0) (   0,    0) (   0,    0) (   0,    0) (   0,    0) (   0,    0) (   0,    0) (   0,    0)
          (   0,    0) (   0,    0) (   0,    0) (   0,    0) (   0,    0) (   0,    0) (   0,    0) (   0,    0) (   0,    0) (   0,    0)
          (   0,    0) (   0,    0) (   0,    0) (   0,    0) (   0,    0) (   0,    0) (   0,    0) (   0,    0) (   0,    0) (   0,    0)
         
node   8 sent_total    366  recv_total    341

node   9  (   0,    0) (   0,    0) (   1,    0) (   0,    0) (   2,    2) (   2,    0) (   2,    2) (   2,    1) (   2,    3) (   2,    2)
          (   2,    2) (   2,    0) (   2,    3) (   2,    2) (   2,    3) (   2,    1) (   2,    3) (   2,    2) (   2,    3) (   2,    3)
          (   2,    4) (   2,    1) (   2,    4) (   2,    3) (   2,    4) (   2,    2) (   2,    1) (   2,    3) (   2,    4) (   2,    3)
          (   2,    3) (   2,    0) (   2,    2) (   2,    1) (   2,    2) (   2,    1) (   2,    1) (   2,    1) (   2,    1) (   2,    0)
          (   2,    2) (   2,    1) (   2,    2) (   2,    2) (   2,    1) (   2,    3) (   2,    2) (   2,    3) (   2,    2) (   2,    4)
          (   2,    4) (   2,    0) (   1,    2) (   2,    1) (   2,    3) (   2,    0) (   2,    0) (   2,    2) (   1,    2) (   2,    1)
          (   2,    2) (   2,    1) (   2,    1) (   2,    3) (   2,    2) (   2,    2) (   2,    2) (   2,    2) (   2,    2) (   2,    3)
          (   1,    2) (   2,    1) (   2,    2) (   2,    2) (   1,    1) (   2,    0) (   2,    3) (   2,    2) (   2,    0) (   2,    1)
          (   1,    0) (   0,    0) (   2,    1) (   2,    1) (   2,    1) (   2,    3) (   2,    1) (   2,    2) (   1,    2) (   2,    5)
          (   1,    3) (   2,    0) (   2,    0) (   1,    4) (   2,    2) (   2,    2) (   2,    1) (   2,    0) (   2,    3) (   2,    3)
          (   2,    0) (   2,    3) (   2,    0) (   2,    2) (   1,    0) (   2,    2) (   2,    1) (   2,    1) (   2,    2) (   2,    1)
          (   2,    1) (   2,    1) (   2,    3) (   2,    2) (   2,    2) (   2,    2) (   1,    3) (   2,    1) (   2,    3) (   2,    1)
          (   2,    2) (   2,    0) (   2,    1) (   2,    1) (   2,    3) (   2,    0) (   2,    0) (   2,    2) (   2,    1) (   1,    4)
          (   2,    4) (   2,    1) (   2,    3) (   2,    3) (   2,    3) (   2,    3) (   2,    2) (   2,    2) (   2,    1) (   2,    1)
          (   2,    3) (   2,    2) (   2,    2) (   2,    1) (   2,    3) (   2,    1) (   1,    1) (   1,    2) (   2,    3) (   2,    4)
          (   2,    1) (   2,    0) (   2,    1) (   2,    1) (   2,    0) (   2,    1) (   2,    4) (   2,    3) (   1,    4) (   2,    0)
          (   2,    1) (   2,    0) (   2,    2) (   2,    2) (   2,    2) (   1,    2) (   1,    2) (   2,    1) (   2,    2) (   1,    3)
          (   2,    2) (   2,    1) (   2,    1) (   1,    0) (   2,    2) (   1,    2) (   2,    3) (   2,    4) (   2,    0) (   1,    1)
          (   2,    2) (   2,    0) (   1,    1) (   2,    1) (   2,    2) (   2,    5) (   2,    5) (   2,    1) (   2,    1) (   2,    1)
          (   2,    2) (   1,    2) (   1,    2) (   2,    3) (   1,    1) (   2,    3) (   2,    2) (   1,    3) (   2,    0) (   2,    1)
          (   2,    1) (   2,    4) (   2,    2) (   1,    2) (   2,    0) (   2,    1) (   2,    0) (   2,    1) (   2,    2) (   2,    1)
          (   2,    2) (   2,    3) (   2,    0) (   2,    2) (   2,    3) (   1,    4) (   2,    2) (   2,    2) (   2,    3) (   1,    3)
          (   2,    4) (   1,    2) (   2,    3) (   2,    2) (   1,    1) (   2,    2) (   2,    1) (   2,    3) (   2,    1) (   2,    1)
          (   1,    1) (   1,    3) (   2,    2) (   2,    5) (   1,    1) (   2,    1) (   2,    1) (   2,    1) (   2,    2) (   2,    4)
          (   2,    1) (   2,    0) (   2,    1) (   1,    3) (   2,    2) (   2,    3) (   2,    2) (   2,    2) (   1,    3) (   2,    2)
          (   2,    1) (   2,    0) (   2,    1) (   2,    3) (   2,    3) (   2,    2) (   1,    4) (   2,    1) (   2,    0) (   1,    3)
          (   2,    3) (   2,    0) (   2,    2) (   2,    2) (   2,    2) (   2,    1) (   2,    4) (   2,    1) (   2,    2) (   2,    1)
          (   2,    1) (   2,    2) (   2,    3) (   1,    2) (   1,    1) (   2,    0) (   2,    2) (   2,    0) (   2,    3) (   2,    0)
          (   1,    1) (   2,    1) (   1,    5) (   2,    2) (   2,    1) (   2,    3) (   2,    3) (   2,    1) (   2,    2) (   2,    0)
          (   2,    1) (   1,    0) (   2,    1) (   1,    3) (   2,    2) (   1,    1) (   2,    3) (   2,    1) (   1,    3) (   2,    2)
          (   2,    4) (   2,    1) (   2,    1) (   2,    3) (   2,    3) (   2,    2) (   2,    5) (   2,    1) (   2,    1) (   2,    0)
          (   2,    3) (   2,    1) (   2,    0) (   2,    0) (   2,    2) (   2,    0) (   2,    3) (   2,    2) (   2,    1) (   2,    1)
          (   2,    1) (   2,    4) (   2,    0) (   2,    2) (   2,    1) (   2,    4) (   2,    3) (   2,    0) (   2,    0) (   2,    4)
          (   2,    1) (   2,    0) (   2,    2) (   2,    2) (   2,    0) (   2,    1) (   2,    1) (   2,    4) (   2,    3) (   2,    1)
          (   2,    0) (   2,    4) (   2,    4) (   2,    3) (   2,    2) (   2,    2) (   2,    2) (   2,    4) (   2,    4) (   2,    3)
          (   2,    3) (   2,    2) (   2,    3) (   2,    2) (   2,    2) (   2,    1) (   2,    2) (   2,    3) (   2,    3) (   2,    1)
          (   2,    2) (   2,    2) (   2,    2) (   2,    4) (   2,    2) (   2,    3) (   2,    2) (   2,    0) (   2,    2) (   2,    3)
          (   2,    2) (   2,    0) (   2,    1) (   2,    3) (   2,    0) (   2,    3) (   2,    3) (   2,    3) (   2,    3) (   2,    5)
          (   2,    1) (   2,    0) (   2,    1) (   2,    1) (   2,    0) (   2,    1) (   2,    2) (   2,    2) (   2,    2) (   2,    4)
          (   2,    4) (   2,    2) (   2,    2) (   2,    4) (   2,    2) (   2,    1) (   2,    4) (   2,    2) (   2,    2) (   2,    3)
          (   2,    2) (   2,    0) (   2,    1) (   2,    2) (   2,    1) (   2,    1) (   2,    4) (   2,    1) (   2,    3) (   2,    3)
          (   2,    4) (   2,    3) (   2,    3) (   2,    3) (   2,    3) (   2,    1) (   2,    3) (   2,    1) (   2,    1) (   2,    1)
          (   2,    1) (   2,    3) (   2,    3) (   2,    2) (   2,    3) (   2,    2) (   2,    3) (   2,    3) (   2,    2) (   2,    2)
          (   2,    1) (   2,    3) (   2,    2) (   2,    1) (   2,    2) (   2,    1) (   2,    4) (   2,    3) (   2,    0) (   2,    1)
          (   2,    1) (   2,    4) (   2,    2) (   2,    2) (   2,    2) (   2,    0) (   2,    2) (   2,    2) (   2,    1) (   2,    4)
          (   2,    1) (   2,    3) (   2,    2) (   2,    2) (   2,    2) (   2,    2) (   2,    4) (   2,    1) (   2,    1) (   2,    2)
          (   2,    4) (   2,    3) (   2,    1) (   2,    3) (   2,    2) (   2,    1) (   2,    1) (   2,    1) (   2,    0) (   2,    2)
          (   2,    0) (   2,    0) (   2,    2) (   2,    4) (   2,    1) (   2,    0) (   2,    2) (   2,    2) (   2,    2) (   2,    2)
          (   2,    3) (   2,    2) (   2,    3) (   2,    1) (   2,    2) (   2,    2) (   2,    1) (   2,    1) (   2,    2) (   2,    1)
          (   2,    2) (   2,    2) (   2,    3) (   2,    2) (   2,    2) (   2,    0) (   2,    4) (   2,    0) (   2,    2) (   2,    0)
          (   2,    3) (   2,    4) (   2,    5) (   2,    1) (   2,    1) (   2,    1) (   2,    1) (   2,    3) (   2,    1) (   2,    2)
          (   2,    3) (   2,    1) (   2,    0) (   2,    4) (   2,    0) (   2,    0) (   2,    3) (   2,    1) (   2,    5) (   2,    2)
          (   2,    0) (   2,    1) (   2,    4) (   2,    2) (   2,    3) (   2,    2) (   2,    3) (   2,    1) (   2,    2) (   2,    0)
          (   2,    0) (   2,    2) (   2,    5) (   2,    1) (   2,    0) (   2,    1) (   2,    1) (   2,    0) (   2,    1) (   2,    2)
          (   2,    2) (   2,    2) (   2,    0) (   2,    1) (   2,    3) (   2,    1) (   2,    1) (   2,    4) (   2,    1) (   2,    2)
          (   2,    2) (   2,    2) (   2,    4) (   2,    4) (   2,    1) (   2,    3) (   2,    2) (   2,    1) (   2,    4) (   2,    2)
          (   2,    2) (   2,    1) (   2,    3) (   2,    4) (   2,    2) (   2,    5) (   2,    1) (   2,    2) (   2,    2) (   2,    2)
          (   2,    2) (   2,    1) (   2,    2) (   2,    2) (   2,    4) (   2,    2) (   2,    3) (   2,    2) (   2,    4) (   2,    1)
          (   2,    2) (   2,    4) (   2,    2) (   2,    2) (   2,    1) (   2,    0) (   2,    2) (   2,    1) (   2,    1) (   2,    2)
          (   2,    3) (   2,    3) (   2,    2) (   2,    2) (   2,    1) (   2,    2) (   2,    2) (   2,    2) (   2,    0) (   2,    1)
          (   2,    1) (   2,    0) (   2,    1) (   2,    2) (   2,    4) (   2,    1) (   2,    2) (   2,    2) (   2,    4) (   2,    2)
          (   2,    3) (   2,    2) (   2,    3) (   2,    2) (   2,    4) (   2,    4) (   2,    1) (   2,    1) (   2,    1) (   2,    2)
          (   2,    3) (   2,    2) (   2,    1) (   2,    3) (   2,    1) (   2,    1) (   2,    1) (   2,    4) (   2,    6) (   2,    4)
          (   2,    2) (   2,    1) (   2,    2) (   2,    3) (   2,    1) (   2,    3) (   2,    1) (   2,    3) (   2,    4) (   2,    1)
          (   2,    1) (   2,    2) (   2,    2) (   2,    1) (   2,    4) (   2,    1) (   2,    0) (   2,    1) (   2,    2) (   2,    1)
          (   2,    0) (   2,    1) (   2,    3) (   2,    1) (   2,    1) (   2,    1) (   2,    4) (   2,    2) (   2,    2) (   2,    1)
          (   2,    2) (   2,    0) (   2,    3) (   2,    3) (   2,    2) (   2,    0) (   2,    2) (   2,    2) (   2,    1) (   2,    3)
          (   2,    2) (   2,    1) (   2,    2) (   2,    2) (   2,    2) (   2,    2) (   2,    0) (   2,    2) (   2,    2) (   2,    1)
          (   2,    1) (   2,    2) (   2,    2) (   2,    1) (   2,    1) (   2,    5) (   2,    3) (   2,    1) (   2,    1) (   2,    2)
          (   2,    2) (   2,    1) (   2,    2) (   2,    2) (   2,    3) (   2,    1) (   2,    2) (   2,    1) (   2,    0) (   2,    1)
         
node   9 sent_total   1346  recv_total   1316

node  10  (   0,    0) (   0,    0) (   1,    0) (   0,    0) (   2,    1) (   2,    2) (   2,    1) (   2,    1) (   2,    0) (   2,    2)
          (   2,    5) (   2,    2) (   2,    1) (   2,    2) (   2,    2) (   2,    0) (   2,    2) (   2,    4) (   2,    1) (   2,    1)
          (   2,    1) (   2,    2) (   2,    2) (   2,    2) (   2,    1) (   2,    4) (   2,    2) (   2,    1) (   2,    2) (   2,    2)
          (   2,    0) (   2,    2) (   2,    1) (   2,    2) (   2,    1) (   2,    2) (   2,    1) (   2,    2) (   2,    1) (   2,    2)
          (   2,    2) (   2,    1) (   2,    3) (   2,    0) (   2,    2) (   2,    2) (   2,    2) (   2,    2) (   2,    1) (   2,    2)
          (   2,    1) (   2,    1) (   1,    2) (   0,    1) (   2,    1) (   1,    2) (   2,    2) (   2,    2) (   2,    1) (   2,    3)
          (   1,    2) (   2,    1) (   2,    1) (   2,    1) (   2,    0) (   2,    4) (   2,    1) (   2,    4) (   2,    2) (   2,    1)
          (   2,    0) (   2,    2) (   2,    1) (   2,    1) (   2,    1) (   1,    0) (   2,    1) (   2,    2) (   2,    4) (   2,    2)
          (   2,    3) (   2,    1) (   2,    0) (   2,    4) (   2,    2) (   2,    1) (   2,    0) (   1,    0) (   1,    1) (   2,    0)
          (   1,    3) (   2,    1) (   2,    2) (   2,    2) (   2,    3) (   2,    0) (   2,    4) (   1,    2) (   1,    2) (   2,    1)
          (   2,    2) (   2,    3) (   2,    1) (   1,    3) (   2,    3) (   2,    1) (   2,    1) (   1,    1) (   2,    3) (   2,    1)
          (   2,    0) (   2,    2) (   2,    2) (   2,    1) (   2,    4) (   2,    4) (   2,    0) (   1,    2) (   2,    5) (   2,    2)
          (   2,    1) (   2,    4) (   2,    3) (   1,    3) (   1,    3) (   1,    2) (   1,    4) (   2,    3) (   2,    2) (   2,    3)
          (   2,    3) (   2,    1) (   1,    1) (   1,    2) (   2,    2) (   1,    2) (   2,    2) (   2,    2) (   2,    0) (   2,    2)
          (   2,    1) (   2,    2) (   1,    0) (   2,    1) (   2,    1) (   2,    1) (   2,    0) (   2,    4) (   2,    0) (   1,    2)
          (   2,    2) (   2,    1) (   1,    1) (   1,    3) (   2,    2) (   1,    0) (   2,    2) (   2,    1) (   2,    3) (   2,    2)
          (   1,    2) (   2,    3) (   2,    3) (   2,    1) (   1,    3) (   2,    3) (   2,    3) (   2,    2) (   1,    1) (   1,    2)
          (   1,    4) (   1,    3) (   2,    2) (   2,    1) (   2,    1) (   2,    1) (   2,    3) (   1,    3) (   2,    3) (   2,    2)
          (   1,    1) (   2,    3) (   2,    3) (   2,    1) (   2,    0) (   1,    2) (   2,    2) (   2,    3) (   2,    1) (   2,    0)
          (   2,    3) (   1,    3) (   2,    1) (   2,    2) (   2,    2) (   1,    2) (   2,    1) (   2,    3) (   2,    1) (   2,    3)
          (   2,    2) (   1,    1) (   2,    1) (   2,    1) (   1,    2) (   2,    1) (   2,    2) (   2,    1) (   2,    0) (   2,    4)
          (   2,    0) (   0,    1) (   2,    3) (   2,    3) (   1,    3) (   2,    2) (   2,    3) (   2,    0) (   2,    1) (   1,    4)
          (   2,    1) (   2,    2) (   2,    1) (   2,    0) (   2,    3) (   2,    1) (   1,    1) (   2,    2) (   2,    3) (   2,    3)
          (   2,    1) (   2,    0) (   2,    1) (   2,    0) (   1,    1) (   2,    2) (   1,    1) (   1,    2) (   1,    1) (   2,    0)
          (   1,    0) (   2,    4) (   2,    2) (   2,    0) (   2,    3) (   2,    0) (   2,    1) (   1,    2) (   2,    4) (   2,    2)
          (   2,    1) (   2,    1) (   2,    1) (   2,    1) (   1,    1) (   2,    3) (   2,    3) (   2,    1) (   2,    4) (   2,    3)
          (   1,    1) (   2,    2) (   2,    1) (   2,    2) (   2,    2) (   1,    1) (   1,    1) (   2,    2) (   2,    2) (   1,    5)
          (   1,    2) (   2,    2) (   2,    0) (   2,    3) (   1,    1) (   2,    3) (   2,    2) (   2,    2) (   2,    1) (   2,    4)
          (   2,    1) (   2,    0) (   2,    1) (   1,    1) (   2,    0) (   2,    2) (   2,    2) (   2,    4) (   2,    1) (   2,    2)
          (   2,    2) (   2,    0) (   2,    1) (   1,    2) (   1,    0) (   2,    3) (   2,    1) (   2,    3) (   2,    2) (   2,    2)
          (   2,    1) (   2,    1) (   2,    1) (   2,    1) (   2,    0) (   2,    3) (   2,    0) (   2,    2) (   2,    3) (   2,    3)
          (   2,    2) (   2,    0) (   2,    3) (   2,    3) (   2,    2) (   2,    2) (   2,    1) (   2,    3) (   2,    3) (   2,    3)
          (   2,    3) (   2,    1) (   2,    2) (   2,    0) (   2,    2) (   2,    1) (   2,    2) (   2,    3) (   2,    2) (   2,    0)
          (   2,    2) (   2,    2) (   2,    1) (   2,    3) (   2,    5) (   2,    3) (   2,    0) (   2,    1) (   2,    1) (   2,    1)
          (   2,    4) (   2,    2) (   2,    2) (   2,    2) (   2,    3) (   2,    2) (   2,    2) (   2,    1) (   2,    3) (   2,    3)
          (   2,    3) (   2,    2) (   2,    2) (   2,    4) (   2,    3) (   2,    1) (   2,    1) (   2,    0) (   2,    1) (   2,    2)
          (   2,    1) (   2,    0) (   2,    0) (   2,    5) (   2,    2) (   2,    4) (   2,    2) (   2,    1) (   2,    0) (   2,    1)
          (   2,    2) (   2,    4) (   2,    2) (   2,    2) (   2,    0) (   2,    0) (   2,    0) (   2,    1) (   2,    4) (   2,    0)
          (   2,    2) (   2,    3) (   2,    2) (   2,    3) (   2,    4) (   2,    1) (   2,    1) (   2,    2) (   2,    2) (   2,    1)
          (   2,    2) (   2,    2) (   2,    5) (   2,    4) (   2,    2) (   2,    1) (   2,    1) (   2,    2) (   2,    1) (   2,    0)
          (   2,    5) (   2,    2) (   2,    1) (   2,    3) (   2,    1) (   2,    4) (   2,    2) (   2,    3) (   2,    2) (   2,    2)
          (   2,    2) (   2,    3) (   2,    2) (   2,    3) (   2,    2) (   2,    3) (   2,    2) (   2,    3) (   2,    0) (   2,    2)
          (   2,    1) (   2,    1) (   2,    1) (   2,    2) (   2,    0) (   2,    3) (   2,    4) (   2,    0) (   2,    2) (   2,    2)
          (   2,    1) (   2,    0) (   2,    0) (   2,    2) (   2,    3) (   2,    2) (   2,    2) (   2,    1) (   2,    3) (   2,    2)
          (   2,    4) (   2,    2) (   2,    1) (   2,    2) (   2,    3) (   2,    2) (   2,    2) (   2,    0) (   2,    2) (   2,    1)
          (   2,    3) (   2,    2) (   2,    3) (   2,    4) (   2,    1) (   2,    4) (   2,    2) (   2,    6) (   2,    1) (   2,    4)
          (   2,    0) (   2,    1) (   2,    5) (   2,    2) (   2,    3) (   2,    2) (   2,    1) (   2,    3) (   2,    3) (   2,    2)
          (   2,    2) (   2,    2) (   2,    2) (   2,    1) (   2,    0) (   2,    2) (   2,    4) (   2,    1) (   2,    2) (   2,    2)
          (   2,    3) (   2,    5) (   2,    1) (   2,    3) (   2,    0) (   2,    1) (   2,    3) (   2,    1) (   2,    2) (   2,    1)
          (   2,    2) (   2,    1) (   2,    3) (   2,    1) (   2,    7) (   2,    2) (   2,    1) (   2,    3) (   2,    3) (   2,    2)
          (   2,    1) (   2,    1) (   2,    1) (   2,    1) (   2,    2) (   2,    2) (   2,    4) (   2,    2) (   2,    1) (   2,    1)
          (   2,    3) (   2,    1) (   2,    4) (   2,    2) (   2,    2) (   2,    2) (   2,    1) (   2,    5) (   2,    3) (   2,    2)
          (   2,    3) (   2,    2) (   2,    0) (   2,    0) (   2,    1) (   2,    2) (   2,    3) (   2,    2) (   2,    1) (   2,    1)
          (   2,    3) (   2,    4) (   2,    1) (   2,    2) (   2,    2) (   2,    2) (   2,    4) (   2,    3) (   2,    5) (   2,    3)
          (   2,    2) (   2,    1) (   2,    1) (   2,    2) (   2,    1) (   2,    2) (   2,    1) (   2,    2) (   2,    5) (   2,    1)
          (   2,    1) (   2,    3) (   2,    4) (   2,    0) (   2,    2) (   2,    2) (   2,    2) (   2,    2) (   2,    2) (   2,    2)
          (   2,    5) (   2,    2) (   2,    1) (   2,    1) (   2,    2) (   2,    3) (   2,    2) (   2,    3) (   2,    1) (   2,    1)
          (   2,    2) (   2,    2) (   2,    2) (   2,    4) (   2,    2) (   2,    1) (   2,    2) (   2,    1) (   2,    0) (   2,    2)
          (   2,    0) (   2,    0) (   2,    2) (   2,    3) (   2,    1) (   2,    1) (   2,    1) (   2,    0) (   2,    3) (   2,    2)
          (   2,    2) (   2,    3) (   2,    0) (   2,    2) (   2,    5) (   2,    0) (   2,    0) (   2,    1) (   2,    3) (   2,    1)
          (   2,    1) (   2,    0) (   2,    3) (   2,    2) (   2,    1) (   2,    2) (   2,    0) (   2,    1) (   2,    1) (   2,    5)
          (   2,    1) (   2,    2) (   2,    2) (   2,    3) (   2,    1) (   2,    2) (   2,    3) (   2,    3) (   2,    2) (   2,    1)
          (   2,    2) (   2,    2) (   2,    4) (   2,    1) (   2,    3) (   2,    3) (   2,    3) (   2,    3) (   2,    1) (   2,    3)
          (   2,    2) (   2,    1) (   2,    1) (   2,    2) (   2,    1) (   2,    0) (   2,    2) (   2,    3) (   2,    3) (   2,    2)
          (   2,    2) (   2,    3) (   2,    1) (   2,    4) (   2,    2) (   2,    2) (   2,    3) (   2,    2) (   2,    3) (   2,    5)
          (   2,    1) (   2,    1) (   2,    2) (   2,    2) (   2,    3) (   2,    2) (   2,    4) (   2,    3) (   2,    3) (   2,    1)
          (   2,    4) (   2,    0) (   2,    2) (   2,    3) (   2,    0) (   2,    3) (   2,    2) (   2,    1) (   2,    1) (   2,    0)
          (   2,    1) (   2,    2) (   2,    3) (   2,    4) (   2,    2) (   2,    1) (   2,    3) (   2,    1) (   2,    4) (   2,    2)
          (   2,    3) (   2,    2) (   2,    1) (   2,    2) (   2,    1) (   2,    3) (   2,    2) (   2,    2) (   2,    2) (   2,    1)
          (   2,    4) (   2,    4) (   2,    0) (   2,    0) (   2,    2) (   2,    3) (   2,    4) (   2,    0) (   2,    2) (   2,    1)
         
node  10 sent_total   1333  recv_total   1318

